{
  "C:/Users/alexs/Desktop/studying/rsschool/React/rs-react-disney/disney-app/src/containers/Footer.tsx": {
    "path": "C:/Users/alexs/Desktop/studying/rsschool/React/rs-react-disney/disney-app/src/containers/Footer.tsx",
    "statementMap": {
      "0": {
        "start": {
          "line": 5,
          "column": 0
        },
        "end": {
          "line": 15,
          "column": 1
        }
      },
      "1": {
        "start": {
          "line": 6,
          "column": 2
        },
        "end": {
          "line": 8,
          "column": 3
        }
      },
      "2": {
        "start": {
          "line": 7,
          "column": 4
        },
        "end": {
          "line": 7,
          "column": 165
        }
      },
      "3": {
        "start": {
          "line": 9,
          "column": 2
        },
        "end": {
          "line": 9,
          "column": 39
        }
      },
      "4": {
        "start": {
          "line": 10,
          "column": 2
        },
        "end": {
          "line": 10,
          "column": 39
        }
      },
      "5": {
        "start": {
          "line": 11,
          "column": 2
        },
        "end": {
          "line": 13,
          "column": 4
        }
      },
      "6": {
        "start": {
          "line": 12,
          "column": 4
        },
        "end": {
          "line": 12,
          "column": 143
        }
      },
      "7": {
        "start": {
          "line": 14,
          "column": 2
        },
        "end": {
          "line": 14,
          "column": 75
        }
      },
      "8": {
        "start": {
          "line": 17,
          "column": 21
        },
        "end": {
          "line": 37,
          "column": 1
        }
      },
      "9": {
        "start": {
          "line": 38,
          "column": 0
        },
        "end": {
          "line": 38,
          "column": 18
        }
      },
      "10": {
        "start": {
          "line": 39,
          "column": 15
        },
        "end": {
          "line": 65,
          "column": 1
        }
      },
      "11": {
        "start": {
          "line": 40,
          "column": 2
        },
        "end": {
          "line": 64,
          "column": 11
        }
      },
      "12": {
        "start": {
          "line": 66,
          "column": 0
        },
        "end": {
          "line": 66,
          "column": 13
        }
      },
      "13": {
        "start": {
          "line": 69,
          "column": 0
        },
        "end": {
          "line": 69,
          "column": 33
        }
      },
      "14": {
        "start": {
          "line": 70,
          "column": 0
        },
        "end": {
          "line": 70,
          "column": 28
        }
      },
      "15": {
        "start": {
          "line": 71,
          "column": 0
        },
        "end": {
          "line": 87,
          "column": 1
        }
      },
      "16": {
        "start": {
          "line": 72,
          "column": 2
        },
        "end": {
          "line": 72,
          "column": 39
        }
      },
      "17": {
        "start": {
          "line": 73,
          "column": 2
        },
        "end": {
          "line": 73,
          "column": 39
        }
      },
      "18": {
        "start": {
          "line": 74,
          "column": 2
        },
        "end": {
          "line": 86,
          "column": 5
        }
      },
      "19": {
        "start": {
          "line": 78,
          "column": 4
        },
        "end": {
          "line": 78,
          "column": 169
        }
      },
      "20": {
        "start": {
          "line": 79,
          "column": 4
        },
        "end": {
          "line": 85,
          "column": 7
        }
      },
      "21": {
        "start": {
          "line": 80,
          "column": 6
        },
        "end": {
          "line": 81,
          "column": 15
        }
      },
      "22": {
        "start": {
          "line": 81,
          "column": 8
        },
        "end": {
          "line": 81,
          "column": 15
        }
      },
      "23": {
        "start": {
          "line": 82,
          "column": 32
        },
        "end": {
          "line": 82,
          "column": 115
        }
      },
      "24": {
        "start": {
          "line": 83,
          "column": 6
        },
        "end": {
          "line": 84,
          "column": 54
        }
      },
      "25": {
        "start": {
          "line": 84,
          "column": 8
        },
        "end": {
          "line": 84,
          "column": 54
        }
      }
    },
    "fnMap": {
      "0": {
        "name": "(anonymous_0)",
        "decl": {
          "start": {
            "line": 11,
            "column": 24
          },
          "end": {
            "line": 11,
            "column": 25
          }
        },
        "loc": {
          "start": {
            "line": 11,
            "column": 38
          },
          "end": {
            "line": 13,
            "column": 3
          }
        },
        "line": 11
      },
      "1": {
        "name": "(anonymous_1)",
        "decl": {
          "start": {
            "line": 39,
            "column": 15
          },
          "end": {
            "line": 39,
            "column": 16
          }
        },
        "loc": {
          "start": {
            "line": 39,
            "column": 21
          },
          "end": {
            "line": 65,
            "column": 1
          }
        },
        "line": 39
      },
      "2": {
        "name": "(anonymous_2)",
        "decl": {
          "start": {
            "line": 77,
            "column": 9
          },
          "end": {
            "line": 77,
            "column": 10
          }
        },
        "loc": {
          "start": {
            "line": 77,
            "column": 29
          },
          "end": {
            "line": 86,
            "column": 3
          }
        },
        "line": 77
      },
      "3": {
        "name": "(anonymous_3)",
        "decl": {
          "start": {
            "line": 79,
            "column": 27
          },
          "end": {
            "line": 79,
            "column": 28
          }
        },
        "loc": {
          "start": {
            "line": 79,
            "column": 44
          },
          "end": {
            "line": 85,
            "column": 5
          }
        },
        "line": 79
      }
    },
    "branchMap": {
      "0": {
        "loc": {
          "start": {
            "line": 5,
            "column": 0
          },
          "end": {
            "line": 15,
            "column": 1
          }
        },
        "type": "if",
        "locations": [
          {
            "start": {
              "line": 5,
              "column": 0
            },
            "end": {
              "line": 15,
              "column": 1
            }
          },
          {
            "start": {},
            "end": {}
          }
        ],
        "line": 5
      },
      "1": {
        "loc": {
          "start": {
            "line": 6,
            "column": 2
          },
          "end": {
            "line": 8,
            "column": 3
          }
        },
        "type": "if",
        "locations": [
          {
            "start": {
              "line": 6,
              "column": 2
            },
            "end": {
              "line": 8,
              "column": 3
            }
          },
          {
            "start": {},
            "end": {}
          }
        ],
        "line": 6
      },
      "2": {
        "loc": {
          "start": {
            "line": 71,
            "column": 0
          },
          "end": {
            "line": 87,
            "column": 1
          }
        },
        "type": "if",
        "locations": [
          {
            "start": {
              "line": 71,
              "column": 0
            },
            "end": {
              "line": 87,
              "column": 1
            }
          },
          {
            "start": {},
            "end": {}
          }
        ],
        "line": 71
      },
      "3": {
        "loc": {
          "start": {
            "line": 80,
            "column": 6
          },
          "end": {
            "line": 81,
            "column": 15
          }
        },
        "type": "if",
        "locations": [
          {
            "start": {
              "line": 80,
              "column": 6
            },
            "end": {
              "line": 81,
              "column": 15
            }
          },
          {
            "start": {},
            "end": {}
          }
        ],
        "line": 80
      },
      "4": {
        "loc": {
          "start": {
            "line": 83,
            "column": 6
          },
          "end": {
            "line": 84,
            "column": 54
          }
        },
        "type": "if",
        "locations": [
          {
            "start": {
              "line": 83,
              "column": 6
            },
            "end": {
              "line": 84,
              "column": 54
            }
          },
          {
            "start": {},
            "end": {}
          }
        ],
        "line": 83
      }
    },
    "s": {
      "0": 88,
      "1": 88,
      "2": 0,
      "3": 88,
      "4": 88,
      "5": 88,
      "6": 176,
      "7": 88,
      "8": 88,
      "9": 88,
      "10": 88,
      "11": 176,
      "12": 88,
      "13": 88,
      "14": 88,
      "15": 88,
      "16": 88,
      "17": 88,
      "18": 88,
      "19": 57,
      "20": 57,
      "21": 0,
      "22": 0,
      "23": 0,
      "24": 0,
      "25": 0
    },
    "f": {
      "0": 176,
      "1": 176,
      "2": 57,
      "3": 0
    },
    "b": {
      "0": [
        88,
        0
      ],
      "1": [
        0,
        88
      ],
      "2": [
        88,
        0
      ],
      "3": [
        0,
        0
      ],
      "4": [
        0,
        0
      ]
    },
    "inputSourceMap": {
      "version": 3,
      "mappings": "AA4BQ;AA5BR,OAAOA,oBAAY;AAAiB;AAAA;AAAA;AAAA;AAAA;AAAA;AAAA;AAAA;AAAA;AAAA;AAAA;AAAA;AAAA;AAAA;AAEpC,MAAMC,eAAeD,OAAOE;AAAAA;AAAAA;AAAAA;AAAAA;AAAAA;AAAAA;AAAAA;AAAAA;AAAAA;AAAAA;AAAAA;AAAAA;AAAAA;AAAAA;AAAAA;AAAAA;AAAAA;AAAAA;AAAAA;AAAAA;AAoB1BC,KApBIF;AAsBN,MAAMG,SAASA,MAAM;AACnB,SACE,uBAAC,gBAAa,eAAY,UACxB;AAAA,2BAAC,OAAE,MAAK,8BAA6B,QAAO,UAAS,KAAI,cACvD,iCAAC,SAAI,KAAI,6CAA4C,KAAI,oBAAzD;AAAA;AAAA;AAAA;AAAA,WAAyE,KAD3E;AAAA;AAAA;AAAA;AAAA,WAEA;AAAA,IACA,uBAAC,OAAE,MAAK,qCAAoC,QAAO,UAAS,KAAI,cAAY,mCAA5E;AAAA;AAAA;AAAA;AAAA,WAEA;AAAA,IACA,uBAAC,OAAE,oBAAH;AAAA;AAAA;AAAA;AAAA,WAAO;AAAA,OAPT;AAAA;AAAA;AAAA;AAAA,SAQA;AAEJ;AAAEC,MAZID;AAcN,eAAeA;AAAO,IAAAD,IAAAE;AAAAC,aAAAH,IAAA;AAAAG,aAAAD,KAAA",
      "names": [
        "styled",
        "StyledFooter",
        "div",
        "_c",
        "Footer",
        "_c2",
        "$RefreshReg$"
      ],
      "sources": [
        "C:/Users/alexs/Desktop/studying/rsschool/React/rs-react-disney/disney-app/src/containers/Footer.tsx"
      ],
      "file": "C:/Users/alexs/Desktop/studying/rsschool/React/rs-react-disney/disney-app/src/containers/Footer.tsx"
    },
    "_coverageSchema": "1a1c01bbd47fc00a2c39e90264f33305004495a9",
    "hash": "f0f09711307cb1b4e9c8bdfd60bc558fa58241c9"
  },
  "C:/Users/alexs/Desktop/studying/rsschool/React/rs-react-disney/disney-app/src/components/Navbar.tsx": {
    "path": "C:/Users/alexs/Desktop/studying/rsschool/React/rs-react-disney/disney-app/src/components/Navbar.tsx",
    "statementMap": {
      "0": {
        "start": {
          "line": 5,
          "column": 0
        },
        "end": {
          "line": 15,
          "column": 1
        }
      },
      "1": {
        "start": {
          "line": 6,
          "column": 2
        },
        "end": {
          "line": 8,
          "column": 3
        }
      },
      "2": {
        "start": {
          "line": 7,
          "column": 4
        },
        "end": {
          "line": 7,
          "column": 165
        }
      },
      "3": {
        "start": {
          "line": 9,
          "column": 2
        },
        "end": {
          "line": 9,
          "column": 39
        }
      },
      "4": {
        "start": {
          "line": 10,
          "column": 2
        },
        "end": {
          "line": 10,
          "column": 39
        }
      },
      "5": {
        "start": {
          "line": 11,
          "column": 2
        },
        "end": {
          "line": 13,
          "column": 4
        }
      },
      "6": {
        "start": {
          "line": 12,
          "column": 4
        },
        "end": {
          "line": 12,
          "column": 143
        }
      },
      "7": {
        "start": {
          "line": 14,
          "column": 2
        },
        "end": {
          "line": 14,
          "column": 75
        }
      },
      "8": {
        "start": {
          "line": 18,
          "column": 18
        },
        "end": {
          "line": 40,
          "column": 1
        }
      },
      "9": {
        "start": {
          "line": 41,
          "column": 0
        },
        "end": {
          "line": 41,
          "column": 15
        }
      },
      "10": {
        "start": {
          "line": 42,
          "column": 15
        },
        "end": {
          "line": 80,
          "column": 1
        }
      },
      "11": {
        "start": {
          "line": 43,
          "column": 2
        },
        "end": {
          "line": 79,
          "column": 11
        }
      },
      "12": {
        "start": {
          "line": 81,
          "column": 0
        },
        "end": {
          "line": 81,
          "column": 13
        }
      },
      "13": {
        "start": {
          "line": 84,
          "column": 0
        },
        "end": {
          "line": 84,
          "column": 30
        }
      },
      "14": {
        "start": {
          "line": 85,
          "column": 0
        },
        "end": {
          "line": 85,
          "column": 28
        }
      },
      "15": {
        "start": {
          "line": 86,
          "column": 0
        },
        "end": {
          "line": 102,
          "column": 1
        }
      },
      "16": {
        "start": {
          "line": 87,
          "column": 2
        },
        "end": {
          "line": 87,
          "column": 39
        }
      },
      "17": {
        "start": {
          "line": 88,
          "column": 2
        },
        "end": {
          "line": 88,
          "column": 39
        }
      },
      "18": {
        "start": {
          "line": 89,
          "column": 2
        },
        "end": {
          "line": 101,
          "column": 5
        }
      },
      "19": {
        "start": {
          "line": 93,
          "column": 4
        },
        "end": {
          "line": 93,
          "column": 169
        }
      },
      "20": {
        "start": {
          "line": 94,
          "column": 4
        },
        "end": {
          "line": 100,
          "column": 7
        }
      },
      "21": {
        "start": {
          "line": 95,
          "column": 6
        },
        "end": {
          "line": 96,
          "column": 15
        }
      },
      "22": {
        "start": {
          "line": 96,
          "column": 8
        },
        "end": {
          "line": 96,
          "column": 15
        }
      },
      "23": {
        "start": {
          "line": 97,
          "column": 32
        },
        "end": {
          "line": 97,
          "column": 115
        }
      },
      "24": {
        "start": {
          "line": 98,
          "column": 6
        },
        "end": {
          "line": 99,
          "column": 54
        }
      },
      "25": {
        "start": {
          "line": 99,
          "column": 8
        },
        "end": {
          "line": 99,
          "column": 54
        }
      }
    },
    "fnMap": {
      "0": {
        "name": "(anonymous_0)",
        "decl": {
          "start": {
            "line": 11,
            "column": 24
          },
          "end": {
            "line": 11,
            "column": 25
          }
        },
        "loc": {
          "start": {
            "line": 11,
            "column": 38
          },
          "end": {
            "line": 13,
            "column": 3
          }
        },
        "line": 11
      },
      "1": {
        "name": "(anonymous_1)",
        "decl": {
          "start": {
            "line": 42,
            "column": 15
          },
          "end": {
            "line": 42,
            "column": 16
          }
        },
        "loc": {
          "start": {
            "line": 42,
            "column": 21
          },
          "end": {
            "line": 80,
            "column": 1
          }
        },
        "line": 42
      },
      "2": {
        "name": "(anonymous_2)",
        "decl": {
          "start": {
            "line": 92,
            "column": 9
          },
          "end": {
            "line": 92,
            "column": 10
          }
        },
        "loc": {
          "start": {
            "line": 92,
            "column": 29
          },
          "end": {
            "line": 101,
            "column": 3
          }
        },
        "line": 92
      },
      "3": {
        "name": "(anonymous_3)",
        "decl": {
          "start": {
            "line": 94,
            "column": 27
          },
          "end": {
            "line": 94,
            "column": 28
          }
        },
        "loc": {
          "start": {
            "line": 94,
            "column": 44
          },
          "end": {
            "line": 100,
            "column": 5
          }
        },
        "line": 94
      }
    },
    "branchMap": {
      "0": {
        "loc": {
          "start": {
            "line": 5,
            "column": 0
          },
          "end": {
            "line": 15,
            "column": 1
          }
        },
        "type": "if",
        "locations": [
          {
            "start": {
              "line": 5,
              "column": 0
            },
            "end": {
              "line": 15,
              "column": 1
            }
          },
          {
            "start": {},
            "end": {}
          }
        ],
        "line": 5
      },
      "1": {
        "loc": {
          "start": {
            "line": 6,
            "column": 2
          },
          "end": {
            "line": 8,
            "column": 3
          }
        },
        "type": "if",
        "locations": [
          {
            "start": {
              "line": 6,
              "column": 2
            },
            "end": {
              "line": 8,
              "column": 3
            }
          },
          {
            "start": {},
            "end": {}
          }
        ],
        "line": 6
      },
      "2": {
        "loc": {
          "start": {
            "line": 86,
            "column": 0
          },
          "end": {
            "line": 102,
            "column": 1
          }
        },
        "type": "if",
        "locations": [
          {
            "start": {
              "line": 86,
              "column": 0
            },
            "end": {
              "line": 102,
              "column": 1
            }
          },
          {
            "start": {},
            "end": {}
          }
        ],
        "line": 86
      },
      "3": {
        "loc": {
          "start": {
            "line": 95,
            "column": 6
          },
          "end": {
            "line": 96,
            "column": 15
          }
        },
        "type": "if",
        "locations": [
          {
            "start": {
              "line": 95,
              "column": 6
            },
            "end": {
              "line": 96,
              "column": 15
            }
          },
          {
            "start": {},
            "end": {}
          }
        ],
        "line": 95
      },
      "4": {
        "loc": {
          "start": {
            "line": 98,
            "column": 6
          },
          "end": {
            "line": 99,
            "column": 54
          }
        },
        "type": "if",
        "locations": [
          {
            "start": {
              "line": 98,
              "column": 6
            },
            "end": {
              "line": 99,
              "column": 54
            }
          },
          {
            "start": {},
            "end": {}
          }
        ],
        "line": 98
      }
    },
    "s": {
      "0": 88,
      "1": 88,
      "2": 0,
      "3": 88,
      "4": 88,
      "5": 88,
      "6": 176,
      "7": 88,
      "8": 88,
      "9": 88,
      "10": 88,
      "11": 176,
      "12": 88,
      "13": 88,
      "14": 88,
      "15": 88,
      "16": 88,
      "17": 88,
      "18": 88,
      "19": 57,
      "20": 57,
      "21": 0,
      "22": 0,
      "23": 0,
      "24": 0,
      "25": 0
    },
    "f": {
      "0": 176,
      "1": 176,
      "2": 57,
      "3": 0
    },
    "b": {
      "0": [
        88,
        0
      ],
      "1": [
        0,
        88
      ],
      "2": [
        88,
        0
      ],
      "3": [
        0,
        0
      ],
      "4": [
        0,
        0
      ]
    },
    "inputSourceMap": {
      "version": 3,
      "mappings": "AAgCU;AAhCV,OAAOA,oBAAY;AAAiB;AAAA;AAAA;AAAA;AAAA;AAAA;AAAA;AAAA;AAAA;AAAA;AAAA;AAAA;AAAA;AAAA;AACpC,SAASC,YAAY;AAErB,MAAMC,YAAYF,OAAOG;AAAAA;AAAAA;AAAAA;AAAAA;AAAAA;AAAAA;AAAAA;AAAAA;AAAAA;AAAAA;AAAAA;AAAAA;AAAAA;AAAAA;AAAAA;AAAAA;AAAAA;AAAAA;AAAAA;AAAAA;AAAAA;AAAAA;AAsBvBC,KAtBIF;AAwBN,MAAMG,SAASA,MAAM;AACnB,SACE,uBAAC,aAAU,eAAY,UACrB,iCAAC,QACC;AAAA,2BAAC,QACC,iCAAC,QAAK,IAAG,KAAI,oBAAb;AAAA;AAAA;AAAA;AAAA,WAAiB,KADnB;AAAA;AAAA;AAAA;AAAA,WAEA;AAAA,IACA,uBAAC,QACC,iCAAC,QAAK,IAAG,UAAS,qBAAlB;AAAA;AAAA;AAAA;AAAA,WAAuB,KADzB;AAAA;AAAA;AAAA;AAAA,WAEA;AAAA,IACA,uBAAC,QACC,iCAAC,QAAK,IAAG,SAAQ,oBAAjB;AAAA;AAAA;AAAA;AAAA,WAAqB,KADvB;AAAA;AAAA;AAAA;AAAA,WAEA;AAAA,OATF;AAAA;AAAA;AAAA;AAAA,SAUA,KAXF;AAAA;AAAA;AAAA;AAAA,SAYA;AAEJ;AAAEC,MAhBID;AAiBN,eAAeA;AAAO,IAAAD,IAAAE;AAAAC,aAAAH,IAAA;AAAAG,aAAAD,KAAA",
      "names": [
        "styled",
        "Link",
        "StyledNav",
        "nav",
        "_c",
        "Navbar",
        "_c2",
        "$RefreshReg$"
      ],
      "sources": [
        "C:/Users/alexs/Desktop/studying/rsschool/React/rs-react-disney/disney-app/src/components/Navbar.tsx"
      ],
      "file": "C:/Users/alexs/Desktop/studying/rsschool/React/rs-react-disney/disney-app/src/components/Navbar.tsx"
    },
    "_coverageSchema": "1a1c01bbd47fc00a2c39e90264f33305004495a9",
    "hash": "35d3dfab49f242e4b6384e567098cc2c3e670ffd"
  },
  "C:/Users/alexs/Desktop/studying/rsschool/React/rs-react-disney/disney-app/src/containers/Header.tsx": {
    "path": "C:/Users/alexs/Desktop/studying/rsschool/React/rs-react-disney/disney-app/src/containers/Header.tsx",
    "statementMap": {
      "0": {
        "start": {
          "line": 5,
          "column": 0
        },
        "end": {
          "line": 15,
          "column": 1
        }
      },
      "1": {
        "start": {
          "line": 6,
          "column": 2
        },
        "end": {
          "line": 8,
          "column": 3
        }
      },
      "2": {
        "start": {
          "line": 7,
          "column": 4
        },
        "end": {
          "line": 7,
          "column": 165
        }
      },
      "3": {
        "start": {
          "line": 9,
          "column": 2
        },
        "end": {
          "line": 9,
          "column": 39
        }
      },
      "4": {
        "start": {
          "line": 10,
          "column": 2
        },
        "end": {
          "line": 10,
          "column": 39
        }
      },
      "5": {
        "start": {
          "line": 11,
          "column": 2
        },
        "end": {
          "line": 13,
          "column": 4
        }
      },
      "6": {
        "start": {
          "line": 12,
          "column": 4
        },
        "end": {
          "line": 12,
          "column": 143
        }
      },
      "7": {
        "start": {
          "line": 14,
          "column": 2
        },
        "end": {
          "line": 14,
          "column": 75
        }
      },
      "8": {
        "start": {
          "line": 18,
          "column": 21
        },
        "end": {
          "line": 28,
          "column": 1
        }
      },
      "9": {
        "start": {
          "line": 29,
          "column": 0
        },
        "end": {
          "line": 29,
          "column": 18
        }
      },
      "10": {
        "start": {
          "line": 30,
          "column": 15
        },
        "end": {
          "line": 47,
          "column": 1
        }
      },
      "11": {
        "start": {
          "line": 31,
          "column": 2
        },
        "end": {
          "line": 46,
          "column": 11
        }
      },
      "12": {
        "start": {
          "line": 48,
          "column": 0
        },
        "end": {
          "line": 48,
          "column": 13
        }
      },
      "13": {
        "start": {
          "line": 51,
          "column": 0
        },
        "end": {
          "line": 51,
          "column": 33
        }
      },
      "14": {
        "start": {
          "line": 52,
          "column": 0
        },
        "end": {
          "line": 52,
          "column": 28
        }
      },
      "15": {
        "start": {
          "line": 53,
          "column": 0
        },
        "end": {
          "line": 69,
          "column": 1
        }
      },
      "16": {
        "start": {
          "line": 54,
          "column": 2
        },
        "end": {
          "line": 54,
          "column": 39
        }
      },
      "17": {
        "start": {
          "line": 55,
          "column": 2
        },
        "end": {
          "line": 55,
          "column": 39
        }
      },
      "18": {
        "start": {
          "line": 56,
          "column": 2
        },
        "end": {
          "line": 68,
          "column": 5
        }
      },
      "19": {
        "start": {
          "line": 60,
          "column": 4
        },
        "end": {
          "line": 60,
          "column": 169
        }
      },
      "20": {
        "start": {
          "line": 61,
          "column": 4
        },
        "end": {
          "line": 67,
          "column": 7
        }
      },
      "21": {
        "start": {
          "line": 62,
          "column": 6
        },
        "end": {
          "line": 63,
          "column": 15
        }
      },
      "22": {
        "start": {
          "line": 63,
          "column": 8
        },
        "end": {
          "line": 63,
          "column": 15
        }
      },
      "23": {
        "start": {
          "line": 64,
          "column": 32
        },
        "end": {
          "line": 64,
          "column": 115
        }
      },
      "24": {
        "start": {
          "line": 65,
          "column": 6
        },
        "end": {
          "line": 66,
          "column": 54
        }
      },
      "25": {
        "start": {
          "line": 66,
          "column": 8
        },
        "end": {
          "line": 66,
          "column": 54
        }
      }
    },
    "fnMap": {
      "0": {
        "name": "(anonymous_0)",
        "decl": {
          "start": {
            "line": 11,
            "column": 24
          },
          "end": {
            "line": 11,
            "column": 25
          }
        },
        "loc": {
          "start": {
            "line": 11,
            "column": 38
          },
          "end": {
            "line": 13,
            "column": 3
          }
        },
        "line": 11
      },
      "1": {
        "name": "(anonymous_1)",
        "decl": {
          "start": {
            "line": 30,
            "column": 15
          },
          "end": {
            "line": 30,
            "column": 16
          }
        },
        "loc": {
          "start": {
            "line": 30,
            "column": 21
          },
          "end": {
            "line": 47,
            "column": 1
          }
        },
        "line": 30
      },
      "2": {
        "name": "(anonymous_2)",
        "decl": {
          "start": {
            "line": 59,
            "column": 9
          },
          "end": {
            "line": 59,
            "column": 10
          }
        },
        "loc": {
          "start": {
            "line": 59,
            "column": 29
          },
          "end": {
            "line": 68,
            "column": 3
          }
        },
        "line": 59
      },
      "3": {
        "name": "(anonymous_3)",
        "decl": {
          "start": {
            "line": 61,
            "column": 27
          },
          "end": {
            "line": 61,
            "column": 28
          }
        },
        "loc": {
          "start": {
            "line": 61,
            "column": 44
          },
          "end": {
            "line": 67,
            "column": 5
          }
        },
        "line": 61
      }
    },
    "branchMap": {
      "0": {
        "loc": {
          "start": {
            "line": 5,
            "column": 0
          },
          "end": {
            "line": 15,
            "column": 1
          }
        },
        "type": "if",
        "locations": [
          {
            "start": {
              "line": 5,
              "column": 0
            },
            "end": {
              "line": 15,
              "column": 1
            }
          },
          {
            "start": {},
            "end": {}
          }
        ],
        "line": 5
      },
      "1": {
        "loc": {
          "start": {
            "line": 6,
            "column": 2
          },
          "end": {
            "line": 8,
            "column": 3
          }
        },
        "type": "if",
        "locations": [
          {
            "start": {
              "line": 6,
              "column": 2
            },
            "end": {
              "line": 8,
              "column": 3
            }
          },
          {
            "start": {},
            "end": {}
          }
        ],
        "line": 6
      },
      "2": {
        "loc": {
          "start": {
            "line": 53,
            "column": 0
          },
          "end": {
            "line": 69,
            "column": 1
          }
        },
        "type": "if",
        "locations": [
          {
            "start": {
              "line": 53,
              "column": 0
            },
            "end": {
              "line": 69,
              "column": 1
            }
          },
          {
            "start": {},
            "end": {}
          }
        ],
        "line": 53
      },
      "3": {
        "loc": {
          "start": {
            "line": 62,
            "column": 6
          },
          "end": {
            "line": 63,
            "column": 15
          }
        },
        "type": "if",
        "locations": [
          {
            "start": {
              "line": 62,
              "column": 6
            },
            "end": {
              "line": 63,
              "column": 15
            }
          },
          {
            "start": {},
            "end": {}
          }
        ],
        "line": 62
      },
      "4": {
        "loc": {
          "start": {
            "line": 65,
            "column": 6
          },
          "end": {
            "line": 66,
            "column": 54
          }
        },
        "type": "if",
        "locations": [
          {
            "start": {
              "line": 65,
              "column": 6
            },
            "end": {
              "line": 66,
              "column": 54
            }
          },
          {
            "start": {},
            "end": {}
          }
        ],
        "line": 65
      }
    },
    "s": {
      "0": 88,
      "1": 88,
      "2": 0,
      "3": 88,
      "4": 88,
      "5": 88,
      "6": 176,
      "7": 88,
      "8": 88,
      "9": 88,
      "10": 88,
      "11": 176,
      "12": 88,
      "13": 88,
      "14": 88,
      "15": 88,
      "16": 88,
      "17": 88,
      "18": 88,
      "19": 57,
      "20": 57,
      "21": 0,
      "22": 0,
      "23": 0,
      "24": 0,
      "25": 0
    },
    "f": {
      "0": 176,
      "1": 176,
      "2": 57,
      "3": 0
    },
    "b": {
      "0": [
        88,
        0
      ],
      "1": [
        0,
        88
      ],
      "2": [
        88,
        0
      ],
      "3": [
        0,
        0
      ],
      "4": [
        0,
        0
      ]
    },
    "inputSourceMap": {
      "version": 3,
      "mappings": "AAkBM;AAlBN,OAAOA,oBAAY;AAAiB;AAAA;AAAA;AAAA;AAAA;AAAA;AAAA;AAAA;AAAA;AAAA;AAAA;AAAA;AAAA;AAAA;AACpC,OAAOC,YAAY;AAEnB,MAAMC,eAAeF,OAAOG;AAAAA;AAAAA;AAAAA;AAAAA;AAAAA;AAAAA;AAAAA;AAAAA;AAAAA;AAAAA;AAU1BC,KAVIF;AAYN,MAAMG,SAASA,MAAM;AACnB,SACE,uBAAC,gBAAa,eAAY,UACxB;AAAA,2BAAC,SACC,KAAI,iGACJ,KAAI,gBAFN;AAAA;AAAA;AAAA;AAAA,WAEkB;AAAA,IAElB,uBAAC,YAAD;AAAA;AAAA;AAAA;AAAA,WAAO;AAAA,OALT;AAAA;AAAA;AAAA;AAAA,SAMA;AAEJ;AAAEC,MAVID;AAYN,eAAeA;AAAO,IAAAD,IAAAE;AAAAC,aAAAH,IAAA;AAAAG,aAAAD,KAAA",
      "names": [
        "styled",
        "Navbar",
        "StyledHeader",
        "div",
        "_c",
        "Header",
        "_c2",
        "$RefreshReg$"
      ],
      "sources": [
        "C:/Users/alexs/Desktop/studying/rsschool/React/rs-react-disney/disney-app/src/containers/Header.tsx"
      ],
      "file": "C:/Users/alexs/Desktop/studying/rsschool/React/rs-react-disney/disney-app/src/containers/Header.tsx"
    },
    "_coverageSchema": "1a1c01bbd47fc00a2c39e90264f33305004495a9",
    "hash": "948a6abf7ec73e39564dc200662b677183d2f0cf"
  },
  "C:/Users/alexs/Desktop/studying/rsschool/React/rs-react-disney/disney-app/src/pages/AboutPage.tsx": {
    "path": "C:/Users/alexs/Desktop/studying/rsschool/React/rs-react-disney/disney-app/src/pages/AboutPage.tsx",
    "statementMap": {
      "0": {
        "start": {
          "line": 5,
          "column": 0
        },
        "end": {
          "line": 15,
          "column": 1
        }
      },
      "1": {
        "start": {
          "line": 6,
          "column": 2
        },
        "end": {
          "line": 8,
          "column": 3
        }
      },
      "2": {
        "start": {
          "line": 7,
          "column": 4
        },
        "end": {
          "line": 7,
          "column": 165
        }
      },
      "3": {
        "start": {
          "line": 9,
          "column": 2
        },
        "end": {
          "line": 9,
          "column": 39
        }
      },
      "4": {
        "start": {
          "line": 10,
          "column": 2
        },
        "end": {
          "line": 10,
          "column": 39
        }
      },
      "5": {
        "start": {
          "line": 11,
          "column": 2
        },
        "end": {
          "line": 13,
          "column": 4
        }
      },
      "6": {
        "start": {
          "line": 12,
          "column": 4
        },
        "end": {
          "line": 12,
          "column": 141
        }
      },
      "7": {
        "start": {
          "line": 14,
          "column": 2
        },
        "end": {
          "line": 14,
          "column": 75
        }
      },
      "8": {
        "start": {
          "line": 16,
          "column": 18
        },
        "end": {
          "line": 22,
          "column": 1
        }
      },
      "9": {
        "start": {
          "line": 17,
          "column": 2
        },
        "end": {
          "line": 21,
          "column": 11
        }
      },
      "10": {
        "start": {
          "line": 23,
          "column": 0
        },
        "end": {
          "line": 23,
          "column": 15
        }
      },
      "11": {
        "start": {
          "line": 26,
          "column": 0
        },
        "end": {
          "line": 26,
          "column": 30
        }
      },
      "12": {
        "start": {
          "line": 27,
          "column": 0
        },
        "end": {
          "line": 43,
          "column": 1
        }
      },
      "13": {
        "start": {
          "line": 28,
          "column": 2
        },
        "end": {
          "line": 28,
          "column": 39
        }
      },
      "14": {
        "start": {
          "line": 29,
          "column": 2
        },
        "end": {
          "line": 29,
          "column": 39
        }
      },
      "15": {
        "start": {
          "line": 30,
          "column": 2
        },
        "end": {
          "line": 42,
          "column": 5
        }
      },
      "16": {
        "start": {
          "line": 34,
          "column": 4
        },
        "end": {
          "line": 34,
          "column": 167
        }
      },
      "17": {
        "start": {
          "line": 35,
          "column": 4
        },
        "end": {
          "line": 41,
          "column": 7
        }
      },
      "18": {
        "start": {
          "line": 36,
          "column": 6
        },
        "end": {
          "line": 37,
          "column": 15
        }
      },
      "19": {
        "start": {
          "line": 37,
          "column": 8
        },
        "end": {
          "line": 37,
          "column": 15
        }
      },
      "20": {
        "start": {
          "line": 38,
          "column": 32
        },
        "end": {
          "line": 38,
          "column": 115
        }
      },
      "21": {
        "start": {
          "line": 39,
          "column": 6
        },
        "end": {
          "line": 40,
          "column": 54
        }
      },
      "22": {
        "start": {
          "line": 40,
          "column": 8
        },
        "end": {
          "line": 40,
          "column": 54
        }
      }
    },
    "fnMap": {
      "0": {
        "name": "(anonymous_0)",
        "decl": {
          "start": {
            "line": 11,
            "column": 24
          },
          "end": {
            "line": 11,
            "column": 25
          }
        },
        "loc": {
          "start": {
            "line": 11,
            "column": 38
          },
          "end": {
            "line": 13,
            "column": 3
          }
        },
        "line": 11
      },
      "1": {
        "name": "(anonymous_1)",
        "decl": {
          "start": {
            "line": 16,
            "column": 18
          },
          "end": {
            "line": 16,
            "column": 19
          }
        },
        "loc": {
          "start": {
            "line": 16,
            "column": 24
          },
          "end": {
            "line": 22,
            "column": 1
          }
        },
        "line": 16
      },
      "2": {
        "name": "(anonymous_2)",
        "decl": {
          "start": {
            "line": 33,
            "column": 9
          },
          "end": {
            "line": 33,
            "column": 10
          }
        },
        "loc": {
          "start": {
            "line": 33,
            "column": 29
          },
          "end": {
            "line": 42,
            "column": 3
          }
        },
        "line": 33
      },
      "3": {
        "name": "(anonymous_3)",
        "decl": {
          "start": {
            "line": 35,
            "column": 27
          },
          "end": {
            "line": 35,
            "column": 28
          }
        },
        "loc": {
          "start": {
            "line": 35,
            "column": 44
          },
          "end": {
            "line": 41,
            "column": 5
          }
        },
        "line": 35
      }
    },
    "branchMap": {
      "0": {
        "loc": {
          "start": {
            "line": 5,
            "column": 0
          },
          "end": {
            "line": 15,
            "column": 1
          }
        },
        "type": "if",
        "locations": [
          {
            "start": {
              "line": 5,
              "column": 0
            },
            "end": {
              "line": 15,
              "column": 1
            }
          },
          {
            "start": {},
            "end": {}
          }
        ],
        "line": 5
      },
      "1": {
        "loc": {
          "start": {
            "line": 6,
            "column": 2
          },
          "end": {
            "line": 8,
            "column": 3
          }
        },
        "type": "if",
        "locations": [
          {
            "start": {
              "line": 6,
              "column": 2
            },
            "end": {
              "line": 8,
              "column": 3
            }
          },
          {
            "start": {},
            "end": {}
          }
        ],
        "line": 6
      },
      "2": {
        "loc": {
          "start": {
            "line": 27,
            "column": 0
          },
          "end": {
            "line": 43,
            "column": 1
          }
        },
        "type": "if",
        "locations": [
          {
            "start": {
              "line": 27,
              "column": 0
            },
            "end": {
              "line": 43,
              "column": 1
            }
          },
          {
            "start": {},
            "end": {}
          }
        ],
        "line": 27
      },
      "3": {
        "loc": {
          "start": {
            "line": 36,
            "column": 6
          },
          "end": {
            "line": 37,
            "column": 15
          }
        },
        "type": "if",
        "locations": [
          {
            "start": {
              "line": 36,
              "column": 6
            },
            "end": {
              "line": 37,
              "column": 15
            }
          },
          {
            "start": {},
            "end": {}
          }
        ],
        "line": 36
      },
      "4": {
        "loc": {
          "start": {
            "line": 39,
            "column": 6
          },
          "end": {
            "line": 40,
            "column": 54
          }
        },
        "type": "if",
        "locations": [
          {
            "start": {
              "line": 39,
              "column": 6
            },
            "end": {
              "line": 40,
              "column": 54
            }
          },
          {
            "start": {},
            "end": {}
          }
        ],
        "line": 39
      }
    },
    "s": {
      "0": 88,
      "1": 88,
      "2": 0,
      "3": 88,
      "4": 88,
      "5": 88,
      "6": 88,
      "7": 88,
      "8": 88,
      "9": 28,
      "10": 88,
      "11": 88,
      "12": 88,
      "13": 88,
      "14": 88,
      "15": 88,
      "16": 57,
      "17": 57,
      "18": 0,
      "19": 0,
      "20": 0,
      "21": 0,
      "22": 0
    },
    "f": {
      "0": 88,
      "1": 28,
      "2": 57,
      "3": 0
    },
    "b": {
      "0": [
        88,
        0
      ],
      "1": [
        0,
        88
      ],
      "2": [
        88,
        0
      ],
      "3": [
        0,
        0
      ],
      "4": [
        0,
        0
      ]
    },
    "inputSourceMap": {
      "version": 3,
      "mappings": "AAII;AAJJ,OAAOA,oBAAkB;AAAA;AAAA;AAAA;AAAA;AAAA;AAAA;AAAA;AAAA;AAAA;AAAA;AAAA;AAAA;AAAA;AAEzB,MAAMC,YAAYA,MAAM;AACtB,SACE,uBAAC,QAAG,eAAY,cAAY,+GAA5B;AAAA;AAAA;AAAA;AAAA,SAGA;AAEJ;AAAEC,KAPID;AASN,eAAeA;AAAU,IAAAC;AAAAC,aAAAD,IAAA",
      "names": [
        "React",
        "AboutPage",
        "_c",
        "$RefreshReg$"
      ],
      "sources": [
        "C:/Users/alexs/Desktop/studying/rsschool/React/rs-react-disney/disney-app/src/pages/AboutPage.tsx"
      ],
      "file": "C:/Users/alexs/Desktop/studying/rsschool/React/rs-react-disney/disney-app/src/pages/AboutPage.tsx"
    },
    "_coverageSchema": "1a1c01bbd47fc00a2c39e90264f33305004495a9",
    "hash": "257baf96d52c8a5d4e7ec6b6366ec5d2e50e3bbd"
  },
  "C:/Users/alexs/Desktop/studying/rsschool/React/rs-react-disney/disney-app/src/pages/ErrorPageStyle.ts": {
    "path": "C:/Users/alexs/Desktop/studying/rsschool/React/rs-react-disney/disney-app/src/pages/ErrorPageStyle.ts",
    "statementMap": {
      "0": {
        "start": {
          "line": 2,
          "column": 31
        },
        "end": {
          "line": 229,
          "column": 1
        }
      }
    },
    "fnMap": {},
    "branchMap": {},
    "s": {
      "0": 88
    },
    "f": {},
    "b": {},
    "inputSourceMap": {
      "version": 3,
      "sources": [
        "C:/Users/alexs/Desktop/studying/rsschool/React/rs-react-disney/disney-app/src/pages/ErrorPageStyle.ts"
      ],
      "mappings": "AAAA,OAAO,YAAY;AAEZ,aAAM,kBAAkB,OAAO;AAAA;AAAA;AAAA;AAAA;AAAA;AAAA;AAAA;AAAA;AAAA;AAAA;AAAA;AAAA;AAAA;AAAA;AAAA;AAAA;AAAA;AAAA;AAAA;AAAA;AAAA;AAAA;AAAA;AAAA;AAAA;AAAA;AAAA;AAAA;AAAA;AAAA;AAAA;AAAA;AAAA;AAAA;AAAA;AAAA;AAAA;AAAA;AAAA;AAAA;AAAA;AAAA;AAAA;AAAA;AAAA;AAAA;AAAA;AAAA;AAAA;AAAA;AAAA;AAAA;AAAA;AAAA;AAAA;AAAA;AAAA;AAAA;AAAA;AAAA;AAAA;AAAA;AAAA;AAAA;AAAA;AAAA;AAAA;AAAA;AAAA;AAAA;AAAA;AAAA;AAAA;AAAA;AAAA;AAAA;AAAA;AAAA;AAAA;AAAA;AAAA;AAAA;AAAA;AAAA;AAAA;AAAA;AAAA;AAAA;AAAA;AAAA;AAAA;AAAA;AAAA;AAAA;AAAA;AAAA;AAAA;AAAA;AAAA;AAAA;AAAA;AAAA;AAAA;AAAA;AAAA;AAAA;AAAA;AAAA;AAAA;AAAA;AAAA;AAAA;AAAA;AAAA;AAAA;AAAA;AAAA;AAAA;AAAA;AAAA;AAAA;AAAA;AAAA;AAAA;AAAA;AAAA;AAAA;AAAA;AAAA;AAAA;AAAA;AAAA;AAAA;AAAA;AAAA;AAAA;AAAA;AAAA;AAAA;AAAA;AAAA;AAAA;AAAA;AAAA;AAAA;AAAA;AAAA;AAAA;AAAA;AAAA;AAAA;AAAA;AAAA;AAAA;AAAA;AAAA;AAAA;AAAA;AAAA;AAAA;AAAA;AAAA;AAAA;AAAA;AAAA;AAAA;AAAA;AAAA;AAAA;AAAA;AAAA;AAAA;AAAA;AAAA;AAAA;AAAA;AAAA;AAAA;AAAA;AAAA;AAAA;AAAA;AAAA;AAAA;AAAA;AAAA;AAAA;AAAA;AAAA;AAAA;AAAA;AAAA;AAAA;AAAA;AAAA;AAAA;AAAA;AAAA;AAAA;AAAA;AAAA;AAAA;AAAA;AAAA;AAAA;AAAA;AAAA;AAAA;AAAA;AAAA;AAAA;AAAA;AAAA;AAAA;AAAA;AAAA;AAAA;AAAA;AAAA;AAAA;AAAA;AAAA;AAAA;AAAA;AAAA;AAAA;AAAA;",
      "names": []
    },
    "_coverageSchema": "1a1c01bbd47fc00a2c39e90264f33305004495a9",
    "hash": "8fbce1f3dee70706bd626249ca7a25256a0ccf1e"
  },
  "C:/Users/alexs/Desktop/studying/rsschool/React/rs-react-disney/disney-app/src/pages/ErrorPage.tsx": {
    "path": "C:/Users/alexs/Desktop/studying/rsschool/React/rs-react-disney/disney-app/src/pages/ErrorPage.tsx",
    "statementMap": {
      "0": {
        "start": {
          "line": 5,
          "column": 0
        },
        "end": {
          "line": 15,
          "column": 1
        }
      },
      "1": {
        "start": {
          "line": 6,
          "column": 2
        },
        "end": {
          "line": 8,
          "column": 3
        }
      },
      "2": {
        "start": {
          "line": 7,
          "column": 4
        },
        "end": {
          "line": 7,
          "column": 165
        }
      },
      "3": {
        "start": {
          "line": 9,
          "column": 2
        },
        "end": {
          "line": 9,
          "column": 39
        }
      },
      "4": {
        "start": {
          "line": 10,
          "column": 2
        },
        "end": {
          "line": 10,
          "column": 39
        }
      },
      "5": {
        "start": {
          "line": 11,
          "column": 2
        },
        "end": {
          "line": 13,
          "column": 4
        }
      },
      "6": {
        "start": {
          "line": 12,
          "column": 4
        },
        "end": {
          "line": 12,
          "column": 141
        }
      },
      "7": {
        "start": {
          "line": 14,
          "column": 2
        },
        "end": {
          "line": 14,
          "column": 75
        }
      },
      "8": {
        "start": {
          "line": 17,
          "column": 18
        },
        "end": {
          "line": 84,
          "column": 1
        }
      },
      "9": {
        "start": {
          "line": 18,
          "column": 2
        },
        "end": {
          "line": 83,
          "column": 11
        }
      },
      "10": {
        "start": {
          "line": 85,
          "column": 0
        },
        "end": {
          "line": 85,
          "column": 15
        }
      },
      "11": {
        "start": {
          "line": 88,
          "column": 0
        },
        "end": {
          "line": 88,
          "column": 30
        }
      },
      "12": {
        "start": {
          "line": 89,
          "column": 0
        },
        "end": {
          "line": 105,
          "column": 1
        }
      },
      "13": {
        "start": {
          "line": 90,
          "column": 2
        },
        "end": {
          "line": 90,
          "column": 39
        }
      },
      "14": {
        "start": {
          "line": 91,
          "column": 2
        },
        "end": {
          "line": 91,
          "column": 39
        }
      },
      "15": {
        "start": {
          "line": 92,
          "column": 2
        },
        "end": {
          "line": 104,
          "column": 5
        }
      },
      "16": {
        "start": {
          "line": 96,
          "column": 4
        },
        "end": {
          "line": 96,
          "column": 167
        }
      },
      "17": {
        "start": {
          "line": 97,
          "column": 4
        },
        "end": {
          "line": 103,
          "column": 7
        }
      },
      "18": {
        "start": {
          "line": 98,
          "column": 6
        },
        "end": {
          "line": 99,
          "column": 15
        }
      },
      "19": {
        "start": {
          "line": 99,
          "column": 8
        },
        "end": {
          "line": 99,
          "column": 15
        }
      },
      "20": {
        "start": {
          "line": 100,
          "column": 32
        },
        "end": {
          "line": 100,
          "column": 115
        }
      },
      "21": {
        "start": {
          "line": 101,
          "column": 6
        },
        "end": {
          "line": 102,
          "column": 54
        }
      },
      "22": {
        "start": {
          "line": 102,
          "column": 8
        },
        "end": {
          "line": 102,
          "column": 54
        }
      }
    },
    "fnMap": {
      "0": {
        "name": "(anonymous_0)",
        "decl": {
          "start": {
            "line": 11,
            "column": 24
          },
          "end": {
            "line": 11,
            "column": 25
          }
        },
        "loc": {
          "start": {
            "line": 11,
            "column": 38
          },
          "end": {
            "line": 13,
            "column": 3
          }
        },
        "line": 11
      },
      "1": {
        "name": "(anonymous_1)",
        "decl": {
          "start": {
            "line": 17,
            "column": 18
          },
          "end": {
            "line": 17,
            "column": 19
          }
        },
        "loc": {
          "start": {
            "line": 17,
            "column": 24
          },
          "end": {
            "line": 84,
            "column": 1
          }
        },
        "line": 17
      },
      "2": {
        "name": "(anonymous_2)",
        "decl": {
          "start": {
            "line": 95,
            "column": 9
          },
          "end": {
            "line": 95,
            "column": 10
          }
        },
        "loc": {
          "start": {
            "line": 95,
            "column": 29
          },
          "end": {
            "line": 104,
            "column": 3
          }
        },
        "line": 95
      },
      "3": {
        "name": "(anonymous_3)",
        "decl": {
          "start": {
            "line": 97,
            "column": 27
          },
          "end": {
            "line": 97,
            "column": 28
          }
        },
        "loc": {
          "start": {
            "line": 97,
            "column": 44
          },
          "end": {
            "line": 103,
            "column": 5
          }
        },
        "line": 97
      }
    },
    "branchMap": {
      "0": {
        "loc": {
          "start": {
            "line": 5,
            "column": 0
          },
          "end": {
            "line": 15,
            "column": 1
          }
        },
        "type": "if",
        "locations": [
          {
            "start": {
              "line": 5,
              "column": 0
            },
            "end": {
              "line": 15,
              "column": 1
            }
          },
          {
            "start": {},
            "end": {}
          }
        ],
        "line": 5
      },
      "1": {
        "loc": {
          "start": {
            "line": 6,
            "column": 2
          },
          "end": {
            "line": 8,
            "column": 3
          }
        },
        "type": "if",
        "locations": [
          {
            "start": {
              "line": 6,
              "column": 2
            },
            "end": {
              "line": 8,
              "column": 3
            }
          },
          {
            "start": {},
            "end": {}
          }
        ],
        "line": 6
      },
      "2": {
        "loc": {
          "start": {
            "line": 89,
            "column": 0
          },
          "end": {
            "line": 105,
            "column": 1
          }
        },
        "type": "if",
        "locations": [
          {
            "start": {
              "line": 89,
              "column": 0
            },
            "end": {
              "line": 105,
              "column": 1
            }
          },
          {
            "start": {},
            "end": {}
          }
        ],
        "line": 89
      },
      "3": {
        "loc": {
          "start": {
            "line": 98,
            "column": 6
          },
          "end": {
            "line": 99,
            "column": 15
          }
        },
        "type": "if",
        "locations": [
          {
            "start": {
              "line": 98,
              "column": 6
            },
            "end": {
              "line": 99,
              "column": 15
            }
          },
          {
            "start": {},
            "end": {}
          }
        ],
        "line": 98
      },
      "4": {
        "loc": {
          "start": {
            "line": 101,
            "column": 6
          },
          "end": {
            "line": 102,
            "column": 54
          }
        },
        "type": "if",
        "locations": [
          {
            "start": {
              "line": 101,
              "column": 6
            },
            "end": {
              "line": 102,
              "column": 54
            }
          },
          {
            "start": {},
            "end": {}
          }
        ],
        "line": 101
      }
    },
    "s": {
      "0": 88,
      "1": 88,
      "2": 0,
      "3": 88,
      "4": 88,
      "5": 88,
      "6": 88,
      "7": 88,
      "8": 88,
      "9": 2,
      "10": 88,
      "11": 88,
      "12": 88,
      "13": 88,
      "14": 88,
      "15": 88,
      "16": 57,
      "17": 57,
      "18": 0,
      "19": 0,
      "20": 0,
      "21": 0,
      "22": 0
    },
    "f": {
      "0": 88,
      "1": 2,
      "2": 57,
      "3": 0
    },
    "b": {
      "0": [
        88,
        0
      ],
      "1": [
        0,
        88
      ],
      "2": [
        88,
        0
      ],
      "3": [
        0,
        0
      ],
      "4": [
        0,
        0
      ]
    },
    "inputSourceMap": {
      "version": 3,
      "mappings": "AAOQ;AAPR,OAAOA,oBAAkB;AAAA;AAAA;AAAA;AAAA;AAAA;AAAA;AAAA;AAAA;AAAA;AAAA;AAAA;AAAA;AAAA;AACzB,SAASC,uBAAuB;AAEhC,MAAMC,YAAYA,MAAM;AACtB,SACE,uBAAC,mBAAgB,eAAY,cAAa,WAAU,iBAClD;AAAA,2BAAC,SAAI,WAAU,cACb;AAAA,6BAAC,QAAG,mBAAJ;AAAA;AAAA;AAAA;AAAA,aAAO;AAAA,MACP,uBAAC,OAAE,oCAAH;AAAA;AAAA;AAAA;AAAA,aAAuB;AAAA,MACvB,uBAAC,OAAE,yCAAH;AAAA;AAAA;AAAA;AAAA,aAA4B;AAAA,SAH9B;AAAA;AAAA;AAAA;AAAA,WAIA;AAAA,IACA,uBAAC,SAAI,WAAU,cACb;AAAA,6BAAC,SAAI,WAAU,eAAf;AAAA;AAAA;AAAA;AAAA,aAA2B;AAAA,MAC3B,uBAAC,SAAI,WAAU,eAAf;AAAA;AAAA;AAAA;AAAA,aAA2B;AAAA,MAC3B,uBAAC,SAAI,WAAU,gBAAf;AAAA;AAAA;AAAA;AAAA,aAA4B;AAAA,MAC5B,uBAAC,SAAI,WAAU,mBACb,iCAAC,SAAI,WAAU,SAAf;AAAA;AAAA;AAAA;AAAA,aAAqB,KADvB;AAAA;AAAA;AAAA;AAAA,aAEA;AAAA,MACA,uBAAC,SAAI,WAAU,oBACb,iCAAC,SAAI,WAAU,SAAf;AAAA;AAAA;AAAA;AAAA,aAAqB,KADvB;AAAA;AAAA;AAAA;AAAA,aAEA;AAAA,SATF;AAAA;AAAA;AAAA;AAAA,WAUA;AAAA,OAhBF;AAAA;AAAA;AAAA;AAAA,SAiBA;AAEJ;AAAEC,KArBID;AAuBN,eAAeA;AAAU,IAAAC;AAAAC,aAAAD,IAAA",
      "names": [
        "React",
        "ErrorPageStyled",
        "ErrorPage",
        "_c",
        "$RefreshReg$"
      ],
      "sources": [
        "C:/Users/alexs/Desktop/studying/rsschool/React/rs-react-disney/disney-app/src/pages/ErrorPage.tsx"
      ],
      "file": "C:/Users/alexs/Desktop/studying/rsschool/React/rs-react-disney/disney-app/src/pages/ErrorPage.tsx"
    },
    "_coverageSchema": "1a1c01bbd47fc00a2c39e90264f33305004495a9",
    "hash": "562e0ee193801fa59b466be1d2dccd4542b79fb8"
  },
  "C:/Users/alexs/Desktop/studying/rsschool/React/rs-react-disney/disney-app/src/redux/hooks.ts": {
    "path": "C:/Users/alexs/Desktop/studying/rsschool/React/rs-react-disney/disney-app/src/redux/hooks.ts",
    "statementMap": {
      "0": {
        "start": {
          "line": 2,
          "column": 30
        },
        "end": {
          "line": 2,
          "column": 41
        }
      },
      "1": {
        "start": {
          "line": 3,
          "column": 30
        },
        "end": {
          "line": 3,
          "column": 41
        }
      }
    },
    "fnMap": {},
    "branchMap": {},
    "s": {
      "0": 88,
      "1": 88
    },
    "f": {},
    "b": {},
    "inputSourceMap": {
      "version": 3,
      "sources": [
        "C:/Users/alexs/Desktop/studying/rsschool/React/rs-react-disney/disney-app/src/redux/hooks.ts"
      ],
      "mappings": "AAAA,SAAoC,aAAa,mBAAmB;AAG7D,aAAM,iBAAoC;AAC1C,aAAM,iBAAkD;",
      "names": []
    },
    "_coverageSchema": "1a1c01bbd47fc00a2c39e90264f33305004495a9",
    "hash": "4f010ea25844d55e489f71ad3b6d606a351155b6"
  },
  "C:/Users/alexs/Desktop/studying/rsschool/React/rs-react-disney/disney-app/src/redux/newItemsSlice.ts": {
    "path": "C:/Users/alexs/Desktop/studying/rsschool/React/rs-react-disney/disney-app/src/redux/newItemsSlice.ts",
    "statementMap": {
      "0": {
        "start": {
          "line": 2,
          "column": 21
        },
        "end": {
          "line": 4,
          "column": 1
        }
      },
      "1": {
        "start": {
          "line": 5,
          "column": 29
        },
        "end": {
          "line": 13,
          "column": 2
        }
      },
      "2": {
        "start": {
          "line": 10,
          "column": 6
        },
        "end": {
          "line": 10,
          "column": 55
        }
      },
      "3": {
        "start": {
          "line": 14,
          "column": 31
        },
        "end": {
          "line": 14,
          "column": 52
        }
      },
      "4": {
        "start": {
          "line": 15,
          "column": 30
        },
        "end": {
          "line": 15,
          "column": 61
        }
      },
      "5": {
        "start": {
          "line": 15,
          "column": 41
        },
        "end": {
          "line": 15,
          "column": 61
        }
      }
    },
    "fnMap": {
      "0": {
        "name": "(anonymous_0)",
        "decl": {
          "start": {
            "line": 9,
            "column": 17
          },
          "end": {
            "line": 9,
            "column": 18
          }
        },
        "loc": {
          "start": {
            "line": 9,
            "column": 36
          },
          "end": {
            "line": 11,
            "column": 5
          }
        },
        "line": 9
      },
      "1": {
        "name": "(anonymous_1)",
        "decl": {
          "start": {
            "line": 15,
            "column": 30
          },
          "end": {
            "line": 15,
            "column": 31
          }
        },
        "loc": {
          "start": {
            "line": 15,
            "column": 41
          },
          "end": {
            "line": 15,
            "column": 61
          }
        },
        "line": 15
      }
    },
    "branchMap": {},
    "s": {
      "0": 88,
      "1": 88,
      "2": 0,
      "3": 88,
      "4": 88,
      "5": 12
    },
    "f": {
      "0": 0,
      "1": 12
    },
    "b": {},
    "inputSourceMap": {
      "version": 3,
      "sources": [
        "C:/Users/alexs/Desktop/studying/rsschool/React/rs-react-disney/disney-app/src/redux/newItemsSlice.ts"
      ],
      "mappings": "AAAA,SAAS,mBAAuC;AAQhD,MAAM,eAA+B;AAAA,EACnC,OAAO,CAAC;AACV;AAEO,aAAM,gBAAgB,YAAY;AAAA,EACvC,MAAM;AAAA,EACN;AAAA,EACA,UAAU;AAAA,IACR,aAAa,CAAC,OAAO,WAAoC;AACvD,YAAM,QAAQ,MAAM,MAAM,OAAO,OAAO,OAAO;AAAA,IACjD;AAAA,EACF;AACF,CAAC;AAEM,aAAM,EAAE,YAAY,IAAI,cAAc;AAEtC,aAAM,iBAAiB,CAAC,UAAqB,MAAM,SAAS;AAEnE,eAAe,cAAc;",
      "names": []
    },
    "_coverageSchema": "1a1c01bbd47fc00a2c39e90264f33305004495a9",
    "hash": "e82b45fecf68da566b5be63bcc7ddc3815389016"
  },
  "C:/Users/alexs/Desktop/studying/rsschool/React/rs-react-disney/disney-app/src/utils/functions.ts": {
    "path": "C:/Users/alexs/Desktop/studying/rsschool/React/rs-react-disney/disney-app/src/utils/functions.ts",
    "statementMap": {
      "0": {
        "start": {
          "line": 2,
          "column": 15
        },
        "end": {
          "line": 2,
          "column": 57
        }
      },
      "1": {
        "start": {
          "line": 3,
          "column": 12
        },
        "end": {
          "line": 3,
          "column": 14
        }
      },
      "2": {
        "start": {
          "line": 4,
          "column": 2
        },
        "end": {
          "line": 7,
          "column": 3
        }
      },
      "3": {
        "start": {
          "line": 4,
          "column": 15
        },
        "end": {
          "line": 4,
          "column": 16
        }
      },
      "4": {
        "start": {
          "line": 5,
          "column": 16
        },
        "end": {
          "line": 5,
          "column": 55
        }
      },
      "5": {
        "start": {
          "line": 6,
          "column": 4
        },
        "end": {
          "line": 6,
          "column": 40
        }
      },
      "6": {
        "start": {
          "line": 8,
          "column": 2
        },
        "end": {
          "line": 8,
          "column": 13
        }
      },
      "7": {
        "start": {
          "line": 11,
          "column": 2
        },
        "end": {
          "line": 16,
          "column": 5
        }
      },
      "8": {
        "start": {
          "line": 12,
          "column": 19
        },
        "end": {
          "line": 12,
          "column": 35
        }
      },
      "9": {
        "start": {
          "line": 13,
          "column": 4
        },
        "end": {
          "line": 13,
          "column": 31
        }
      },
      "10": {
        "start": {
          "line": 14,
          "column": 4
        },
        "end": {
          "line": 14,
          "column": 49
        }
      },
      "11": {
        "start": {
          "line": 14,
          "column": 26
        },
        "end": {
          "line": 14,
          "column": 48
        }
      },
      "12": {
        "start": {
          "line": 15,
          "column": 4
        },
        "end": {
          "line": 15,
          "column": 46
        }
      },
      "13": {
        "start": {
          "line": 15,
          "column": 32
        },
        "end": {
          "line": 15,
          "column": 45
        }
      }
    },
    "fnMap": {
      "0": {
        "name": "pass_gen",
        "decl": {
          "start": {
            "line": 1,
            "column": 16
          },
          "end": {
            "line": 1,
            "column": 24
          }
        },
        "loc": {
          "start": {
            "line": 1,
            "column": 27
          },
          "end": {
            "line": 9,
            "column": 1
          }
        },
        "line": 1
      },
      "1": {
        "name": "getBase64",
        "decl": {
          "start": {
            "line": 10,
            "column": 16
          },
          "end": {
            "line": 10,
            "column": 25
          }
        },
        "loc": {
          "start": {
            "line": 10,
            "column": 32
          },
          "end": {
            "line": 17,
            "column": 1
          }
        },
        "line": 10
      },
      "2": {
        "name": "(anonymous_2)",
        "decl": {
          "start": {
            "line": 11,
            "column": 21
          },
          "end": {
            "line": 11,
            "column": 22
          }
        },
        "loc": {
          "start": {
            "line": 11,
            "column": 42
          },
          "end": {
            "line": 16,
            "column": 3
          }
        },
        "line": 11
      },
      "3": {
        "name": "(anonymous_3)",
        "decl": {
          "start": {
            "line": 14,
            "column": 20
          },
          "end": {
            "line": 14,
            "column": 21
          }
        },
        "loc": {
          "start": {
            "line": 14,
            "column": 26
          },
          "end": {
            "line": 14,
            "column": 48
          }
        },
        "line": 14
      },
      "4": {
        "name": "(anonymous_4)",
        "decl": {
          "start": {
            "line": 15,
            "column": 21
          },
          "end": {
            "line": 15,
            "column": 22
          }
        },
        "loc": {
          "start": {
            "line": 15,
            "column": 32
          },
          "end": {
            "line": 15,
            "column": 45
          }
        },
        "line": 15
      }
    },
    "branchMap": {},
    "s": {
      "0": 0,
      "1": 0,
      "2": 0,
      "3": 0,
      "4": 0,
      "5": 0,
      "6": 0,
      "7": 0,
      "8": 0,
      "9": 0,
      "10": 0,
      "11": 0,
      "12": 0,
      "13": 0
    },
    "f": {
      "0": 0,
      "1": 0,
      "2": 0,
      "3": 0,
      "4": 0
    },
    "b": {},
    "inputSourceMap": {
      "version": 3,
      "sources": [
        "C:/Users/alexs/Desktop/studying/rsschool/React/rs-react-disney/disney-app/src/utils/functions.ts"
      ],
      "mappings": "AAAO,gBAAS,WAAW;AACzB,QAAM,OAAO;AACb,MAAI,MAAM;AACV,WAAS,IAAI,GAAG,IAAI,IAAI,KAAK;AAC3B,UAAM,MAAM,KAAK,MAAM,KAAK,OAAO,IAAI,KAAK,MAAM;AAClD,WAAO,KAAK,UAAU,KAAK,MAAM,CAAC;AAAA,EACpC;AACA,SAAO;AACT;AAEO,gBAAS,UAAU,MAAY;AACpC,SAAO,IAAI,QAAgB,CAAC,SAAS,WAAW;AAC9C,UAAM,SAAS,IAAI,WAAW;AAE9B,WAAO,cAAc,IAAI;AACzB,WAAO,SAAS,MAAM,QAAQ,OAAO,MAAgB;AACrD,WAAO,UAAU,CAAC,UAAU,OAAO,KAAK;AAAA,EAC1C,CAAC;AACH;",
      "names": []
    },
    "_coverageSchema": "1a1c01bbd47fc00a2c39e90264f33305004495a9",
    "hash": "d344de7668cc63ae5f2a8bb43c8a0fb6d22ae8f8"
  },
  "C:/Users/alexs/Desktop/studying/rsschool/React/rs-react-disney/disney-app/src/components/FormComponentStyle.ts": {
    "path": "C:/Users/alexs/Desktop/studying/rsschool/React/rs-react-disney/disney-app/src/components/FormComponentStyle.ts",
    "statementMap": {
      "0": {
        "start": {
          "line": 2,
          "column": 26
        },
        "end": {
          "line": 66,
          "column": 1
        }
      }
    },
    "fnMap": {},
    "branchMap": {},
    "s": {
      "0": 88
    },
    "f": {},
    "b": {},
    "inputSourceMap": {
      "version": 3,
      "sources": [
        "C:/Users/alexs/Desktop/studying/rsschool/React/rs-react-disney/disney-app/src/components/FormComponentStyle.ts"
      ],
      "mappings": "AAAA,OAAO,YAAY;AAEZ,aAAM,aAAa,OAAO;AAAA;AAAA;AAAA;AAAA;AAAA;AAAA;AAAA;AAAA;AAAA;AAAA;AAAA;AAAA;AAAA;AAAA;AAAA;AAAA;AAAA;AAAA;AAAA;AAAA;AAAA;AAAA;AAAA;AAAA;AAAA;AAAA;AAAA;AAAA;AAAA;AAAA;AAAA;AAAA;AAAA;AAAA;AAAA;AAAA;AAAA;AAAA;AAAA;AAAA;AAAA;AAAA;AAAA;AAAA;AAAA;AAAA;AAAA;AAAA;AAAA;AAAA;AAAA;AAAA;AAAA;AAAA;AAAA;AAAA;AAAA;AAAA;AAAA;AAAA;AAAA;AAAA;AAAA;AAAA;",
      "names": []
    },
    "_coverageSchema": "1a1c01bbd47fc00a2c39e90264f33305004495a9",
    "hash": "e458227d1fcbdf240559acc34ba19c70f220fea8"
  },
  "C:/Users/alexs/Desktop/studying/rsschool/React/rs-react-disney/disney-app/src/utils/validation.ts": {
    "path": "C:/Users/alexs/Desktop/studying/rsschool/React/rs-react-disney/disney-app/src/utils/validation.ts",
    "statementMap": {
      "0": {
        "start": {
          "line": 1,
          "column": 34
        },
        "end": {
          "line": 3,
          "column": 1
        }
      },
      "1": {
        "start": {
          "line": 2,
          "column": 2
        },
        "end": {
          "line": 2,
          "column": 111
        }
      },
      "2": {
        "start": {
          "line": 4,
          "column": 28
        },
        "end": {
          "line": 7,
          "column": 1
        }
      },
      "3": {
        "start": {
          "line": 5,
          "column": 16
        },
        "end": {
          "line": 5,
          "column": 72
        }
      },
      "4": {
        "start": {
          "line": 6,
          "column": 2
        },
        "end": {
          "line": 6,
          "column": 63
        }
      }
    },
    "fnMap": {
      "0": {
        "name": "(anonymous_0)",
        "decl": {
          "start": {
            "line": 1,
            "column": 34
          },
          "end": {
            "line": 1,
            "column": 35
          }
        },
        "loc": {
          "start": {
            "line": 1,
            "column": 43
          },
          "end": {
            "line": 3,
            "column": 1
          }
        },
        "line": 1
      },
      "1": {
        "name": "(anonymous_1)",
        "decl": {
          "start": {
            "line": 4,
            "column": 28
          },
          "end": {
            "line": 4,
            "column": 29
          }
        },
        "loc": {
          "start": {
            "line": 4,
            "column": 39
          },
          "end": {
            "line": 7,
            "column": 1
          }
        },
        "line": 4
      }
    },
    "branchMap": {
      "0": {
        "loc": {
          "start": {
            "line": 2,
            "column": 9
          },
          "end": {
            "line": 2,
            "column": 110
          }
        },
        "type": "binary-expr",
        "locations": [
          {
            "start": {
              "line": 2,
              "column": 9
            },
            "end": {
              "line": 2,
              "column": 74
            }
          },
          {
            "start": {
              "line": 2,
              "column": 78
            },
            "end": {
              "line": 2,
              "column": 110
            }
          }
        ],
        "line": 2
      },
      "1": {
        "loc": {
          "start": {
            "line": 6,
            "column": 9
          },
          "end": {
            "line": 6,
            "column": 62
          }
        },
        "type": "binary-expr",
        "locations": [
          {
            "start": {
              "line": 6,
              "column": 9
            },
            "end": {
              "line": 6,
              "column": 23
            }
          },
          {
            "start": {
              "line": 6,
              "column": 27
            },
            "end": {
              "line": 6,
              "column": 62
            }
          }
        ],
        "line": 6
      }
    },
    "s": {
      "0": 88,
      "1": 0,
      "2": 88,
      "3": 0,
      "4": 0
    },
    "f": {
      "0": 0,
      "1": 0
    },
    "b": {
      "0": [
        0,
        0
      ],
      "1": [
        0,
        0
      ]
    },
    "inputSourceMap": {
      "version": 3,
      "sources": [
        "C:/Users/alexs/Desktop/studying/rsschool/React/rs-react-disney/disney-app/src/utils/validation.ts"
      ],
      "mappings": "AAAO,aAAM,qBAAqB,CAAC,QAAgB;AACjD,SACE,IAAI,KAAK,EAAE,MAAM,EAAE,EAAE,CAAC,MAAM,IAAI,KAAK,EAAE,MAAM,EAAE,EAAE,CAAC,EAAE,YAAY,KAChE;AAEJ;AAEO,aAAM,eAAe,CAAC,UAAkB;AAC7C,QAAM,SAAQ,oBAAI,KAAK,GAAE,YAAY,EAAE,MAAM,GAAG,EAAE,CAAC;AACnD,SAAO,SAAS,SAAS;AAC3B;",
      "names": []
    },
    "_coverageSchema": "1a1c01bbd47fc00a2c39e90264f33305004495a9",
    "hash": "b6067e281b75be6d52f7df77bac5d044a24d47d5"
  },
  "C:/Users/alexs/Desktop/studying/rsschool/React/rs-react-disney/disney-app/src/components/FormComponent.tsx": {
    "path": "C:/Users/alexs/Desktop/studying/rsschool/React/rs-react-disney/disney-app/src/components/FormComponent.tsx",
    "statementMap": {
      "0": {
        "start": {
          "line": 5,
          "column": 0
        },
        "end": {
          "line": 15,
          "column": 1
        }
      },
      "1": {
        "start": {
          "line": 6,
          "column": 2
        },
        "end": {
          "line": 8,
          "column": 3
        }
      },
      "2": {
        "start": {
          "line": 7,
          "column": 4
        },
        "end": {
          "line": 7,
          "column": 165
        }
      },
      "3": {
        "start": {
          "line": 9,
          "column": 2
        },
        "end": {
          "line": 9,
          "column": 39
        }
      },
      "4": {
        "start": {
          "line": 10,
          "column": 2
        },
        "end": {
          "line": 10,
          "column": 39
        }
      },
      "5": {
        "start": {
          "line": 11,
          "column": 2
        },
        "end": {
          "line": 13,
          "column": 4
        }
      },
      "6": {
        "start": {
          "line": 12,
          "column": 4
        },
        "end": {
          "line": 12,
          "column": 150
        }
      },
      "7": {
        "start": {
          "line": 14,
          "column": 2
        },
        "end": {
          "line": 14,
          "column": 75
        }
      },
      "8": {
        "start": {
          "line": 16,
          "column": 9
        },
        "end": {
          "line": 16,
          "column": 23
        }
      },
      "9": {
        "start": {
          "line": 21,
          "column": 22
        },
        "end": {
          "line": 245,
          "column": 1
        }
      },
      "10": {
        "start": {
          "line": 24,
          "column": 2
        },
        "end": {
          "line": 24,
          "column": 7
        }
      },
      "11": {
        "start": {
          "line": 32,
          "column": 6
        },
        "end": {
          "line": 43,
          "column": 4
        }
      },
      "12": {
        "start": {
          "line": 44,
          "column": 19
        },
        "end": {
          "line": 57,
          "column": 3
        }
      },
      "13": {
        "start": {
          "line": 45,
          "column": 17
        },
        "end": {
          "line": 45,
          "column": 28
        }
      },
      "14": {
        "start": {
          "line": 46,
          "column": 4
        },
        "end": {
          "line": 55,
          "column": 7
        }
      },
      "15": {
        "start": {
          "line": 56,
          "column": 4
        },
        "end": {
          "line": 56,
          "column": 12
        }
      },
      "16": {
        "start": {
          "line": 58,
          "column": 2
        },
        "end": {
          "line": 244,
          "column": 11
        }
      },
      "17": {
        "start": {
          "line": 58,
          "column": 62
        },
        "end": {
          "line": 58,
          "column": 84
        }
      },
      "18": {
        "start": {
          "line": 246,
          "column": 0
        },
        "end": {
          "line": 248,
          "column": 3
        }
      },
      "19": {
        "start": {
          "line": 247,
          "column": 2
        },
        "end": {
          "line": 247,
          "column": 19
        }
      },
      "20": {
        "start": {
          "line": 249,
          "column": 0
        },
        "end": {
          "line": 249,
          "column": 19
        }
      },
      "21": {
        "start": {
          "line": 252,
          "column": 0
        },
        "end": {
          "line": 252,
          "column": 34
        }
      },
      "22": {
        "start": {
          "line": 253,
          "column": 0
        },
        "end": {
          "line": 269,
          "column": 1
        }
      },
      "23": {
        "start": {
          "line": 254,
          "column": 2
        },
        "end": {
          "line": 254,
          "column": 39
        }
      },
      "24": {
        "start": {
          "line": 255,
          "column": 2
        },
        "end": {
          "line": 255,
          "column": 39
        }
      },
      "25": {
        "start": {
          "line": 256,
          "column": 2
        },
        "end": {
          "line": 268,
          "column": 5
        }
      },
      "26": {
        "start": {
          "line": 260,
          "column": 4
        },
        "end": {
          "line": 260,
          "column": 176
        }
      },
      "27": {
        "start": {
          "line": 261,
          "column": 4
        },
        "end": {
          "line": 267,
          "column": 7
        }
      },
      "28": {
        "start": {
          "line": 262,
          "column": 6
        },
        "end": {
          "line": 263,
          "column": 15
        }
      },
      "29": {
        "start": {
          "line": 263,
          "column": 8
        },
        "end": {
          "line": 263,
          "column": 15
        }
      },
      "30": {
        "start": {
          "line": 264,
          "column": 32
        },
        "end": {
          "line": 264,
          "column": 115
        }
      },
      "31": {
        "start": {
          "line": 265,
          "column": 6
        },
        "end": {
          "line": 266,
          "column": 54
        }
      },
      "32": {
        "start": {
          "line": 266,
          "column": 8
        },
        "end": {
          "line": 266,
          "column": 54
        }
      }
    },
    "fnMap": {
      "0": {
        "name": "(anonymous_0)",
        "decl": {
          "start": {
            "line": 11,
            "column": 24
          },
          "end": {
            "line": 11,
            "column": 25
          }
        },
        "loc": {
          "start": {
            "line": 11,
            "column": 38
          },
          "end": {
            "line": 13,
            "column": 3
          }
        },
        "line": 11
      },
      "1": {
        "name": "(anonymous_1)",
        "decl": {
          "start": {
            "line": 21,
            "column": 22
          },
          "end": {
            "line": 21,
            "column": 23
          }
        },
        "loc": {
          "start": {
            "line": 23,
            "column": 6
          },
          "end": {
            "line": 245,
            "column": 1
          }
        },
        "line": 23
      },
      "2": {
        "name": "(anonymous_2)",
        "decl": {
          "start": {
            "line": 44,
            "column": 19
          },
          "end": {
            "line": 44,
            "column": 20
          }
        },
        "loc": {
          "start": {
            "line": 44,
            "column": 26
          },
          "end": {
            "line": 57,
            "column": 3
          }
[...]
        466
      ],
      "4": [
        434,
        32
      ],
      "5": [
        14,
        18
      ],
      "6": [
        32,
        18
      ],
      "7": [
        18,
        18
      ],
      "8": [
        466,
        0,
        0
      ],
      "9": [
        88,
        0
      ],
      "10": [
        0,
        0
      ],
      "11": [
        0,
        0
      ]
    },
    "inputSourceMap": {
      "version": 3,
      "mappings": "AAsCM;;;;;;;;;;;;;;;;AAtCN,SAAgBA,gBAAgB;AAChC,SAASC,QAAQC,WAAW;AAE5B,OAAOC,iBAAiB;AACxB,OAAOC,cAAc;AAErB,OAAOC,WAAW;AAClB,OAAOC,YAAY;AACnB,SAASC,uBAAuB;AAChC,SAASC,sBAAsB;AAC/B,SAASC,wBAAwB;AAEjC,MAAMC,WAAqBA,MAAM;AAAAC,KAAA;AAC/B,QAAM,CAACC,WAAWC,YAAY,IAAIb,SAAS,KAAK;AAChD,QAAM,CAACc,aAAaC,cAAc,IAAIf,SAA6BgB,MAAS;AAC5E,QAAMC,YAAYT,eAAeD,eAAe;AAChD,QAAM,CAACW,kBAAkBC,mBAAmB,IAAInB,SAASiB,SAAS;AAClE,QAAM;AAAA,IAAEG;AAAAA,IAAMC;AAAAA,IAAOC;AAAAA,EAAW,IAAIb,iBAAiBS,gBAAgB;AAErE,QAAMK,eAAeA,MAAY;AAC/B,UAAMC,SAASP,UAAUQ,QAAQ,MAAM,KAAK;AAC5CN,wBAAoBK,MAAM;AAAA,EAC5B;AACA,QAAME,oBAAoBA,CAACC,OAAqB;AAC9C,UAAMC,OAAOR,MAAMS,OAAQC,UAASA,KAAKH,OAAOA,EAAE;AAClDd,iBAAa,IAAI;AACjB,QAAIe,QAAQ,MAAM;AAChBb,qBAAea,KAAK,CAAC,CAAC;AAAA,IACxB;AAAA,EACF;AAEA,QAAMG,mBAAmBA,MAAY;AACnClB,iBAAa,KAAK;AAClBE,mBAAeC,MAAS;AAAA,EAC1B;AAEA,SACE,uBAAC,SAAI,eAAY,aACf;AAAA,2BAAC,UACC,QAAQd;AAAAA;AAAAA,wBAEQU,YAAY,WAAW;AAAA;AAAA,aAHzC;AAAA;AAAA;AAAA;AAAA,WAKI;AAAA,IAEJ,uBAAC,eAAY,eAAeW,gBAA5B;AAAA;AAAA;AAAA;AAAA,WAAyC;AAAA,IAExCD,aACC,uBAAC,UAAO,eAAY,YAApB;AAAA;AAAA;AAAA;AAAA,WAA4B,IAC1BD,SAAS,QAAQD,MAAMY,WAAW,IACpC,uBAAC,OAAE,eAAY,SAAQ,qCAAvB;AAAA;AAAA;AAAA;AAAA,WAA4C,IAE5CZ,QAAQ,QAAQ,uBAAC,YAAS,OAAOA,MAAM,qBAAvB;AAAA;AAAA;AAAA;AAAA,WAA4D;AAAA,IAE7ER,aAAaE,eAAe,QAAQ,uBAAC,SAAM,SAASiB,kBAAkB,MAAMjB,eAAxC;AAAA;AAAA;AAAA;AAAA,WAAoD;AAAA,OAjB3F;AAAA;AAAA;AAAA;AAAA,SAkBA;AAEJ;AAAEH,GA7CID,UAAkB;AAAA,UAGJF,gBAEkBC,gBAAgB;AAAA;AAAAwB,KALhDvB;AA8CN,eAAeA;AAAS,IAAAuB;AAAAC,aAAAD,IAAA",
      "names": [
        "useState",
        "Global",
        "css",
        "SearchPanel",
        "AllCards",
        "Modal",
        "Loader",
        "selectSearchStr",
        "useAppSelector",
        "useGetAnimeQuery",
        "HomePage",
        "_s",
        "showModal",
        "setShowModal",
        "currentCard",
        "setCurrentCard",
        "undefined",
        "searchStr",
        "currentSearchStr",
        "setCurrentSearchStr",
        "data",
        "error",
        "isFetching",
        "handleSubmit",
        "result",
        "replace",
        "handleParentClick",
        "id",
        "card",
        "filter",
        "item",
        "handleCloseModal",
        "length",
        "_c",
        "$RefreshReg$"
      ],
      "sources": [
        "C:/Users/alexs/Desktop/studying/rsschool/React/rs-react-disney/disney-app/src/pages/HomePage.tsx"
      ],
      "file": "C:/Users/alexs/Desktop/studying/rsschool/React/rs-react-disney/disney-app/src/pages/HomePage.tsx"
    },
    "_coverageSchema": "1a1c01bbd47fc00a2c39e90264f33305004495a9",
    "hash": "149ebbf80c21d7464d64126dc510fba4928b7839"
  },
  "C:/Users/alexs/Desktop/studying/rsschool/React/rs-react-disney/disney-app/src/App.tsx": {
    "path": "C:/Users/alexs/Desktop/studying/rsschool/React/rs-react-disney/disney-app/src/App.tsx",
    "statementMap": {
      "0": {
        "start": {
          "line": 5,
          "column": 0
        },
        "end": {
          "line": 15,
          "column": 1
        }
      },
      "1": {
        "start": {
          "line": 6,
          "column": 2
        },
        "end": {
          "line": 8,
          "column": 3
        }
      },
      "2": {
        "start": {
          "line": 7,
          "column": 4
        },
        "end": {
          "line": 7,
          "column": 165
        }
      },
      "3": {
        "start": {
          "line": 9,
          "column": 2
        },
        "end": {
          "line": 9,
          "column": 39
        }
      },
      "4": {
        "start": {
          "line": 10,
          "column": 2
        },
        "end": {
          "line": 10,
          "column": 39
        }
      },
      "5": {
        "start": {
          "line": 11,
          "column": 2
        },
        "end": {
          "line": 13,
          "column": 4
        }
      },
      "6": {
        "start": {
          "line": 12,
          "column": 4
        },
        "end": {
          "line": 12,
          "column": 129
        }
      },
      "7": {
        "start": {
          "line": 14,
          "column": 2
        },
        "end": {
          "line": 14,
          "column": 75
        }
      },
      "8": {
        "start": {
          "line": 25,
          "column": 16
        },
        "end": {
          "line": 30,
          "column": 1
        }
      },
      "9": {
        "start": {
          "line": 31,
          "column": 0
        },
        "end": {
          "line": 31,
          "column": 13
        }
      },
      "10": {
        "start": {
          "line": 32,
          "column": 12
        },
        "end": {
          "line": 91,
          "column": 1
        }
      },
      "11": {
        "start": {
          "line": 33,
          "column": 2
        },
        "end": {
          "line": 90,
          "column": 11
        }
      },
      "12": {
        "start": {
          "line": 92,
          "column": 0
        },
        "end": {
          "line": 92,
          "column": 10
        }
      },
      "13": {
        "start": {
          "line": 95,
          "column": 0
        },
        "end": {
          "line": 95,
          "column": 28
        }
      },
      "14": {
        "start": {
          "line": 96,
          "column": 0
        },
        "end": {
          "line": 96,
          "column": 25
        }
      },
      "15": {
        "start": {
          "line": 97,
          "column": 0
        },
        "end": {
          "line": 113,
          "column": 1
        }
      },
      "16": {
        "start": {
          "line": 98,
          "column": 2
        },
        "end": {
          "line": 98,
          "column": 39
        }
      },
      "17": {
        "start": {
          "line": 99,
          "column": 2
        },
        "end": {
          "line": 99,
          "column": 39
        }
      },
      "18": {
        "start": {
          "line": 100,
          "column": 2
        },
        "end": {
          "line": 112,
          "column": 5
        }
      },
      "19": {
        "start": {
          "line": 104,
          "column": 4
        },
        "end": {
          "line": 104,
          "column": 155
        }
      },
      "20": {
        "start": {
          "line": 105,
          "column": 4
        },
        "end": {
          "line": 111,
          "column": 7
        }
      },
      "21": {
        "start": {
          "line": 106,
          "column": 6
        },
        "end": {
          "line": 107,
          "column": 15
        }
      },
      "22": {
        "start": {
          "line": 107,
          "column": 8
        },
        "end": {
          "line": 107,
          "column": 15
        }
      },
      "23": {
        "start": {
          "line": 108,
          "column": 32
        },
        "end": {
          "line": 108,
          "column": 115
        }
      },
      "24": {
        "start": {
          "line": 109,
          "column": 6
        },
        "end": {
          "line": 110,
          "column": 54
        }
      },
      "25": {
        "start": {
          "line": 110,
          "column": 8
        },
        "end": {
          "line": 110,
          "column": 54
        }
      }
    },
    "fnMap": {
      "0": {
        "name": "(anonymous_0)",
        "decl": {
          "start": {
            "line": 11,
            "column": 24
          },
          "end": {
            "line": 11,
            "column": 25
          }
        },
        "loc": {
          "start": {
            "line": 11,
            "column": 38
          },
          "end": {
            "line": 13,
            "column": 3
          }
        },
        "line": 11
      },
      "1": {
        "name": "(anonymous_1)",
        "decl": {
          "start": {
            "line": 32,
            "column": 12
          },
          "end": {
            "line": 32,
            "column": 13
          }
        },
        "loc": {
          "start": {
            "line": 32,
            "column": 18
          },
          "end": {
            "line": 91,
            "column": 1
          }
        },
        "line": 32
      },
      "2": {
        "name": "(anonymous_2)",
        "decl": {
          "start": {
            "line": 103,
            "column": 9
          },
          "end": {
            "line": 103,
            "column": 10
          }
        },
        "loc": {
          "start": {
            "line": 103,
            "column": 29
          },
          "end": {
            "line": 112,
            "column": 3
          }
        },
        "line": 103
      },
      "3": {
        "name": "(anonymous_3)",
        "decl": {
          "start": {
            "line": 105,
            "column": 27
          },
          "end": {
            "line": 105,
            "column": 28
          }
        },
        "loc": {
          "start": {
            "line": 105,
            "column": 44
          },
          "end": {
            "line": 111,
            "column": 5
          }
        },
        "line": 105
      }
    },
    "branchMap": {
      "0": {
        "loc": {
          "start": {
            "line": 5,
            "column": 0
          },
          "end": {
            "line": 15,
            "column": 1
          }
        },
        "type": "if",
        "locations": [
          {
            "start": {
              "line": 5,
              "column": 0
            },
            "end": {
              "line": 15,
              "column": 1
            }
          },
          {
            "start": {},
            "end": {}
          }
        ],
        "line": 5
      },
      "1": {
        "loc": {
          "start": {
            "line": 6,
            "column": 2
          },
          "end": {
            "line": 8,
            "column": 3
          }
        },
        "type": "if",
        "locations": [
          {
            "start": {
              "line": 6,
              "column": 2
            },
            "end": {
              "line": 8,
              "column": 3
            }
          },
          {
            "start": {},
            "end": {}
          }
        ],
        "line": 6
      },
      "2": {
        "loc": {
          "start": {
            "line": 97,
            "column": 0
          },
          "end": {
            "line": 113,
            "column": 1
          }
        },
        "type": "if",
        "locations": [
          {
            "start": {
              "line": 97,
              "column": 0
            },
            "end": {
              "line": 113,
              "column": 1
            }
          },
          {
            "start": {},
            "end": {}
          }
        ],
        "line": 97
      },
      "3": {
        "loc": {
          "start": {
            "line": 106,
            "column": 6
          },
          "end": {
            "line": 107,
            "column": 15
          }
        },
        "type": "if",
        "locations": [
          {
            "start": {
              "line": 106,
              "column": 6
            },
            "end": {
              "line": 107,
              "column": 15
            }
          },
          {
            "start": {},
            "end": {}
          }
        ],
        "line": 106
      },
      "4": {
        "loc": {
          "start": {
            "line": 109,
            "column": 6
          },
          "end": {
            "line": 110,
            "column": 54
          }
        },
        "type": "if",
        "locations": [
          {
            "start": {
              "line": 109,
              "column": 6
            },
            "end": {
              "line": 110,
              "column": 54
            }
          },
          {
            "start": {},
            "end": {}
          }
        ],
        "line": 109
      }
    },
    "s": {
      "0": 88,
      "1": 88,
      "2": 0,
      "3": 88,
      "4": 88,
      "5": 88,
      "6": 176,
      "7": 88,
      "8": 88,
      "9": 88,
      "10": 88,
      "11": 176,
      "12": 88,
      "13": 88,
      "14": 88,
      "15": 88,
      "16": 88,
      "17": 88,
      "18": 88,
      "19": 49,
      "20": 49,
      "21": 0,
      "22": 0,
      "23": 0,
      "24": 0,
      "25": 0
    },
    "f": {
      "0": 176,
      "1": 176,
      "2": 49,
      "3": 0
    },
    "b": {
      "0": [
        88,
        0
      ],
      "1": [
        0,
        88
      ],
      "2": [
        88,
        0
      ],
      "3": [
        0,
        0
      ],
      "4": [
        0,
        0
      ]
    },
    "inputSourceMap": {
      "version": 3,
      "mappings": "AAqBM;AArBN,OAAOA,oBAAY;AAAiB;AAAA;AAAA;AAAA;AAAA;AAAA;AAAA;AAAA;AAAA;AAAA;AAAA;AAAA;AAAA;AAAA;AACpC,SAASC,OAAOC,cAAc;AAE9B,OAAO;AACP,OAAOC,YAAY;AACnB,OAAOC,YAAY;AACnB,OAAOC,eAAe;AACtB,OAAOC,eAAe;AACtB,OAAOC,cAAc;AACrB,OAAOC,cAAc;AAErB,MAAMC,UAAUT,OAAOU;AAAAA;AAAAA;AAAAA;AAAAA;AAAAA;AAKrBC,KALIF;AAON,MAAMG,MAAMA,MAAM;AAChB,SACE,uBAAC,WACC;AAAA,2BAAC,YAAD;AAAA;AAAA;AAAA;AAAA,WAAO;AAAA,IACP,uBAAC,UACC;AAAA,6BAAC,SAAM,MAAK,KAAI,SAAS,uBAAC,cAAD;AAAA;AAAA;AAAA;AAAA,aAAS,KAAlC;AAAA;AAAA;AAAA;AAAA,aAAsC;AAAA,MACtC,uBAAC,SAAM,MAAK,UAAS,SAAS,uBAAC,eAAD;AAAA;AAAA;AAAA;AAAA,aAAU,KAAxC;AAAA;AAAA;AAAA;AAAA,aAA4C;AAAA,MAC5C,uBAAC,SAAM,MAAK,SAAQ,SAAS,uBAAC,cAAD;AAAA;AAAA;AAAA;AAAA,aAAS,KAAtC;AAAA;AAAA;AAAA;AAAA,aAA0C;AAAA,MAC1C,uBAAC,SAAM,MAAK,KAAI,SAAS,uBAAC,eAAD;AAAA;AAAA;AAAA;AAAA,aAAU,KAAnC;AAAA;AAAA;AAAA;AAAA,aAAuC;AAAA,SAJzC;AAAA;AAAA;AAAA;AAAA,WAKA;AAAA,IACA,uBAAC,YAAD;AAAA;AAAA;AAAA;AAAA,WAAO;AAAA,OART;AAAA;AAAA;AAAA;AAAA,SASA;AAEJ;AAAEC,MAbID;AAeN,eAAeA;AAAI,IAAAD,IAAAE;AAAAC,aAAAH,IAAA;AAAAG,aAAAD,KAAA",
      "names": [
        "styled",
        "Route",
        "Routes",
        "Footer",
        "Header",
        "AboutPage",
        "ErrorPage",
        "FormPage",
        "HomePage",
        "Wrapper",
        "div",
        "_c",
        "App",
        "_c2",
        "$RefreshReg$"
      ],
      "sources": [
        "C:/Users/alexs/Desktop/studying/rsschool/React/rs-react-disney/disney-app/src/App.tsx"
      ],
      "file": "C:/Users/alexs/Desktop/studying/rsschool/React/rs-react-disney/disney-app/src/App.tsx"
    },
    "_coverageSchema": "1a1c01bbd47fc00a2c39e90264f33305004495a9",
    "hash": "4b2a0f44557220b01f79fbc6077091ca127c9584"
  },
  "C:/Users/alexs/Desktop/studying/rsschool/React/rs-react-disney/disney-app/src/redux/store.ts": {
    "path": "C:/Users/alexs/Desktop/studying/rsschool/React/rs-react-disney/disney-app/src/redux/store.ts",
    "statementMap": {
      "0": {
        "start": {
          "line": 5,
          "column": 20
        },
        "end": {
          "line": 9,
          "column": 2
        }
      },
      "1": {
        "start": {
          "line": 11,
          "column": 2
        },
        "end": {
          "line": 15,
          "column": 5
        }
      },
      "2": {
        "start": {
          "line": 14,
          "column": 42
        },
        "end": {
          "line": 14,
          "column": 92
        }
      }
    },
    "fnMap": {
      "0": {
        "name": "setupStore",
        "decl": {
          "start": {
            "line": 10,
            "column": 16
          },
          "end": {
            "line": 10,
            "column": 26
          }
        },
        "loc": {
          "start": {
            "line": 10,
            "column": 43
          },
          "end": {
            "line": 16,
            "column": 1
          }
        },
        "line": 10
      },
      "1": {
        "name": "(anonymous_1)",
        "decl": {
          "start": {
            "line": 14,
            "column": 16
          },
          "end": {
            "line": 14,
            "column": 17
          }
        },
        "loc": {
          "start": {
            "line": 14,
            "column": 42
          },
          "end": {
            "line": 14,
            "column": 92
          }
        },
        "line": 14
      }
    },
    "branchMap": {},
    "s": {
      "0": 88,
      "1": 88,
      "2": 88
    },
    "f": {
      "0": 88,
      "1": 88
    },
    "b": {},
    "inputSourceMap": {
      "version": 3,
      "sources": [
        "C:/Users/alexs/Desktop/studying/rsschool/React/rs-react-disney/disney-app/src/redux/store.ts"
      ],
      "mappings": "AAAA,SAA8B,iBAAiB,sBAAsB;AACrE,OAAO,sBAAsB;AAC7B,OAAO,qBAAqB;AAC5B,SAAS,gBAAgB;AAEzB,MAAM,cAAc,gBAAgB;AAAA,EAClC,WAAW;AAAA,EACX,UAAU;AAAA,EACV,CAAC,SAAS,WAAW,GAAG,SAAS;AACnC,CAAC;AAEM,gBAAS,WAAW,gBAA4C;AACrE,SAAO,eAAe;AAAA,IACpB,SAAS;AAAA,IACT;AAAA,IACA,YAAY,CAAC,yBAAyB,qBAAqB,EAAE,OAAO,SAAS,UAAU;AAAA,EACzF,CAAC;AACH;",
      "names": []
    },
    "_coverageSchema": "1a1c01bbd47fc00a2c39e90264f33305004495a9",
    "hash": "7ab53ac06e36f1c128652594e8b59acf2b0ebcc8"
  },
  "C:/Users/alexs/Desktop/studying/rsschool/React/rs-react-disney/disney-app/src/entry-client.tsx": {
    "path": "C:/Users/alexs/Desktop/studying/rsschool/React/rs-react-disney/disney-app/src/entry-client.tsx",
    "statementMap": {
      "0": {
        "start": {
          "line": 9,
          "column": 14
        },
        "end": {
          "line": 9,
          "column": 26
        }
      },
      "1": {
        "start": {
          "line": 10,
          "column": 0
        },
        "end": {
          "line": 26,
          "column": 10
        }
      }
    },
    "fnMap": {},
    "branchMap": {},
    "s": {
      "0": 88,
      "1": 88
    },
    "f": {},
    "b": {},
    "inputSourceMap": {
      "version": 3,
      "mappings": "AAeQ;AAfR,OAAO;AACP,OAAOA,WAAW;AAClB,OAAOC,cAAc;AACrB,OAAOC,SAAS;AAChB,SAASC,qBAAqB;AAC9B,SAASC,kBAAkB;AAC3B,SAASC,gBAAgB;AAEzB,MAAMC,QAAQF,WAAW;AAEzBH,SAASM,YACPC,SAASC,eAAe,MAAM,GAC9B,uBAAC,MAAM,YAAN,EACC,iCAAC,iBACC,iCAAC,YAAS,OACR,iCAAC,SAAD;AAAA;AAAA;AAAA;AAAA,OAAI,KADN;AAAA;AAAA;AAAA;AAAA,OAEA,KAHF;AAAA;AAAA;AAAA;AAAA,OAIA,KALF;AAAA;AAAA;AAAA;AAAA,OAMA,CACF",
      "names": [
        "React",
        "ReactDOM",
        "App",
        "BrowserRouter",
        "setupStore",
        "Provider",
        "store",
        "hydrateRoot",
        "document",
        "getElementById"
      ],
      "sources": [
        "C:/Users/alexs/Desktop/studying/rsschool/React/rs-react-disney/disney-app/src/entry-client.tsx"
      ],
      "file": "C:/Users/alexs/Desktop/studying/rsschool/React/rs-react-disney/disney-app/src/entry-client.tsx"
    },
    "_coverageSchema": "1a1c01bbd47fc00a2c39e90264f33305004495a9",
    "hash": "fb45a1c74f122abfa4bd0c200512acb97b684a10"
  },
  "C:/Users/alexs/Desktop/studying/rsschool/React/rs-react-disney/disney-app/src/data/HPResponse.models.ts": {
    "path": "C:/Users/alexs/Desktop/studying/rsschool/React/rs-react-disney/disney-app/src/data/HPResponse.models.ts",
    "statementMap": {},
    "fnMap": {},
    "branchMap": {},
    "s": {},
    "f": {},
    "b": {}
  },
  "C:/Users/alexs/Desktop/studying/rsschool/React/rs-react-disney/disney-app/src/entry-server.tsx": {
    "path": "C:/Users/alexs/Desktop/studying/rsschool/React/rs-react-disney/disney-app/src/entry-server.tsx",
    "statementMap": {},
    "fnMap": {},
    "branchMap": {},
    "s": {},
    "f": {},
    "b": {}
  },
  "C:/Users/alexs/Desktop/studying/rsschool/React/rs-react-disney/disney-app/src/Router.tsx": {
    "path": "C:/Users/alexs/Desktop/studying/rsschool/React/rs-react-disney/disney-app/src/Router.tsx",
    "statementMap": {},
    "fnMap": {},
    "branchMap": {},
    "s": {},
    "f": {},
    "b": {}
  }
}
