{"total": {"lines":{"total":399,"covered":317,"skipped":0,"pct":79.44},"statements":{"total":437,"covered":347,"skipped":0,"pct":79.4},"functions":{"total":130,"covered":85,"skipped":0,"pct":65.38},"branches":{"total":84,"covered":60,"skipped":0,"pct":71.42},"branchesTrue":{"total":0,"covered":0,"skipped":0,"pct":100}}
,"C:/Users/alexs/Desktop/New folder (2)/rs-react-disney/disney-app/src/App.tsx": {"lines":{"total":7,"covered":7,"skipped":0,"pct":100},"functions":{"total":2,"covered":2,"skipped":0,"pct":100},"statements":{"total":7,"covered":7,"skipped":0,"pct":100},"branches":{"total":1,"covered":1,"skipped":0,"pct":100}}
,"C:/Users/alexs/Desktop/New folder (2)/rs-react-disney/disney-app/src/entry-client.tsx": {"lines":{"total":2,"covered":2,"skipped":0,"pct":100},"functions":{"total":0,"covered":0,"skipped":0,"pct":100},"statements":{"total":2,"covered":2,"skipped":0,"pct":100},"branches":{"total":0,"covered":0,"skipped":0,"pct":100}}
,"C:/Users/alexs/Desktop/New folder (2)/rs-react-disney/disney-app/src/components/formComponent.tsx": {"lines":{"total":11,"covered":6,"skipped":0,"pct":54.54},"functions":{"total":4,"covered":2,"skipped":0,"pct":50},"statements":{"total":14,"covered":9,"skipped":0,"pct":64.28},"branches":{"total":4,"covered":2,"skipped":0,"pct":50}}
,"C:/Users/alexs/Desktop/New folder (2)/rs-react-disney/disney-app/src/components/formComponentStyle.ts": {"lines":{"total":1,"covered":1,"skipped":0,"pct":100},"functions":{"total":0,"covered":0,"skipped":0,"pct":100},"statements":{"total":1,"covered":1,"skipped":0,"pct":100},"branches":{"total":0,"covered":0,"skipped":0,"pct":100}}
,"C:/Users/alexs/Desktop/New folder (2)/rs-react-disney/disney-app/src/components/loader.tsx": {"lines":{"total":7,"covered":7,"skipped":0,"pct":100},"functions":{"total":2,"covered":2,"skipped":0,"pct":100},"statements":{"total":7,"covered":7,"skipped":0,"pct":100},"branches":{"total":1,"covered":1,"skipped":0,"pct":100}}
,"C:/Users/alexs/Desktop/New folder (2)/rs-react-disney/disney-app/src/components/modal.tsx": {"lines":{"total":11,"covered":6,"skipped":0,"pct":54.54},"functions":{"total":3,"covered":1,"skipped":0,"pct":33.33},"statements":{"total":11,"covered":6,"skipped":0,"pct":54.54},"branches":{"total":1,"covered":1,"skipped":0,"pct":100}}
,"C:/Users/alexs/Desktop/New folder (2)/rs-react-disney/disney-app/src/components/navbar.tsx": {"lines":{"total":7,"covered":7,"skipped":0,"pct":100},"functions":{"total":2,"covered":2,"skipped":0,"pct":100},"statements":{"total":7,"covered":7,"skipped":0,"pct":100},"branches":{"total":1,"covered":1,"skipped":0,"pct":100}}
,"C:/Users/alexs/Desktop/New folder (2)/rs-react-disney/disney-app/src/components/notification.tsx": {"lines":{"total":7,"covered":6,"skipped":0,"pct":85.71},"functions":{"total":2,"covered":1,"skipped":0,"pct":50},"statements":{"total":7,"covered":6,"skipped":0,"pct":85.71},"branches":{"total":1,"covered":1,"skipped":0,"pct":100}}
,"C:/Users/alexs/Desktop/New folder (2)/rs-react-disney/disney-app/src/components/oneCard.tsx": {"lines":{"total":9,"covered":6,"skipped":0,"pct":66.66},"functions":{"total":2,"covered":1,"skipped":0,"pct":50},"statements":{"total":9,"covered":6,"skipped":0,"pct":66.66},"branches":{"total":3,"covered":1,"skipped":0,"pct":33.33}}
,"C:/Users/alexs/Desktop/New folder (2)/rs-react-disney/disney-app/src/components/oneNewCard.tsx": {"lines":{"total":8,"covered":6,"skipped":0,"pct":75},"functions":{"total":2,"covered":1,"skipped":0,"pct":50},"statements":{"total":8,"covered":6,"skipped":0,"pct":75},"branches":{"total":1,"covered":1,"skipped":0,"pct":100}}
,"C:/Users/alexs/Desktop/New folder (2)/rs-react-disney/disney-app/src/components/searchPanel.tsx": {"lines":{"total":17,"covered":13,"skipped":0,"pct":76.47},"functions":{"total":5,"covered":3,"skipped":0,"pct":60},"statements":{"total":20,"covered":16,"skipped":0,"pct":80},"branches":{"total":1,"covered":0,"skipped":0,"pct":0}}
,"C:/Users/alexs/Desktop/New folder (2)/rs-react-disney/disney-app/src/containers/AllCards.tsx": {"lines":{"total":9,"covered":6,"skipped":0,"pct":66.66},"functions":{"total":4,"covered":1,"skipped":0,"pct":25},"statements":{"total":10,"covered":6,"skipped":0,"pct":60},"branches":{"total":1,"covered":1,"skipped":0,"pct":100}}
,"C:/Users/alexs/Desktop/New folder (2)/rs-react-disney/disney-app/src/containers/AllNewCards.tsx": {"lines":{"total":9,"covered":8,"skipped":0,"pct":88.88},"functions":{"total":3,"covered":2,"skipped":0,"pct":66.66},"statements":{"total":9,"covered":8,"skipped":0,"pct":88.88},"branches":{"total":1,"covered":1,"skipped":0,"pct":100}}
,"C:/Users/alexs/Desktop/New folder (2)/rs-react-disney/disney-app/src/containers/Footer.tsx": {"lines":{"total":7,"covered":7,"skipped":0,"pct":100},"functions":{"total":2,"covered":2,"skipped":0,"pct":100},"statements":{"total":7,"covered":7,"skipped":0,"pct":100},"branches":{"total":1,"covered":1,"skipped":0,"pct":100}}
,"C:/Users/alexs/Desktop/New folder (2)/rs-react-disney/disney-app/src/containers/Header.tsx": {"lines":{"total":7,"covered":7,"skipped":0,"pct":100},"functions":{"total":2,"covered":2,"skipped":0,"pct":100},"statements":{"total":7,"covered":7,"skipped":0,"pct":100},"branches":{"total":1,"covered":1,"skipped":0,"pct":100}}
,"C:/Users/alexs/Desktop/New folder (2)/rs-react-disney/disney-app/src/pages/AboutPage.tsx": {"lines":{"total":5,"covered":5,"skipped":0,"pct":100},"functions":{"total":2,"covered":2,"skipped":0,"pct":100},"statements":{"total":5,"covered":5,"skipped":0,"pct":100},"branches":{"total":1,"covered":1,"skipped":0,"pct":100}}
,"C:/Users/alexs/Desktop/New folder (2)/rs-react-disney/disney-app/src/pages/ErrorPage.tsx": {"lines":{"total":5,"covered":5,"skipped":0,"pct":100},"functions":{"total":2,"covered":2,"skipped":0,"pct":100},"statements":{"total":5,"covered":5,"skipped":0,"pct":100},"branches":{"total":1,"covered":1,"skipped":0,"pct":100}}
,"C:/Users/alexs/Desktop/New folder (2)/rs-react-disney/disney-app/src/pages/ErrorPageStyle.ts": {"lines":{"total":1,"covered":1,"skipped":0,"pct":100},"functions":{"total":0,"covered":0,"skipped":0,"pct":100},"statements":{"total":1,"covered":1,"skipped":0,"pct":100},"branches":{"total":0,"covered":0,"skipped":0,"pct":100}}
,"C:/Users/alexs/Desktop/New folder (2)/rs-react-disney/disney-app/src/pages/FormPage.tsx": {"lines":{"total":14,"covered":10,"skipped":0,"pct":71.42},"functions":{"total":4,"covered":2,"skipped":0,"pct":50},"statements":{"total":17,"covered":13,"skipped":0,"pct":76.47},"branches":{"total":2,"covered":1,"skipped":0,"pct":50}}
,"C:/Users/alexs/Desktop/New folder (2)/rs-react-disney/disney-app/src/pages/HomePage.tsx": {"lines":{"total":20,"covered":12,"skipped":0,"pct":60},"functions":{"total":6,"covered":2,"skipped":0,"pct":33.33},"statements":{"total":24,"covered":15,"skipped":0,"pct":62.5},"branches":{"total":14,"covered":6,"skipped":0,"pct":42.85}}
,"C:/Users/alexs/Desktop/New folder (2)/rs-react-disney/disney-app/src/redux/hooks.ts": {"lines":{"total":2,"covered":2,"skipped":0,"pct":100},"functions":{"total":0,"covered":0,"skipped":0,"pct":100},"statements":{"total":2,"covered":2,"skipped":0,"pct":100},"branches":{"total":0,"covered":0,"skipped":0,"pct":100}}
,"C:/Users/alexs/Desktop/New folder (2)/rs-react-disney/disney-app/src/redux/newItemsSlice.ts": {"lines":{"total":5,"covered":4,"skipped":0,"pct":80},"functions":{"total":2,"covered":1,"skipped":0,"pct":50},"statements":{"total":6,"covered":5,"skipped":0,"pct":83.33},"branches":{"total":0,"covered":0,"skipped":0,"pct":100}}
,"C:/Users/alexs/Desktop/New folder (2)/rs-react-disney/disney-app/src/redux/searchStrSlice.ts": {"lines":{"total":5,"covered":4,"skipped":0,"pct":80},"functions":{"total":2,"covered":1,"skipped":0,"pct":50},"statements":{"total":6,"covered":5,"skipped":0,"pct":83.33},"branches":{"total":0,"covered":0,"skipped":0,"pct":100}}
,"C:/Users/alexs/Desktop/New folder (2)/rs-react-disney/disney-app/src/redux/store.ts": {"lines":{"total":3,"covered":3,"skipped":0,"pct":100},"functions":{"total":2,"covered":2,"skipped":0,"pct":100},"statements":{"total":3,"covered":3,"skipped":0,"pct":100},"branches":{"total":0,"covered":0,"skipped":0,"pct":100}}
,"C:/Users/alexs/Desktop/New folder (2)/rs-react-disney/disney-app/src/utils/animeApi.ts": {"lines":{"total":5,"covered":4,"skipped":0,"pct":80},"functions":{"total":3,"covered":2,"skipped":0,"pct":66.66},"statements":{"total":5,"covered":4,"skipped":0,"pct":80},"branches":{"total":2,"covered":2,"skipped":0,"pct":100}}
,"C:/Users/alexs/Desktop/New folder (2)/rs-react-disney/disney-app/src/utils/functions.ts": {"lines":{"total":11,"covered":0,"skipped":0,"pct":0},"functions":{"total":5,"covered":0,"skipped":0,"pct":0},"statements":{"total":14,"covered":0,"skipped":0,"pct":0},"branches":{"total":0,"covered":0,"skipped":0,"pct":100}}
,"C:/Users/alexs/Desktop/New folder (2)/rs-react-disney/disney-app/src/utils/validation.ts": {"lines":{"total":5,"covered":2,"skipped":0,"pct":40},"functions":{"total":2,"covered":0,"skipped":0,"pct":0},"statements":{"total":5,"covered":2,"skipped":0,"pct":40},"branches":{"total":4,"covered":0,"skipped":0,"pct":0}}
,"C:/Users/alexs/Desktop/studying/rsschool/React/rs-react-disney/disney-app/src/App.tsx": {"lines":{"total":7,"covered":7,"skipped":0,"pct":100},"functions":{"total":2,"covered":2,"skipped":0,"pct":100},"statements":{"total":7,"covered":7,"skipped":0,"pct":100},"branches":{"total":1,"covered":1,"skipped":0,"pct":100}}
,"C:/Users/alexs/Desktop/studying/rsschool/React/rs-react-disney/disney-app/src/Router.tsx": {"lines":{"total":0,"covered":0,"skipped":0,"pct":0},"functions":{"total":0,"covered":0,"skipped":0,"pct":0},"statements":{"total":0,"covered":0,"skipped":0,"pct":0},"branches":{"total":0,"covered":0,"skipped":0,"pct":0}}
,"C:/Users/alexs/Desktop/studying/rsschool/React/rs-react-disney/disney-app/src/entry-client.tsx": {"lines":{"total":2,"covered":2,"skipped":0,"pct":100},"functions":{"total":0,"covered":0,"skipped":0,"pct":100},"statements":{"total":2,"covered":2,"skipped":0,"pct":100},"branches":{"total":0,"covered":0,"skipped":0,"pct":100}}
,"C:/Users/alexs/Desktop/studying/rsschool/React/rs-react-disney/disney-app/src/entry-server.tsx": {"lines":{"total":0,"covered":0,"skipped":0,"pct":0},"functions":{"total":0,"covered":0,"skipped":0,"pct":0},"statements":{"total":0,"covered":0,"skipped":0,"pct":0},"branches":{"total":0,"covered":0,"skipped":0,"pct":0}}
,"C:/Users/alexs/Desktop/studying/rsschool/React/rs-react-disney/disney-app/src/components/FormComponent.tsx": {"lines":{"total":10,"covered":7,"skipped":0,"pct":70},"functions":{"total":4,"covered":3,"skipped":0,"pct":75},"statements":{"total":13,"covered":10,"skipped":0,"pct":76.92},"branches":{"total":4,"covered":4,"skipped":0,"pct":100}}
,"C:/Users/alexs/Desktop/studying/rsschool/React/rs-react-disney/disney-app/src/components/FormComponentStyle.ts": {"lines":{"total":1,"covered":1,"skipped":0,"pct":100},"functions":{"total":0,"covered":0,"skipped":0,"pct":100},"statements":{"total":1,"covered":1,"skipped":0,"pct":100},"branches":{"total":0,"covered":0,"skipped":0,"pct":100}}
,"C:/Users/alexs/Desktop/studying/rsschool/React/rs-react-disney/disney-app/src/components/Loader.tsx": {"lines":{"total":7,"covered":7,"skipped":0,"pct":100},"functions":{"total":2,"covered":2,"skipped":0,"pct":100},"statements":{"total":7,"covered":7,"skipped":0,"pct":100},"branches":{"total":1,"covered":1,"skipped":0,"pct":100}}
,"C:/Users/alexs/Desktop/studying/rsschool/React/rs-react-disney/disney-app/src/components/Modal.tsx": {"lines":{"total":11,"covered":10,"skipped":0,"pct":90.9},"functions":{"total":3,"covered":2,"skipped":0,"pct":66.66},"statements":{"total":11,"covered":10,"skipped":0,"pct":90.9},"branches":{"total":1,"covered":1,"skipped":0,"pct":100}}
,"C:/Users/alexs/Desktop/studying/rsschool/React/rs-react-disney/disney-app/src/components/Navbar.tsx": {"lines":{"total":7,"covered":7,"skipped":0,"pct":100},"functions":{"total":2,"covered":2,"skipped":0,"pct":100},"statements":{"total":7,"covered":7,"skipped":0,"pct":100},"branches":{"total":1,"covered":1,"skipped":0,"pct":100}}
,"C:/Users/alexs/Desktop/studying/rsschool/React/rs-react-disney/disney-app/src/components/Notification.tsx": {"lines":{"total":7,"covered":6,"skipped":0,"pct":85.71},"functions":{"total":2,"covered":1,"skipped":0,"pct":50},"statements":{"total":7,"covered":6,"skipped":0,"pct":85.71},"branches":{"total":1,"covered":1,"skipped":0,"pct":100}}
,"C:/Users/alexs/Desktop/studying/rsschool/React/rs-react-disney/disney-app/src/components/OneCard.tsx": {"lines":{"total":9,"covered":9,"skipped":0,"pct":100},"functions":{"total":2,"covered":2,"skipped":0,"pct":100},"statements":{"total":9,"covered":9,"skipped":0,"pct":100},"branches":{"total":3,"covered":2,"skipped":0,"pct":66.66}}
,"C:/Users/alexs/Desktop/studying/rsschool/React/rs-react-disney/disney-app/src/components/OneNewCard.tsx": {"lines":{"total":8,"covered":6,"skipped":0,"pct":75},"functions":{"total":2,"covered":1,"skipped":0,"pct":50},"statements":{"total":8,"covered":6,"skipped":0,"pct":75},"branches":{"total":1,"covered":1,"skipped":0,"pct":100}}
,"C:/Users/alexs/Desktop/studying/rsschool/React/rs-react-disney/disney-app/src/components/SearchPanel.tsx": {"lines":{"total":17,"covered":17,"skipped":0,"pct":100},"functions":{"total":5,"covered":5,"skipped":0,"pct":100},"statements":{"total":20,"covered":20,"skipped":0,"pct":100},"branches":{"total":1,"covered":1,"skipped":0,"pct":100}}
,"C:/Users/alexs/Desktop/studying/rsschool/React/rs-react-disney/disney-app/src/containers/AllCards.tsx": {"lines":{"total":9,"covered":9,"skipped":0,"pct":100},"functions":{"total":4,"covered":4,"skipped":0,"pct":100},"statements":{"total":10,"covered":10,"skipped":0,"pct":100},"branches":{"total":1,"covered":1,"skipped":0,"pct":100}}
,"C:/Users/alexs/Desktop/studying/rsschool/React/rs-react-disney/disney-app/src/containers/AllNewCards.tsx": {"lines":{"total":9,"covered":8,"skipped":0,"pct":88.88},"functions":{"total":3,"covered":2,"skipped":0,"pct":66.66},"statements":{"total":9,"covered":8,"skipped":0,"pct":88.88},"branches":{"total":1,"covered":1,"skipped":0,"pct":100}}
,"C:/Users/alexs/Desktop/studying/rsschool/React/rs-react-disney/disney-app/src/containers/Footer.tsx": {"lines":{"total":7,"covered":7,"skipped":0,"pct":100},"functions":{"total":2,"covered":2,"skipped":0,"pct":100},"statements":{"total":7,"covered":7,"skipped":0,"pct":100},"branches":{"total":1,"covered":1,"skipped":0,"pct":100}}
,"C:/Users/alexs/Desktop/studying/rsschool/React/rs-react-disney/disney-app/src/containers/Header.tsx": {"lines":{"total":7,"covered":7,"skipped":0,"pct":100},"functions":{"total":2,"covered":2,"skipped":0,"pct":100},"statements":{"total":7,"covered":7,"skipped":0,"pct":100},"branches":{"total":1,"covered":1,"skipped":0,"pct":100}}
,"C:/Users/alexs/Desktop/studying/rsschool/React/rs-react-disney/disney-app/src/data/HPResponse.models.ts": {"lines":{"total":0,"covered":0,"skipped":0,"pct":0},"functions":{"total":0,"covered":0,"skipped":0,"pct":0},"statements":{"total":0,"covered":0,"skipped":0,"pct":0},"branches":{"total":0,"covered":0,"skipped":0,"pct":0}}
,"C:/Users/alexs/Desktop/studying/rsschool/React/rs-react-disney/disney-app/src/pages/AboutPage.tsx": {"lines":{"total":5,"covered":5,"skipped":0,"pct":100},"functions":{"total":2,"covered":2,"skipped":0,"pct":100},"statements":{"total":5,"covered":5,"skipped":0,"pct":100},"branches":{"total":1,"covered":1,"skipped":0,"pct":100}}
,"C:/Users/alexs/Desktop/studying/rsschool/React/rs-react-disney/disney-app/src/pages/ErrorPage.tsx": {"lines":{"total":5,"covered":5,"skipped":0,"pct":100},"functions":{"total":2,"covered":2,"skipped":0,"pct":100},"statements":{"total":5,"covered":5,"skipped":0,"pct":100},"branches":{"total":1,"covered":1,"skipped":0,"pct":100}}
,"C:/Users/alexs/Desktop/studying/rsschool/React/rs-react-disney/disney-app/src/pages/ErrorPageStyle.ts": {"lines":{"total":1,"covered":1,"skipped":0,"pct":100},"functions":{"total":0,"covered":0,"skipped":0,"pct":100},"statements":{"total":1,"covered":1,"skipped":0,"pct":100},"branches":{"total":0,"covered":0,"skipped":0,"pct":100}}
,"C:/Users/alexs/Desktop/studying/rsschool/React/rs-react-disney/disney-app/src/pages/FormPage.tsx": {"lines":{"total":14,"covered":10,"skipped":0,"pct":71.42},"functions":{"total":4,"covered":2,"skipped":0,"pct":50},"statements":{"total":17,"covered":13,"skipped":0,"pct":76.47},"branches":{"total":2,"covered":1,"skipped":0,"pct":50}}
,"C:/Users/alexs/Desktop/studying/rsschool/React/rs-react-disney/disney-app/src/pages/HomePage.tsx": {"lines":{"total":20,"covered":18,"skipped":0,"pct":90},"functions":{"total":6,"covered":5,"skipped":0,"pct":83.33},"statements":{"total":24,"covered":22,"skipped":0,"pct":91.66},"branches":{"total":14,"covered":14,"skipped":0,"pct":100}}
,"C:/Users/alexs/Desktop/studying/rsschool/React/rs-react-disney/disney-app/src/redux/hooks.ts": {"lines":{"total":2,"covered":2,"skipped":0,"pct":100},"functions":{"total":0,"covered":0,"skipped":0,"pct":100},"statements":{"total":2,"covered":2,"skipped":0,"pct":100},"branches":{"total":0,"covered":0,"skipped":0,"pct":100}}
,"C:/Users/alexs/Desktop/studying/rsschool/React/rs-react-disney/disney-app/src/redux/newItemsSlice.ts": {"lines":{"total":5,"covered":4,"skipped":0,"pct":80},"functions":{"total":2,"covered":1,"skipped":0,"pct":50},"statements":{"total":6,"covered":5,"skipped":0,"pct":83.33},"branches":{"total":0,"covered":0,"skipped":0,"pct":100}}
,"C:/Users/alexs/Desktop/studying/rsschool/React/rs-react-disney/disney-app/src/redux/searchStrSlice.ts": {"lines":{"total":5,"covered":5,"skipped":0,"pct":100},"functions":{"total":2,"covered":2,"skipped":0,"pct":100},"statements":{"total":6,"covered":6,"skipped":0,"pct":100},"branches":{"total":0,"covered":0,"skipped":0,"pct":100}}
,"C:/Users/alexs/Desktop/studying/rsschool/React/rs-react-disney/disney-app/src/redux/store.ts": {"lines":{"total":3,"covered":3,"skipped":0,"pct":100},"functions":{"total":2,"covered":2,"skipped":0,"pct":100},"statements":{"total":3,"covered":3,"skipped":0,"pct":100},"branches":{"total":0,"covered":0,"skipped":0,"pct":100}}
,"C:/Users/alexs/Desktop/studying/rsschool/React/rs-react-disney/disney-app/src/utils/animeApi.ts": {"lines":{"total":5,"covered":5,"skipped":0,"pct":100},"functions":{"total":3,"covered":3,"skipped":0,"pct":100},"statements":{"total":5,"covered":5,"skipped":0,"pct":100},"branches":{"total":2,"covered":2,"skipped":0,"pct":100}}
,"C:/Users/alexs/Desktop/studying/rsschool/React/rs-react-disney/disney-app/src/utils/functions.ts": {"lines":{"total":11,"covered":0,"skipped":0,"pct":0},"functions":{"total":5,"covered":0,"skipped":0,"pct":0},"statements":{"total":14,"covered":0,"skipped":0,"pct":0},"branches":{"total":0,"covered":0,"skipped":0,"pct":100}}
,"C:/Users/alexs/Desktop/studying/rsschool/React/rs-react-disney/disney-app/src/utils/validation.ts": {"lines":{"total":5,"covered":2,"skipped":0,"pct":40},"functions":{"total":2,"covered":0,"skipped":0,"pct":0},"statements":{"total":5,"covered":2,"skipped":0,"pct":40},"branches":{"total":4,"covered":0,"skipped":0,"pct":0}}
}
