{"C:/Users/alexs/Desktop/New folder (2)/rs-react-disney/disney-app/src/App.tsx": {"path":"C:/Users/alexs/Desktop/New folder (2)/rs-react-disney/disney-app/src/App.tsx","statementMap":{"0":{"start":{"line":1,"column":36},"end":{"line":1,"column":null}},"1":{"start":{"line":12,"column":16},"end":{"line":12,"column":null}},"2":{"start":{"line":17,"column":2},"end":{"line":12,"column":16}},"3":{"start":{"line":19,"column":12},"end":{"line":32,"column":2}},"4":{"start":{"line":20,"column":2},"end":{"line":30,"column":null}},"5":{"start":{"line":32,"column":2},"end":{"line":19,"column":12}},"6":{"start":{"line":34,"column":19},"end":{"line":34,"column":null}}},"fnMap":{"0":{"name":"(anonymous_0)","decl":{"start":{"line":1,"column":36},"end":{"line":1,"column":null}},"loc":{"start":{"line":1,"column":36},"end":{"line":1,"column":null}}},"1":{"name":"(anonymous_1)","decl":{"start":{"line":19,"column":12},"end":{"line":19,"column":18}},"loc":{"start":{"line":19,"column":18},"end":{"line":32,"column":2}}}},"branchMap":{"0":{"loc":{"start":{"line":1,"column":36},"end":{"line":1,"column":null}},"type":"if","locations":[{"start":{"line":1,"column":36},"end":{"line":1,"column":null}}]}},"s":{"0":48,"1":6,"2":6,"3":6,"4":12,"5":6,"6":12},"f":{"0":12,"1":12},"b":{"0":[6]}}
,"C:/Users/alexs/Desktop/New folder (2)/rs-react-disney/disney-app/src/entry-client.tsx": {"path":"C:/Users/alexs/Desktop/New folder (2)/rs-react-disney/disney-app/src/entry-client.tsx","statementMap":{"0":{"start":{"line":9,"column":14},"end":{"line":9,"column":null}},"1":{"start":{"line":11,"column":0},"end":{"line":20,"column":null}}},"fnMap":{},"branchMap":{},"s":{"0":6,"1":6},"f":{},"b":{}}
,"C:/Users/alexs/Desktop/New folder (2)/rs-react-disney/disney-app/src/components/formComponent.tsx": {"path":"C:/Users/alexs/Desktop/New folder (2)/rs-react-disney/disney-app/src/components/formComponent.tsx","statementMap":{"0":{"start":{"line":7,"column":22},"end":{"line":140,"column":2}},"1":{"start":{"line":7,"column":67},"end":{"line":7,"column":null}},"2":{"start":{"line":13,"column":6},"end":{"line":24,"column":null}},"3":{"start":{"line":25,"column":19},"end":{"line":38,"column":null}},"4":{"start":{"line":26,"column":17},"end":{"line":26,"column":null}},"5":{"start":{"line":27,"column":4},"end":{"line":36,"column":null}},"6":{"start":{"line":37,"column":4},"end":{"line":37,"column":null}},"7":{"start":{"line":39,"column":2},"end":{"line":138,"column":null}},"8":{"start":{"line":42,"column":8},"end":{"line":42,"column":null}},"9":{"start":{"line":43,"column":8},"end":{"line":43,"column":null}},"10":{"start":{"line":140,"column":2},"end":{"line":13,"column":26}},"11":{"start":{"line":7,"column":19},"end":{"line":13,"column":26}},"12":{"start":{"line":13,"column":13},"end":{"line":7,"column":19}},"13":{"start":{"line":142,"column":29},"end":{"line":142,"column":null}}},"fnMap":{"0":{"name":"(anonymous_1)","decl":{"start":{"line":7,"column":22},"end":{"line":7,"column":23}},"loc":{"start":{"line":7,"column":67},"end":{"line":140,"column":2}}},"1":{"name":"(anonymous_2)","decl":{"start":{"line":25,"column":19},"end":{"line":25,"column":20}},"loc":{"start":{"line":25,"column":38},"end":{"line":38,"column":null}}},"2":{"name":"(anonymous_3)","decl":{"start":{"line":41,"column":17},"end":{"line":41,"column":23}},"loc":{"start":{"line":41,"column":23},"end":{"line":44,"column":null}}},"3":{"name":"(anonymous_4)","decl":{"start":{"line":7,"column":19},"end":{"line":7,"column":22}},"loc":{"start":{"line":7,"column":19},"end":{"line":13,"column":26}}}},"branchMap":{"0":{"loc":{"start":{"line":120,"column":9},"end":{"line":120,"column":null}},"type":"binary-expr","locations":[{"start":{"line":120,"column":9},"end":{"line":120,"column":50}},{"start":{"line":120,"column":50},"end":{"line":120,"column":null}}]},"1":{"loc":{"start":{"line":131,"column":9},"end":{"line":132,"column":null}},"type":"binary-expr","locations":[{"start":{"line":131,"column":9},"end":{"line":131,"column":null}},{"start":{"line":132,"column":10},"end":{"line":132,"column":null}}]}},"s":{"0":6,"1":2,"2":2,"3":2,"4":0,"5":0,"6":0,"7":2,"8":0,"9":0,"10":6,"11":1,"12":6,"13":6},"f":{"0":2,"1":0,"2":0,"3":1},"b":{"0":[2,0],"1":[2,0]}}
,"C:/Users/alexs/Desktop/New folder (2)/rs-react-disney/disney-app/src/components/formComponentStyle.ts": {"path":"C:/Users/alexs/Desktop/New folder (2)/rs-react-disney/disney-app/src/components/formComponentStyle.ts","statementMap":{"0":{"start":{"line":3,"column":26},"end":{"line":3,"column":null}}},"fnMap":{},"branchMap":{},"s":{"0":6},"f":{},"b":{}}
,"C:/Users/alexs/Desktop/New folder (2)/rs-react-disney/disney-app/src/components/loader.tsx": {"path":"C:/Users/alexs/Desktop/New folder (2)/rs-react-disney/disney-app/src/components/loader.tsx","statementMap":{"0":{"start":{"line":1,"column":36},"end":{"line":1,"column":null}},"1":{"start":{"line":3,"column":21},"end":{"line":3,"column":null}},"2":{"start":{"line":70,"column":2},"end":{"line":3,"column":21}},"3":{"start":{"line":71,"column":15},"end":{"line":86,"column":2}},"4":{"start":{"line":72,"column":2},"end":{"line":84,"column":null}},"5":{"start":{"line":86,"column":2},"end":{"line":71,"column":15}},"6":{"start":{"line":88,"column":22},"end":{"line":88,"column":null}}},"fnMap":{"0":{"name":"(anonymous_0)","decl":{"start":{"line":1,"column":36},"end":{"line":1,"column":null}},"loc":{"start":{"line":1,"column":36},"end":{"line":1,"column":null}}},"1":{"name":"(anonymous_1)","decl":{"start":{"line":71,"column":15},"end":{"line":71,"column":21}},"loc":{"start":{"line":71,"column":21},"end":{"line":86,"column":2}}}},"branchMap":{"0":{"loc":{"start":{"line":1,"column":36},"end":{"line":1,"column":null}},"type":"if","locations":[{"start":{"line":1,"column":36},"end":{"line":1,"column":null}}]}},"s":{"0":48,"1":6,"2":6,"3":6,"4":20,"5":6,"6":12},"f":{"0":12,"1":20},"b":{"0":[6]}}
,"C:/Users/alexs/Desktop/New folder (2)/rs-react-disney/disney-app/src/components/modal.tsx": {"path":"C:/Users/alexs/Desktop/New folder (2)/rs-react-disney/disney-app/src/components/modal.tsx","statementMap":{"0":{"start":{"line":1,"column":36},"end":{"line":1,"column":null}},"1":{"start":{"line":10,"column":20},"end":{"line":10,"column":null}},"2":{"start":{"line":60,"column":2},"end":{"line":10,"column":20}},"3":{"start":{"line":61,"column":14},"end":{"line":97,"column":2}},"4":{"start":{"line":62,"column":28},"end":{"line":64,"column":null}},"5":{"start":{"line":63,"column":4},"end":{"line":63,"column":null}},"6":{"start":{"line":65,"column":24},"end":{"line":65,"column":null}},"7":{"start":{"line":66,"column":15},"end":{"line":66,"column":null}},"8":{"start":{"line":67,"column":2},"end":{"line":95,"column":null}},"9":{"start":{"line":97,"column":2},"end":{"line":61,"column":14}},"10":{"start":{"line":99,"column":21},"end":{"line":99,"column":null}}},"fnMap":{"0":{"name":"(anonymous_0)","decl":{"start":{"line":1,"column":36},"end":{"line":1,"column":null}},"loc":{"start":{"line":1,"column":36},"end":{"line":1,"column":null}}},"1":{"name":"(anonymous_1)","decl":{"start":{"line":61,"column":14},"end":{"line":61,"column":15}},"loc":{"start":{"line":61,"column":38},"end":{"line":97,"column":2}}},"2":{"name":"(anonymous_2)","decl":{"start":{"line":62,"column":28},"end":{"line":62,"column":29}},"loc":{"start":{"line":62,"column":85},"end":{"line":64,"column":null}}}},"branchMap":{"0":{"loc":{"start":{"line":1,"column":36},"end":{"line":1,"column":null}},"type":"if","locations":[{"start":{"line":1,"column":36},"end":{"line":1,"column":null}}]}},"s":{"0":48,"1":6,"2":6,"3":6,"4":0,"5":0,"6":0,"7":0,"8":0,"9":6,"10":12},"f":{"0":12,"1":0,"2":0},"b":{"0":[6]}}
,"C:/Users/alexs/Desktop/New folder (2)/rs-react-disney/disney-app/src/components/navbar.tsx": {"path":"C:/Users/alexs/Desktop/New folder (2)/rs-react-disney/disney-app/src/components/navbar.tsx","statementMap":{"0":{"start":{"line":1,"column":36},"end":{"line":1,"column":null}},"1":{"start":{"line":4,"column":18},"end":{"line":4,"column":null}},"2":{"start":{"line":26,"column":2},"end":{"line":4,"column":18}},"3":{"start":{"line":28,"column":15},"end":{"line":44,"column":2}},"4":{"start":{"line":29,"column":2},"end":{"line":42,"column":null}},"5":{"start":{"line":44,"column":2},"end":{"line":28,"column":15}},"6":{"start":{"line":45,"column":22},"end":{"line":45,"column":null}}},"fnMap":{"0":{"name":"(anonymous_0)","decl":{"start":{"line":1,"column":36},"end":{"line":1,"column":null}},"loc":{"start":{"line":1,"column":36},"end":{"line":1,"column":null}}},"1":{"name":"(anonymous_1)","decl":{"start":{"line":28,"column":15},"end":{"line":28,"column":21}},"loc":{"start":{"line":28,"column":21},"end":{"line":44,"column":2}}}},"branchMap":{"0":{"loc":{"start":{"line":1,"column":36},"end":{"line":1,"column":null}},"type":"if","locations":[{"start":{"line":1,"column":36},"end":{"line":1,"column":null}}]}},"s":{"0":48,"1":6,"2":6,"3":6,"4":12,"5":6,"6":12},"f":{"0":12,"1":12},"b":{"0":[6]}}
,"C:/Users/alexs/Desktop/New folder (2)/rs-react-disney/disney-app/src/components/notification.tsx": {"path":"C:/Users/alexs/Desktop/New folder (2)/rs-react-disney/disney-app/src/components/notification.tsx","statementMap":{"0":{"start":{"line":1,"column":36},"end":{"line":1,"column":null}},"1":{"start":{"line":3,"column":22},"end":{"line":3,"column":null}},"2":{"start":{"line":12,"column":2},"end":{"line":3,"column":22}},"3":{"start":{"line":17,"column":16},"end":{"line":19,"column":2}},"4":{"start":{"line":18,"column":2},"end":{"line":18,"column":null}},"5":{"start":{"line":19,"column":2},"end":{"line":17,"column":16}},"6":{"start":{"line":21,"column":23},"end":{"line":21,"column":null}}},"fnMap":{"0":{"name":"(anonymous_0)","decl":{"start":{"line":1,"column":36},"end":{"line":1,"column":null}},"loc":{"start":{"line":1,"column":36},"end":{"line":1,"column":null}}},"1":{"name":"(anonymous_1)","decl":{"start":{"line":17,"column":16},"end":{"line":17,"column":17}},"loc":{"start":{"line":17,"column":42},"end":{"line":19,"column":2}}}},"branchMap":{"0":{"loc":{"start":{"line":1,"column":36},"end":{"line":1,"column":null}},"type":"if","locations":[{"start":{"line":1,"column":36},"end":{"line":1,"column":null}}]}},"s":{"0":48,"1":6,"2":6,"3":6,"4":0,"5":6,"6":12},"f":{"0":12,"1":0},"b":{"0":[6]}}
,"C:/Users/alexs/Desktop/New folder (2)/rs-react-disney/disney-app/src/components/oneCard.tsx": {"path":"C:/Users/alexs/Desktop/New folder (2)/rs-react-disney/disney-app/src/components/oneCard.tsx","statementMap":{"0":{"start":{"line":1,"column":36},"end":{"line":1,"column":null}},"1":{"start":{"line":5,"column":19},"end":{"line":5,"column":null}},"2":{"start":{"line":26,"column":2},"end":{"line":5,"column":19}},"3":{"start":{"line":32,"column":16},"end":{"line":51,"column":2}},"4":{"start":{"line":33,"column":24},"end":{"line":33,"column":null}},"5":{"start":{"line":34,"column":15},"end":{"line":34,"column":null}},"6":{"start":{"line":35,"column":2},"end":{"line":49,"column":null}},"7":{"start":{"line":51,"column":2},"end":{"line":32,"column":16}},"8":{"start":{"line":52,"column":23},"end":{"line":52,"column":null}}},"fnMap":{"0":{"name":"(anonymous_0)","decl":{"start":{"line":1,"column":36},"end":{"line":1,"column":null}},"loc":{"start":{"line":1,"column":36},"end":{"line":1,"column":null}}},"1":{"name":"(anonymous_1)","decl":{"start":{"line":32,"column":16},"end":{"line":32,"column":17}},"loc":{"start":{"line":32,"column":39},"end":{"line":51,"column":2}}}},"branchMap":{"0":{"loc":{"start":{"line":1,"column":36},"end":{"line":1,"column":null}},"type":"if","locations":[{"start":{"line":1,"column":36},"end":{"line":1,"column":null}}]},"1":{"loc":{"start":{"line":39,"column":10},"end":{"line":40,"column":null}},"type":"binary-expr","locations":[{"start":{"line":39,"column":10},"end":{"line":39,"column":null}},{"start":{"line":40,"column":10},"end":{"line":40,"column":null}}]}},"s":{"0":48,"1":6,"2":6,"3":6,"4":0,"5":0,"6":0,"7":6,"8":12},"f":{"0":12,"1":0},"b":{"0":[6],"1":[0,0]}}
,"C:/Users/alexs/Desktop/New folder (2)/rs-react-disney/disney-app/src/components/oneNewCard.tsx": {"path":"C:/Users/alexs/Desktop/New folder (2)/rs-react-disney/disney-app/src/components/oneNewCard.tsx","statementMap":{"0":{"start":{"line":1,"column":36},"end":{"line":1,"column":null}},"1":{"start":{"line":4,"column":19},"end":{"line":4,"column":null}},"2":{"start":{"line":18,"column":2},"end":{"line":4,"column":19}},"3":{"start":{"line":23,"column":19},"end":{"line":36,"column":2}},"4":{"start":{"line":24,"column":16},"end":{"line":24,"column":null}},"5":{"start":{"line":25,"column":2},"end":{"line":34,"column":null}},"6":{"start":{"line":36,"column":2},"end":{"line":23,"column":19}},"7":{"start":{"line":38,"column":26},"end":{"line":38,"column":null}}},"fnMap":{"0":{"name":"(anonymous_0)","decl":{"start":{"line":1,"column":36},"end":{"line":1,"column":null}},"loc":{"start":{"line":1,"column":36},"end":{"line":1,"column":null}}},"1":{"name":"(anonymous_1)","decl":{"start":{"line":23,"column":19},"end":{"line":23,"column":20}},"loc":{"start":{"line":23,"column":48},"end":{"line":36,"column":2}}}},"branchMap":{"0":{"loc":{"start":{"line":1,"column":36},"end":{"line":1,"column":null}},"type":"if","locations":[{"start":{"line":1,"column":36},"end":{"line":1,"column":null}}]}},"s":{"0":48,"1":6,"2":6,"3":6,"4":0,"5":0,"6":6,"7":12},"f":{"0":12,"1":0},"b":{"0":[6]}}
,"C:/Users/alexs/Desktop/New folder (2)/rs-react-disney/disney-app/src/components/searchPanel.tsx": {"path":"C:/Users/alexs/Desktop/New folder (2)/rs-react-disney/disney-app/src/components/searchPanel.tsx","statementMap":{"0":{"start":{"line":5,"column":24},"end":{"line":5,"column":null}},"1":{"start":{"line":20,"column":2},"end":{"line":5,"column":24}},"2":{"start":{"line":24,"column":20},"end":{"line":53,"column":2}},"3":{"start":{"line":24,"column":62},"end":{"line":24,"column":null}},"4":{"start":{"line":25,"column":20},"end":{"line":25,"column":null}},"5":{"start":{"line":26,"column":21},"end":{"line":26,"column":null}},"6":{"start":{"line":27,"column":19},"end":{"line":27,"column":null}},"7":{"start":{"line":28,"column":2},"end":{"line":30,"column":null}},"8":{"start":{"line":29,"column":4},"end":{"line":29,"column":null}},"9":{"start":{"line":32,"column":28},"end":{"line":34,"column":null}},"10":{"start":{"line":33,"column":4},"end":{"line":33,"column":null}},"11":{"start":{"line":36,"column":25},"end":{"line":41,"column":null}},"12":{"start":{"line":37,"column":4},"end":{"line":40,"column":null}},"13":{"start":{"line":38,"column":6},"end":{"line":38,"column":null}},"14":{"start":{"line":39,"column":6},"end":{"line":39,"column":null}},"15":{"start":{"line":42,"column":2},"end":{"line":51,"column":null}},"16":{"start":{"line":53,"column":2},"end":{"line":27,"column":34}},"17":{"start":{"line":24,"column":17},"end":{"line":27,"column":34}},"18":{"start":{"line":27,"column":33},"end":{"line":24,"column":17}},"19":{"start":{"line":54,"column":27},"end":{"line":54,"column":null}}},"fnMap":{"0":{"name":"(anonymous_1)","decl":{"start":{"line":24,"column":20},"end":{"line":24,"column":21}},"loc":{"start":{"line":24,"column":62},"end":{"line":53,"column":2}}},"1":{"name":"(anonymous_2)","decl":{"start":{"line":28,"column":12},"end":{"line":28,"column":18}},"loc":{"start":{"line":28,"column":18},"end":{"line":30,"column":5}}},"2":{"name":"(anonymous_3)","decl":{"start":{"line":32,"column":28},"end":{"line":32,"column":29}},"loc":{"start":{"line":32,"column":72},"end":{"line":34,"column":null}}},"3":{"name":"(anonymous_4)","decl":{"start":{"line":36,"column":25},"end":{"line":36,"column":26}},"loc":{"start":{"line":36,"column":71},"end":{"line":41,"column":null}}},"4":{"name":"(anonymous_5)","decl":{"start":{"line":24,"column":17},"end":{"line":24,"column":20}},"loc":{"start":{"line":24,"column":17},"end":{"line":27,"column":34}}}},"branchMap":{"0":{"loc":{"start":{"line":37,"column":4},"end":{"line":40,"column":null}},"type":"if","locations":[{"start":{"line":37,"column":4},"end":{"line":40,"column":null}}]}},"s":{"0":6,"1":6,"2":6,"3":22,"4":22,"5":22,"6":22,"7":22,"8":10,"9":22,"10":0,"11":22,"12":0,"13":0,"14":0,"15":22,"16":6,"17":5,"18":6,"19":12},"f":{"0":22,"1":10,"2":0,"3":0,"4":5},"b":{"0":[0]}}
,"C:/Users/alexs/Desktop/New folder (2)/rs-react-disney/disney-app/src/containers/AllCards.tsx": {"path":"C:/Users/alexs/Desktop/New folder (2)/rs-react-disney/disney-app/src/containers/AllCards.tsx","statementMap":{"0":{"start":{"line":1,"column":36},"end":{"line":1,"column":null}},"1":{"start":{"line":6,"column":20},"end":{"line":6,"column":null}},"2":{"start":{"line":14,"column":2},"end":{"line":6,"column":20}},"3":{"start":{"line":20,"column":17},"end":{"line":30,"column":2}},"4":{"start":{"line":21,"column":16},"end":{"line":21,"column":null}},"5":{"start":{"line":23,"column":2},"end":{"line":28,"column":null}},"6":{"start":{"line":26,"column":8},"end":{"line":26,"column":null}},"7":{"start":{"line":26,"column":58},"end":{"line":26,"column":91}},"8":{"start":{"line":30,"column":2},"end":{"line":20,"column":17}},"9":{"start":{"line":31,"column":24},"end":{"line":31,"column":null}}},"fnMap":{"0":{"name":"(anonymous_0)","decl":{"start":{"line":1,"column":36},"end":{"line":1,"column":null}},"loc":{"start":{"line":1,"column":36},"end":{"line":1,"column":null}}},"1":{"name":"(anonymous_1)","decl":{"start":{"line":20,"column":17},"end":{"line":20,"column":18}},"loc":{"start":{"line":20,"column":44},"end":{"line":30,"column":2}}},"2":{"name":"(anonymous_2)","decl":{"start":{"line":25,"column":18},"end":{"line":25,"column":null}},"loc":{"start":{"line":26,"column":8},"end":{"line":26,"column":null}}},"3":{"name":"(anonymous_3)","decl":{"start":{"line":26,"column":52},"end":{"line":26,"column":58}},"loc":{"start":{"line":26,"column":58},"end":{"line":26,"column":91}}}},"branchMap":{"0":{"loc":{"start":{"line":1,"column":36},"end":{"line":1,"column":null}},"type":"if","locations":[{"start":{"line":1,"column":36},"end":{"line":1,"column":null}}]}},"s":{"0":48,"1":6,"2":6,"3":6,"4":0,"5":0,"6":0,"7":0,"8":6,"9":12},"f":{"0":12,"1":0,"2":0,"3":0},"b":{"0":[6]}}
,"C:/Users/alexs/Desktop/New folder (2)/rs-react-disney/disney-app/src/containers/AllNewCards.tsx": {"path":"C:/Users/alexs/Desktop/New folder (2)/rs-react-disney/disney-app/src/containers/AllNewCards.tsx","statementMap":{"0":{"start":{"line":1,"column":36},"end":{"line":1,"column":null}},"1":{"start":{"line":5,"column":20},"end":{"line":5,"column":null}},"2":{"start":{"line":13,"column":2},"end":{"line":5,"column":20}},"3":{"start":{"line":18,"column":20},"end":{"line":27,"column":2}},"4":{"start":{"line":19,"column":16},"end":{"line":19,"column":null}},"5":{"start":{"line":20,"column":2},"end":{"line":25,"column":null}},"6":{"start":{"line":23,"column":8},"end":{"line":23,"column":null}},"7":{"start":{"line":27,"column":2},"end":{"line":18,"column":20}},"8":{"start":{"line":28,"column":27},"end":{"line":28,"column":null}}},"fnMap":{"0":{"name":"(anonymous_0)","decl":{"start":{"line":1,"column":36},"end":{"line":1,"column":null}},"loc":{"start":{"line":1,"column":36},"end":{"line":1,"column":null}}},"1":{"name":"(anonymous_1)","decl":{"start":{"line":18,"column":20},"end":{"line":18,"column":21}},"loc":{"start":{"line":18,"column":50},"end":{"line":27,"column":2}}},"2":{"name":"(anonymous_2)","decl":{"start":{"line":22,"column":18},"end":{"line":22,"column":null}},"loc":{"start":{"line":23,"column":8},"end":{"line":23,"column":null}}}},"branchMap":{"0":{"loc":{"start":{"line":1,"column":36},"end":{"line":1,"column":null}},"type":"if","locations":[{"start":{"line":1,"column":36},"end":{"line":1,"column":null}}]}},"s":{"0":48,"1":6,"2":6,"3":6,"4":2,"5":2,"6":0,"7":6,"8":12},"f":{"0":12,"1":2,"2":0},"b":{"0":[6]}}
,"C:/Users/alexs/Desktop/New folder (2)/rs-react-disney/disney-app/src/containers/Footer.tsx": {"path":"C:/Users/alexs/Desktop/New folder (2)/rs-react-disney/disney-app/src/containers/Footer.tsx","statementMap":{"0":{"start":{"line":1,"column":36},"end":{"line":1,"column":null}},"1":{"start":{"line":3,"column":21},"end":{"line":3,"column":null}},"2":{"start":{"line":23,"column":2},"end":{"line":3,"column":21}},"3":{"start":{"line":25,"column":15},"end":{"line":37,"column":2}},"4":{"start":{"line":26,"column":2},"end":{"line":35,"column":null}},"5":{"start":{"line":37,"column":2},"end":{"line":25,"column":15}},"6":{"start":{"line":39,"column":22},"end":{"line":39,"column":null}}},"fnMap":{"0":{"name":"(anonymous_0)","decl":{"start":{"line":1,"column":36},"end":{"line":1,"column":null}},"loc":{"start":{"line":1,"column":36},"end":{"line":1,"column":null}}},"1":{"name":"(anonymous_1)","decl":{"start":{"line":25,"column":15},"end":{"line":25,"column":21}},"loc":{"start":{"line":25,"column":21},"end":{"line":37,"column":2}}}},"branchMap":{"0":{"loc":{"start":{"line":1,"column":36},"end":{"line":1,"column":null}},"type":"if","locations":[{"start":{"line":1,"column":36},"end":{"line":1,"column":null}}]}},"s":{"0":48,"1":6,"2":6,"3":6,"4":12,"5":6,"6":12},"f":{"0":12,"1":12},"b":{"0":[6]}}
,"C:/Users/alexs/Desktop/New folder (2)/rs-react-disney/disney-app/src/containers/Header.tsx": {"path":"C:/Users/alexs/Desktop/New folder (2)/rs-react-disney/disney-app/src/containers/Header.tsx","statementMap":{"0":{"start":{"line":1,"column":36},"end":{"line":1,"column":null}},"1":{"start":{"line":4,"column":21},"end":{"line":4,"column":null}},"2":{"start":{"line":14,"column":2},"end":{"line":4,"column":21}},"3":{"start":{"line":16,"column":15},"end":{"line":26,"column":2}},"4":{"start":{"line":17,"column":2},"end":{"line":24,"column":null}},"5":{"start":{"line":26,"column":2},"end":{"line":16,"column":15}},"6":{"start":{"line":28,"column":22},"end":{"line":28,"column":null}}},"fnMap":{"0":{"name":"(anonymous_0)","decl":{"start":{"line":1,"column":36},"end":{"line":1,"column":null}},"loc":{"start":{"line":1,"column":36},"end":{"line":1,"column":null}}},"1":{"name":"(anonymous_1)","decl":{"start":{"line":16,"column":15},"end":{"line":16,"column":21}},"loc":{"start":{"line":16,"column":21},"end":{"line":26,"column":2}}}},"branchMap":{"0":{"loc":{"start":{"line":1,"column":36},"end":{"line":1,"column":null}},"type":"if","locations":[{"start":{"line":1,"column":36},"end":{"line":1,"column":null}}]}},"s":{"0":48,"1":6,"2":6,"3":6,"4":12,"5":6,"6":12},"f":{"0":12,"1":12},"b":{"0":[6]}}
,"C:/Users/alexs/Desktop/New folder (2)/rs-react-disney/disney-app/src/pages/AboutPage.tsx": {"path":"C:/Users/alexs/Desktop/New folder (2)/rs-react-disney/disney-app/src/pages/AboutPage.tsx","statementMap":{"0":{"start":{"line":1,"column":25},"end":{"line":1,"column":null}},"1":{"start":{"line":3,"column":18},"end":{"line":9,"column":2}},"2":{"start":{"line":4,"column":2},"end":{"line":7,"column":null}},"3":{"start":{"line":9,"column":2},"end":{"line":3,"column":18}},"4":{"start":{"line":11,"column":25},"end":{"line":11,"column":null}}},"fnMap":{"0":{"name":"(anonymous_0)","decl":{"start":{"line":1,"column":25},"end":{"line":1,"column":null}},"loc":{"start":{"line":1,"column":25},"end":{"line":1,"column":null}}},"1":{"name":"(anonymous_1)","decl":{"start":{"line":3,"column":18},"end":{"line":3,"column":24}},"loc":{"start":{"line":3,"column":24},"end":{"line":9,"column":2}}}},"branchMap":{"0":{"loc":{"start":{"line":1,"column":25},"end":{"line":1,"column":null}},"type":"if","locations":[{"start":{"line":1,"column":25},"end":{"line":1,"column":null}}]}},"s":{"0":42,"1":6,"2":2,"3":6,"4":6},"f":{"0":6,"1":2},"b":{"0":[6]}}
,"C:/Users/alexs/Desktop/New folder (2)/rs-react-disney/disney-app/src/pages/ErrorPage.tsx": {"path":"C:/Users/alexs/Desktop/New folder (2)/rs-react-disney/disney-app/src/pages/ErrorPage.tsx","statementMap":{"0":{"start":{"line":1,"column":25},"end":{"line":1,"column":null}},"1":{"start":{"line":4,"column":18},"end":{"line":25,"column":2}},"2":{"start":{"line":5,"column":2},"end":{"line":23,"column":null}},"3":{"start":{"line":25,"column":2},"end":{"line":4,"column":18}},"4":{"start":{"line":27,"column":25},"end":{"line":27,"column":null}}},"fnMap":{"0":{"name":"(anonymous_0)","decl":{"start":{"line":1,"column":25},"end":{"line":1,"column":null}},"loc":{"start":{"line":1,"column":25},"end":{"line":1,"column":null}}},"1":{"name":"(anonymous_1)","decl":{"start":{"line":4,"column":18},"end":{"line":4,"column":24}},"loc":{"start":{"line":4,"column":24},"end":{"line":25,"column":2}}}},"branchMap":{"0":{"loc":{"start":{"line":1,"column":25},"end":{"line":1,"column":null}},"type":"if","locations":[{"start":{"line":1,"column":25},"end":{"line":1,"column":null}}]}},"s":{"0":42,"1":6,"2":2,"3":6,"4":6},"f":{"0":6,"1":2},"b":{"0":[6]}}
,"C:/Users/alexs/Desktop/New folder (2)/rs-react-disney/disney-app/src/pages/ErrorPageStyle.ts": {"path":"C:/Users/alexs/Desktop/New folder (2)/rs-react-disney/disney-app/src/pages/ErrorPageStyle.ts","statementMap":{"0":{"start":{"line":3,"column":31},"end":{"line":3,"column":null}}},"fnMap":{},"branchMap":{},"s":{"0":6},"f":{},"b":{}}
,"C:/Users/alexs/Desktop/New folder (2)/rs-react-disney/disney-app/src/pages/FormPage.tsx": {"path":"C:/Users/alexs/Desktop/New folder (2)/rs-react-disney/disney-app/src/pages/FormPage.tsx","statementMap":{"0":{"start":{"line":11,"column":23},"end":{"line":11,"column":null}},"1":{"start":{"line":29,"column":2},"end":{"line":11,"column":23}},"2":{"start":{"line":31,"column":17},"end":{"line":52,"column":2}},"3":{"start":{"line":31,"column":23},"end":{"line":31,"column":null}},"4":{"start":{"line":32,"column":46},"end":{"line":32,"column":null}},"5":{"start":{"line":33,"column":19},"end":{"line":33,"column":null}},"6":{"start":{"line":34,"column":19},"end":{"line":34,"column":null}},"7":{"start":{"line":35,"column":23},"end":{"line":41,"column":null}},"8":{"start":{"line":36,"column":4},"end":{"line":36,"column":null}},"9":{"start":{"line":37,"column":4},"end":{"line":37,"column":null}},"10":{"start":{"line":38,"column":4},"end":{"line":40,"column":null}},"11":{"start":{"line":39,"column":6},"end":{"line":39,"column":null}},"12":{"start":{"line":42,"column":2},"end":{"line":50,"column":null}},"13":{"start":{"line":52,"column":2},"end":{"line":34,"column":34}},"14":{"start":{"line":31,"column":14},"end":{"line":34,"column":34}},"15":{"start":{"line":34,"column":33},"end":{"line":31,"column":14}},"16":{"start":{"line":54,"column":24},"end":{"line":54,"column":null}}},"fnMap":{"0":{"name":"(anonymous_1)","decl":{"start":{"line":31,"column":17},"end":{"line":31,"column":23}},"loc":{"start":{"line":31,"column":23},"end":{"line":52,"column":2}}},"1":{"name":"(anonymous_2)","decl":{"start":{"line":35,"column":23},"end":{"line":35,"column":24}},"loc":{"start":{"line":35,"column":42},"end":{"line":41,"column":null}}},"2":{"name":"(anonymous_3)","decl":{"start":{"line":38,"column":15},"end":{"line":38,"column":21}},"loc":{"start":{"line":38,"column":21},"end":{"line":40,"column":7}}},"3":{"name":"(anonymous_4)","decl":{"start":{"line":31,"column":14},"end":{"line":31,"column":17}},"loc":{"start":{"line":31,"column":14},"end":{"line":34,"column":34}}}},"branchMap":{"0":{"loc":{"start":{"line":47,"column":9},"end":{"line":47,"column":null}},"type":"binary-expr","locations":[{"start":{"line":47,"column":9},"end":{"line":47,"column":27}},{"start":{"line":47,"column":27},"end":{"line":47,"column":null}}]}},"s":{"0":6,"1":6,"2":6,"3":2,"4":2,"5":2,"6":2,"7":2,"8":0,"9":0,"10":0,"11":0,"12":2,"13":6,"14":1,"15":6,"16":12},"f":{"0":2,"1":0,"2":0,"3":1},"b":{"0":[2,0]}}
,"C:/Users/alexs/Desktop/New folder (2)/rs-react-disney/disney-app/src/pages/HomePage.tsx": {"path":"C:/Users/alexs/Desktop/New folder (2)/rs-react-disney/disney-app/src/pages/HomePage.tsx","statementMap":{"0":{"start":{"line":13,"column":27},"end":{"line":58,"column":2}},"1":{"start":{"line":13,"column":33},"end":{"line":13,"column":null}},"2":{"start":{"line":14,"column":36},"end":{"line":14,"column":null}},"3":{"start":{"line":15,"column":40},"end":{"line":15,"column":null}},"4":{"start":{"line":16,"column":20},"end":{"line":16,"column":null}},"5":{"start":{"line":17,"column":50},"end":{"line":17,"column":null}},"6":{"start":{"line":18,"column":38},"end":{"line":18,"column":null}},"7":{"start":{"line":20,"column":23},"end":{"line":23,"column":null}},"8":{"start":{"line":21,"column":19},"end":{"line":21,"column":null}},"9":{"start":{"line":22,"column":4},"end":{"line":22,"column":null}},"10":{"start":{"line":24,"column":28},"end":{"line":30,"column":null}},"11":{"start":{"line":25,"column":17},"end":{"line":25,"column":null}},"12":{"start":{"line":25,"column":40},"end":{"line":25,"column":54}},"13":{"start":{"line":26,"column":4},"end":{"line":26,"column":null}},"14":{"start":{"line":27,"column":4},"end":{"line":29,"column":null}},"15":{"start":{"line":28,"column":6},"end":{"line":28,"column":null}},"16":{"start":{"line":32,"column":27},"end":{"line":35,"column":null}},"17":{"start":{"line":33,"column":4},"end":{"line":33,"column":null}},"18":{"start":{"line":34,"column":4},"end":{"line":34,"column":null}},"19":{"start":{"line":37,"column":2},"end":{"line":56,"column":null}},"20":{"start":{"line":58,"column":2},"end":{"line":18,"column":55}},"21":{"start":{"line":13,"column":24},"end":{"line":18,"column":55}},"22":{"start":{"line":18,"column":54},"end":{"line":13,"column":24}},"23":{"start":{"line":59,"column":24},"end":{"line":59,"column":null}}},"fnMap":{"0":{"name":"(anonymous_1)","decl":{"start":{"line":13,"column":27},"end":{"line":13,"column":33}},"loc":{"start":{"line":13,"column":33},"end":{"line":58,"column":2}}},"1":{"name":"(anonymous_2)","decl":{"start":{"line":20,"column":23},"end":{"line":20,"column":35}},"loc":{"start":{"line":20,"column":35},"end":{"line":23,"column":null}}},"2":{"name":"(anonymous_3)","decl":{"start":{"line":24,"column":28},"end":{"line":24,"column":29}},"loc":{"start":{"line":24,"column":50},"end":{"line":30,"column":null}}},"3":{"name":"(anonymous_4)","decl":{"start":{"line":25,"column":31},"end":{"line":25,"column":40}},"loc":{"start":{"line":25,"column":40},"end":{"line":25,"column":54}}},"4":{"name":"(anonymous_5)","decl":{"start":{"line":32,"column":27},"end":{"line":32,"column":39}},"loc":{"start":{"line":32,"column":39},"end":{"line":35,"column":null}}},"5":{"name":"(anonymous_6)","decl":{"start":{"line":13,"column":24},"end":{"line":13,"column":27}},"loc":{"start":{"line":13,"column":24},"end":{"line":18,"column":55}}}},"branchMap":{"0":{"loc":{"start":{"line":27,"column":4},"end":{"line":29,"column":null}},"type":"if","locations":[{"start":{"line":27,"column":4},"end":{"line":29,"column":null}}]},"1":{"loc":{"start":{"line":42,"column":24},"end":{"line":42,"column":null}},"type":"cond-expr","locations":[{"start":{"line":42,"column":36},"end":{"line":42,"column":47}},{"start":{"line":42,"column":47},"end":{"line":42,"column":null}}]},"2":{"loc":{"start":{"line":48,"column":7},"end":{"line":53,"column":null}},"type":"cond-expr","locations":[{"start":{"line":49,"column":8},"end":{"line":49,"column":null}},{"start":{"line":50,"column":10},"end":{"line":53,"column":null}}]},"3":{"loc":{"start":{"line":50,"column":10},"end":{"line":53,"column":null}},"type":"cond-expr","locations":[{"start":{"line":51,"column":8},"end":{"line":51,"column":null}},{"start":{"line":53,"column":8},"end":{"line":53,"column":null}}]},"4":{"loc":{"start":{"line":50,"column":10},"end":{"line":50,"column":null}},"type":"binary-expr","locations":[{"start":{"line":50,"column":10},"end":{"line":50,"column":27}},{"start":{"line":50,"column":27},"end":{"line":50,"column":null}}]},"5":{"loc":{"start":{"line":53,"column":8},"end":{"line":53,"column":null}},"type":"binary-expr","locations":[{"start":{"line":53,"column":8},"end":{"line":53,"column":24}},{"start":{"line":53,"column":24},"end":{"line":53,"column":null}}]},"6":{"loc":{"start":{"line":55,"column":7},"end":{"line":55,"column":null}},"type":"binary-expr","locations":[{"start":{"line":55,"column":7},"end":{"line":55,"column":20}},{"start":{"line":55,"column":20},"end":{"line":55,"column":43}},{"start":{"line":55,"column":43},"end":{"line":55,"column":null}}]}},"s":{"0":6,"1":22,"2":22,"3":22,"4":22,"5":22,"6":22,"7":22,"8":0,"9":0,"10":22,"11":0,"12":0,"13":0,"14":0,"15":0,"16":22,"17":0,"18":0,"19":22,"20":6,"21":5,"22":6,"23":6},"f":{"0":22,"1":0,"2":0,"3":0,"4":0,"5":5},"b":{"0":[0],"1":[0,22],"2":[20,2],"3":[2,0],"4":[2,0],"5":[0,0],"6":[22,0,0]}}
,"C:/Users/alexs/Desktop/New folder (2)/rs-react-disney/disney-app/src/redux/hooks.ts": {"path":"C:/Users/alexs/Desktop/New folder (2)/rs-react-disney/disney-app/src/redux/hooks.ts","statementMap":{"0":{"start":{"line":4,"column":49},"end":{"line":4,"column":null}},"1":{"start":{"line":5,"column":63},"end":{"line":5,"column":null}}},"fnMap":{},"branchMap":{},"s":{"0":6,"1":6},"f":{},"b":{}}
,"C:/Users/alexs/Desktop/New folder (2)/rs-react-disney/disney-app/src/redux/newItemsSlice.ts": {"path":"C:/Users/alexs/Desktop/New folder (2)/rs-react-disney/disney-app/src/redux/newItemsSlice.ts","statementMap":{"0":{"start":{"line":9,"column":37},"end":{"line":11,"column":null}},"1":{"start":{"line":13,"column":29},"end":{"line":21,"column":null}},"2":{"start":{"line":18,"column":6},"end":{"line":18,"column":null}},"3":{"start":{"line":23,"column":31},"end":{"line":23,"column":null}},"4":{"start":{"line":25,"column":30},"end":{"line":25,"column":null}},"5":{"start":{"line":25,"column":52},"end":{"line":25,"column":null}}},"fnMap":{"0":{"name":"(anonymous_0)","decl":{"start":{"line":17,"column":17},"end":{"line":17,"column":18}},"loc":{"start":{"line":17,"column":61},"end":{"line":19,"column":null}}},"1":{"name":"(anonymous_1)","decl":{"start":{"line":25,"column":30},"end":{"line":25,"column":31}},"loc":{"start":{"line":25,"column":52},"end":{"line":25,"column":null}}}},"branchMap":{},"s":{"0":6,"1":6,"2":0,"3":6,"4":6,"5":3},"f":{"0":0,"1":3},"b":{}}
,"C:/Users/alexs/Desktop/New folder (2)/rs-react-disney/disney-app/src/redux/searchStrSlice.ts": {"path":"C:/Users/alexs/Desktop/New folder (2)/rs-react-disney/disney-app/src/redux/searchStrSlice.ts","statementMap":{"0":{"start":{"line":8,"column":38},"end":{"line":10,"column":null}},"1":{"start":{"line":12,"column":30},"end":{"line":20,"column":null}},"2":{"start":{"line":17,"column":6},"end":{"line":17,"column":null}},"3":{"start":{"line":22,"column":32},"end":{"line":22,"column":null}},"4":{"start":{"line":24,"column":31},"end":{"line":24,"column":null}},"5":{"start":{"line":24,"column":53},"end":{"line":24,"column":null}}},"fnMap":{"0":{"name":"(anonymous_0)","decl":{"start":{"line":16,"column":18},"end":{"line":16,"column":19}},"loc":{"start":{"line":16,"column":60},"end":{"line":18,"column":null}}},"1":{"name":"(anonymous_1)","decl":{"start":{"line":24,"column":31},"end":{"line":24,"column":32}},"loc":{"start":{"line":24,"column":53},"end":{"line":24,"column":null}}}},"branchMap":{},"s":{"0":6,"1":6,"2":0,"3":6,"4":6,"5":110},"f":{"0":0,"1":110},"b":{}}
,"C:/Users/alexs/Desktop/New folder (2)/rs-react-disney/disney-app/src/redux/store.ts": {"path":"C:/Users/alexs/Desktop/New folder (2)/rs-react-disney/disney-app/src/redux/store.ts","statementMap":{"0":{"start":{"line":6,"column":20},"end":{"line":10,"column":null}},"1":{"start":{"line":13,"column":2},"end":{"line":17,"column":null}},"2":{"start":{"line":16,"column":42},"end":{"line":16,"column":null}}},"fnMap":{"0":{"name":"setupStore","decl":{"start":{"line":12,"column":16},"end":{"line":12,"column":27}},"loc":{"start":{"line":12,"column":71},"end":{"line":18,"column":null}}},"1":{"name":"(anonymous_1)","decl":{"start":{"line":16,"column":16},"end":{"line":16,"column":17}},"loc":{"start":{"line":16,"column":42},"end":{"line":16,"column":null}}}},"branchMap":{},"s":{"0":6,"1":6,"2":6},"f":{"0":6,"1":6},"b":{}}
,"C:/Users/alexs/Desktop/New folder (2)/rs-react-disney/disney-app/src/utils/animeApi.ts": {"path":"C:/Users/alexs/Desktop/New folder (2)/rs-react-disney/disney-app/src/utils/animeApi.ts","statementMap":{"0":{"start":{"line":5,"column":24},"end":{"line":19,"column":null}},"1":{"start":{"line":8,"column":27},"end":{"line":18,"column":null}},"2":{"start":{"line":10,"column":29},"end":{"line":13,"column":null}},"3":{"start":{"line":15,"column":8},"end":{"line":15,"column":null}},"4":{"start":{"line":21,"column":36},"end":{"line":21,"column":null}}},"fnMap":{"0":{"name":"(anonymous_0)","decl":{"start":{"line":8,"column":13},"end":{"line":8,"column":14}},"loc":{"start":{"line":8,"column":27},"end":{"line":18,"column":null}}},"1":{"name":"(anonymous_1)","decl":{"start":{"line":10,"column":13},"end":{"line":10,"column":14}},"loc":{"start":{"line":10,"column":29},"end":{"line":13,"column":null}}},"2":{"name":"(anonymous_2)","decl":{"start":{"line":14,"column":25},"end":{"line":14,"column":32}},"loc":{"start":{"line":14,"column":65},"end":{"line":16,"column":null}}}},"branchMap":{"0":{"loc":{"start":{"line":12,"column":72},"end":{"line":12,"column":95}},"type":"binary-expr","locations":[{"start":{"line":12,"column":72},"end":{"line":12,"column":85}},{"start":{"line":12,"column":85},"end":{"line":12,"column":95}}]}},"s":{"0":6,"1":6,"2":5,"3":0,"4":6},"f":{"0":6,"1":5,"2":0},"b":{"0":[5,5]}}
,"C:/Users/alexs/Desktop/New folder (2)/rs-react-disney/disney-app/src/utils/functions.ts": {"path":"C:/Users/alexs/Desktop/New folder (2)/rs-react-disney/disney-app/src/utils/functions.ts","statementMap":{"0":{"start":{"line":2,"column":15},"end":{"line":2,"column":null}},"1":{"start":{"line":3,"column":12},"end":{"line":3,"column":null}},"2":{"start":{"line":4,"column":2},"end":{"line":7,"column":null}},"3":{"start":{"line":4,"column":15},"end":{"line":4,"column":18}},"4":{"start":{"line":5,"column":16},"end":{"line":5,"column":null}},"5":{"start":{"line":6,"column":4},"end":{"line":6,"column":null}},"6":{"start":{"line":8,"column":2},"end":{"line":8,"column":null}},"7":{"start":{"line":12,"column":2},"end":{"line":18,"column":null}},"8":{"start":{"line":13,"column":19},"end":{"line":13,"column":null}},"9":{"start":{"line":15,"column":4},"end":{"line":15,"column":null}},"10":{"start":{"line":16,"column":4},"end":{"line":16,"column":null}},"11":{"start":{"line":16,"column":26},"end":{"line":16,"column":null}},"12":{"start":{"line":17,"column":4},"end":{"line":17,"column":null}},"13":{"start":{"line":17,"column":32},"end":{"line":17,"column":null}}},"fnMap":{"0":{"name":"pass_gen","decl":{"start":{"line":1,"column":16},"end":{"line":1,"column":27}},"loc":{"start":{"line":1,"column":27},"end":{"line":9,"column":null}}},"1":{"name":"getBase64","decl":{"start":{"line":11,"column":16},"end":{"line":11,"column":26}},"loc":{"start":{"line":11,"column":38},"end":{"line":19,"column":null}}},"2":{"name":"(anonymous_2)","decl":{"start":{"line":12,"column":29},"end":{"line":12,"column":30}},"loc":{"start":{"line":12,"column":50},"end":{"line":18,"column":3}}},"3":{"name":"(anonymous_3)","decl":{"start":{"line":16,"column":20},"end":{"line":16,"column":26}},"loc":{"start":{"line":16,"column":26},"end":{"line":16,"column":null}}},"4":{"name":"(anonymous_4)","decl":{"start":{"line":17,"column":21},"end":{"line":17,"column":22}},"loc":{"start":{"line":17,"column":32},"end":{"line":17,"column":null}}}},"branchMap":{},"s":{"0":0,"1":0,"2":0,"3":0,"4":0,"5":0,"6":0,"7":0,"8":0,"9":0,"10":0,"11":0,"12":0,"13":0},"f":{"0":0,"1":0,"2":0,"3":0,"4":0},"b":{}}
,"C:/Users/alexs/Desktop/New folder (2)/rs-react-disney/disney-app/src/utils/validation.ts": {"path":"C:/Users/alexs/Desktop/New folder (2)/rs-react-disney/disney-app/src/utils/validation.ts","statementMap":{"0":{"start":{"line":1,"column":34},"end":{"line":6,"column":null}},"1":{"start":{"line":2,"column":2},"end":{"line":4,"column":null}},"2":{"start":{"line":8,"column":28},"end":{"line":11,"column":null}},"3":{"start":{"line":9,"column":8},"end":{"line":9,"column":null}},"4":{"start":{"line":10,"column":2},"end":{"line":10,"column":null}}},"fnMap":{"0":{"name":"(anonymous_0)","decl":{"start":{"line":1,"column":34},"end":{"line":1,"column":35}},"loc":{"start":{"line":1,"column":51},"end":{"line":6,"column":null}}},"1":{"name":"(anonymous_1)","decl":{"start":{"line":8,"column":28},"end":{"line":8,"column":29}},"loc":{"start":{"line":8,"column":47},"end":{"line":11,"column":null}}}},"branchMap":{"0":{"loc":{"start":{"line":3,"column":4},"end":{"line":4,"column":null}},"type":"binary-expr","locations":[{"start":{"line":3,"column":4},"end":{"line":3,"column":null}},{"start":{"line":4,"column":4},"end":{"line":4,"column":null}}]},"1":{"loc":{"start":{"line":10,"column":9},"end":{"line":10,"column":null}},"type":"binary-expr","locations":[{"start":{"line":10,"column":9},"end":{"line":10,"column":27}},{"start":{"line":10,"column":27},"end":{"line":10,"column":null}}]}},"s":{"0":6,"1":0,"2":6,"3":0,"4":0},"f":{"0":0,"1":0},"b":{"0":[0,0],"1":[0,0]}}
,"C:/Users/alexs/Desktop/studying/rsschool/React/rs-react-disney/disney-app/src/App.tsx": {"path":"C:/Users/alexs/Desktop/studying/rsschool/React/rs-react-disney/disney-app/src/App.tsx","statementMap":{"0":{"start":{"line":1,"column":36},"end":{"line":1,"column":null}},"1":{"start":{"line":12,"column":16},"end":{"line":12,"column":null}},"2":{"start":{"line":17,"column":2},"end":{"line":12,"column":16}},"3":{"start":{"line":19,"column":12},"end":{"line":32,"column":2}},"4":{"start":{"line":20,"column":2},"end":{"line":30,"column":null}},"5":{"start":{"line":32,"column":2},"end":{"line":19,"column":12}},"6":{"start":{"line":34,"column":19},"end":{"line":34,"column":null}}},"fnMap":{"0":{"name":"(anonymous_0)","decl":{"start":{"line":1,"column":36},"end":{"line":1,"column":null}},"loc":{"start":{"line":1,"column":36},"end":{"line":1,"column":null}}},"1":{"name":"(anonymous_1)","decl":{"start":{"line":19,"column":12},"end":{"line":19,"column":18}},"loc":{"start":{"line":19,"column":18},"end":{"line":32,"column":2}}}},"branchMap":{"0":{"loc":{"start":{"line":1,"column":36},"end":{"line":1,"column":null}},"type":"if","locations":[{"start":{"line":1,"column":36},"end":{"line":1,"column":null}}]}},"s":{"0":3000,"1":375,"2":375,"3":375,"4":750,"5":375,"6":750},"f":{"0":750,"1":750},"b":{"0":[375]}}
,"C:/Users/alexs/Desktop/studying/rsschool/React/rs-react-disney/disney-app/src/Router.tsx": {"path":"C:/Users/alexs/Desktop/studying/rsschool/React/rs-react-disney/disney-app/src/Router.tsx","statementMap":{},"fnMap":{},"branchMap":{},"s":{},"f":{},"b":{}}
,"C:/Users/alexs/Desktop/studying/rsschool/React/rs-react-disney/disney-app/src/entry-client.tsx": {"path":"C:/Users/alexs/Desktop/studying/rsschool/React/rs-react-disney/disney-app/src/entry-client.tsx","statementMap":{"0":{"start":{"line":9,"column":14},"end":{"line":9,"column":null}},"1":{"start":{"line":11,"column":0},"end":{"line":20,"column":null}}},"fnMap":{},"branchMap":{},"s":{"0":375,"1":375},"f":{},"b":{}}
,"C:/Users/alexs/Desktop/studying/rsschool/React/rs-react-disney/disney-app/src/entry-server.tsx": {"path":"C:/Users/alexs/Desktop/studying/rsschool/React/rs-react-disney/disney-app/src/entry-server.tsx","statementMap":{},"fnMap":{},"branchMap":{},"s":{},"f":{},"b":{}}
,"C:/Users/alexs/Desktop/studying/rsschool/React/rs-react-disney/disney-app/src/components/FormComponent.tsx": {"path":"C:/Users/alexs/Desktop/studying/rsschool/React/rs-react-disney/disney-app/src/components/FormComponent.tsx","statementMap":{"0":{"start":{"line":8,"column":22},"end":{"line":136,"column":2}},"1":{"start":{"line":8,"column":67},"end":{"line":8,"column":null}},"2":{"start":{"line":14,"column":6},"end":{"line":25,"column":null}},"3":{"start":{"line":26,"column":19},"end":{"line":39,"column":null}},"4":{"start":{"line":27,"column":17},"end":{"line":27,"column":null}},"5":{"start":{"line":28,"column":4},"end":{"line":37,"column":null}},"6":{"start":{"line":38,"column":4},"end":{"line":38,"column":null}},"7":{"start":{"line":40,"column":2},"end":{"line":134,"column":null}},"8":{"start":{"line":41,"column":32},"end":{"line":41,"column":null}},"9":{"start":{"line":136,"column":2},"end":{"line":14,"column":26}},"10":{"start":{"line":8,"column":19},"end":{"line":14,"column":26}},"11":{"start":{"line":14,"column":13},"end":{"line":8,"column":19}},"12":{"start":{"line":138,"column":29},"end":{"line":138,"column":null}}},"fnMap":{"0":{"name":"(anonymous_1)","decl":{"start":{"line":8,"column":22},"end":{"line":8,"column":23}},"loc":{"start":{"line":8,"column":67},"end":{"line":136,"column":2}}},"1":{"name":"(anonymous_2)","decl":{"start":{"line":26,"column":19},"end":{"line":26,"column":20}},"loc":{"start":{"line":26,"column":38},"end":{"line":39,"column":null}}},"2":{"name":"(anonymous_3)","decl":{"start":{"line":41,"column":26},"end":{"line":41,"column":32}},"loc":{"start":{"line":41,"column":32},"end":{"line":41,"column":null}}},"3":{"name":"(anonymous_4)","decl":{"start":{"line":8,"column":19},"end":{"line":8,"column":22}},"loc":{"start":{"line":8,"column":19},"end":{"line":14,"column":26}}}},"branchMap":{"0":{"loc":{"start":{"line":116,"column":9},"end":{"line":116,"column":null}},"type":"binary-expr","locations":[{"start":{"line":116,"column":9},"end":{"line":116,"column":50}},{"start":{"line":116,"column":50},"end":{"line":116,"column":null}}]},"1":{"loc":{"start":{"line":127,"column":9},"end":{"line":128,"column":null}},"type":"binary-expr","locations":[{"start":{"line":127,"column":9},"end":{"line":127,"column":null}},{"start":{"line":128,"column":10},"end":{"line":128,"column":null}}]}},"s":{"0":375,"1":258,"2":258,"3":258,"4":0,"5":0,"6":0,"7":258,"8":51,"9":54,"10":372,"11":81,"12":375},"f":{"0":258,"1":0,"2":51,"3":78},"b":{"0":[258,102],"1":[258,102]}}
,"C:/Users/alexs/Desktop/studying/rsschool/React/rs-react-disney/disney-app/src/components/FormComponentStyle.ts": {"path":"C:/Users/alexs/Desktop/studying/rsschool/React/rs-react-disney/disney-app/src/components/FormComponentStyle.ts","statementMap":{"0":{"start":{"line":3,"column":26},"end":{"line":3,"column":null}}},"fnMap":{},"branchMap":{},"s":{"0":375},"f":{},"b":{}}
,"C:/Users/alexs/Desktop/studying/rsschool/React/rs-react-disney/disney-app/src/components/Loader.tsx": {"path":"C:/Users/alexs/Desktop/studying/rsschool/React/rs-react-disney/disney-app/src/components/Loader.tsx","statementMap":{"0":{"start":{"line":1,"column":36},"end":{"line":1,"column":null}},"1":{"start":{"line":3,"column":21},"end":{"line":3,"column":null}},"2":{"start":{"line":70,"column":2},"end":{"line":3,"column":21}},"3":{"start":{"line":71,"column":15},"end":{"line":86,"column":2}},"4":{"start":{"line":72,"column":2},"end":{"line":84,"column":null}},"5":{"start":{"line":86,"column":2},"end":{"line":71,"column":15}},"6":{"start":{"line":88,"column":22},"end":{"line":88,"column":null}}},"fnMap":{"0":{"name":"(anonymous_0)","decl":{"start":{"line":1,"column":36},"end":{"line":1,"column":null}},"loc":{"start":{"line":1,"column":36},"end":{"line":1,"column":null}}},"1":{"name":"(anonymous_1)","decl":{"start":{"line":71,"column":15},"end":{"line":71,"column":21}},"loc":{"start":{"line":71,"column":21},"end":{"line":86,"column":2}}}},"branchMap":{"0":{"loc":{"start":{"line":1,"column":36},"end":{"line":1,"column":null}},"type":"if","locations":[{"start":{"line":1,"column":36},"end":{"line":1,"column":null}}]}},"s":{"0":3000,"1":375,"2":375,"3":375,"4":1286,"5":375,"6":750},"f":{"0":750,"1":1286},"b":{"0":[375]}}
,"C:/Users/alexs/Desktop/studying/rsschool/React/rs-react-disney/disney-app/src/components/Modal.tsx": {"path":"C:/Users/alexs/Desktop/studying/rsschool/React/rs-react-disney/disney-app/src/components/Modal.tsx","statementMap":{"0":{"start":{"line":1,"column":36},"end":{"line":1,"column":null}},"1":{"start":{"line":10,"column":20},"end":{"line":10,"column":null}},"2":{"start":{"line":60,"column":2},"end":{"line":10,"column":20}},"3":{"start":{"line":61,"column":14},"end":{"line":97,"column":2}},"4":{"start":{"line":62,"column":28},"end":{"line":64,"column":null}},"5":{"start":{"line":63,"column":4},"end":{"line":63,"column":null}},"6":{"start":{"line":65,"column":24},"end":{"line":65,"column":null}},"7":{"start":{"line":66,"column":15},"end":{"line":66,"column":null}},"8":{"start":{"line":67,"column":2},"end":{"line":95,"column":null}},"9":{"start":{"line":97,"column":2},"end":{"line":61,"column":14}},"10":{"start":{"line":99,"column":21},"end":{"line":99,"column":null}}},"fnMap":{"0":{"name":"(anonymous_0)","decl":{"start":{"line":1,"column":36},"end":{"line":1,"column":null}},"loc":{"start":{"line":1,"column":36},"end":{"line":1,"column":null}}},"1":{"name":"(anonymous_1)","decl":{"start":{"line":61,"column":14},"end":{"line":61,"column":15}},"loc":{"start":{"line":61,"column":38},"end":{"line":97,"column":2}}},"2":{"name":"(anonymous_2)","decl":{"start":{"line":62,"column":28},"end":{"line":62,"column":29}},"loc":{"start":{"line":62,"column":85},"end":{"line":64,"column":null}}}},"branchMap":{"0":{"loc":{"start":{"line":1,"column":36},"end":{"line":1,"column":null}},"type":"if","locations":[{"start":{"line":1,"column":36},"end":{"line":1,"column":null}}]}},"s":{"0":3000,"1":375,"2":375,"3":375,"4":30,"5":0,"6":30,"7":30,"8":30,"9":375,"10":750},"f":{"0":750,"1":30,"2":0},"b":{"0":[375]}}
,"C:/Users/alexs/Desktop/studying/rsschool/React/rs-react-disney/disney-app/src/components/Navbar.tsx": {"path":"C:/Users/alexs/Desktop/studying/rsschool/React/rs-react-disney/disney-app/src/components/Navbar.tsx","statementMap":{"0":{"start":{"line":1,"column":36},"end":{"line":1,"column":null}},"1":{"start":{"line":4,"column":18},"end":{"line":4,"column":null}},"2":{"start":{"line":26,"column":2},"end":{"line":4,"column":18}},"3":{"start":{"line":28,"column":15},"end":{"line":44,"column":2}},"4":{"start":{"line":29,"column":2},"end":{"line":42,"column":null}},"5":{"start":{"line":44,"column":2},"end":{"line":28,"column":15}},"6":{"start":{"line":45,"column":22},"end":{"line":45,"column":null}}},"fnMap":{"0":{"name":"(anonymous_0)","decl":{"start":{"line":1,"column":36},"end":{"line":1,"column":null}},"loc":{"start":{"line":1,"column":36},"end":{"line":1,"column":null}}},"1":{"name":"(anonymous_1)","decl":{"start":{"line":28,"column":15},"end":{"line":28,"column":21}},"loc":{"start":{"line":28,"column":21},"end":{"line":44,"column":2}}}},"branchMap":{"0":{"loc":{"start":{"line":1,"column":36},"end":{"line":1,"column":null}},"type":"if","locations":[{"start":{"line":1,"column":36},"end":{"line":1,"column":null}}]}},"s":{"0":3000,"1":375,"2":375,"3":375,"4":750,"5":375,"6":750},"f":{"0":750,"1":750},"b":{"0":[375]}}
,"C:/Users/alexs/Desktop/studying/rsschool/React/rs-react-disney/disney-app/src/components/Notification.tsx": {"path":"C:/Users/alexs/Desktop/studying/rsschool/React/rs-react-disney/disney-app/src/components/Notification.tsx","statementMap":{"0":{"start":{"line":1,"column":36},"end":{"line":1,"column":null}},"1":{"start":{"line":3,"column":22},"end":{"line":3,"column":null}},"2":{"start":{"line":12,"column":2},"end":{"line":3,"column":22}},"3":{"start":{"line":17,"column":16},"end":{"line":19,"column":2}},"4":{"start":{"line":18,"column":2},"end":{"line":18,"column":null}},"5":{"start":{"line":19,"column":2},"end":{"line":17,"column":16}},"6":{"start":{"line":21,"column":23},"end":{"line":21,"column":null}}},"fnMap":{"0":{"name":"(anonymous_0)","decl":{"start":{"line":1,"column":36},"end":{"line":1,"column":null}},"loc":{"start":{"line":1,"column":36},"end":{"line":1,"column":null}}},"1":{"name":"(anonymous_1)","decl":{"start":{"line":17,"column":16},"end":{"line":17,"column":17}},"loc":{"start":{"line":17,"column":42},"end":{"line":19,"column":2}}}},"branchMap":{"0":{"loc":{"start":{"line":1,"column":36},"end":{"line":1,"column":null}},"type":"if","locations":[{"start":{"line":1,"column":36},"end":{"line":1,"column":null}}]}},"s":{"0":3000,"1":375,"2":375,"3":375,"4":0,"5":375,"6":750},"f":{"0":750,"1":0},"b":{"0":[375]}}
,"C:/Users/alexs/Desktop/studying/rsschool/React/rs-react-disney/disney-app/src/components/OneCard.tsx": {"path":"C:/Users/alexs/Desktop/studying/rsschool/React/rs-react-disney/disney-app/src/components/OneCard.tsx","statementMap":{"0":{"start":{"line":1,"column":36},"end":{"line":1,"column":null}},"1":{"start":{"line":5,"column":19},"end":{"line":5,"column":null}},"2":{"start":{"line":26,"column":2},"end":{"line":5,"column":19}},"3":{"start":{"line":32,"column":16},"end":{"line":52,"column":2}},"4":{"start":{"line":33,"column":24},"end":{"line":33,"column":null}},"5":{"start":{"line":34,"column":15},"end":{"line":34,"column":null}},"6":{"start":{"line":35,"column":2},"end":{"line":50,"column":null}},"7":{"start":{"line":52,"column":2},"end":{"line":32,"column":16}},"8":{"start":{"line":53,"column":23},"end":{"line":53,"column":null}}},"fnMap":{"0":{"name":"(anonymous_0)","decl":{"start":{"line":1,"column":36},"end":{"line":1,"column":null}},"loc":{"start":{"line":1,"column":36},"end":{"line":1,"column":null}}},"1":{"name":"(anonymous_1)","decl":{"start":{"line":32,"column":16},"end":{"line":32,"column":17}},"loc":{"start":{"line":32,"column":39},"end":{"line":52,"column":2}}}},"branchMap":{"0":{"loc":{"start":{"line":1,"column":36},"end":{"line":1,"column":null}},"type":"if","locations":[{"start":{"line":1,"column":36},"end":{"line":1,"column":null}}]},"1":{"loc":{"start":{"line":39,"column":10},"end":{"line":40,"column":null}},"type":"binary-expr","locations":[{"start":{"line":39,"column":10},"end":{"line":39,"column":null}},{"start":{"line":40,"column":10},"end":{"line":40,"column":null}}]}},"s":{"0":3000,"1":375,"2":375,"3":375,"4":1160,"5":1160,"6":1160,"7":375,"8":750},"f":{"0":750,"1":1160},"b":{"0":[375],"1":[1160,0]}}
,"C:/Users/alexs/Desktop/studying/rsschool/React/rs-react-disney/disney-app/src/components/OneNewCard.tsx": {"path":"C:/Users/alexs/Desktop/studying/rsschool/React/rs-react-disney/disney-app/src/components/OneNewCard.tsx","statementMap":{"0":{"start":{"line":1,"column":36},"end":{"line":1,"column":null}},"1":{"start":{"line":4,"column":19},"end":{"line":4,"column":null}},"2":{"start":{"line":18,"column":2},"end":{"line":4,"column":19}},"3":{"start":{"line":23,"column":19},"end":{"line":36,"column":2}},"4":{"start":{"line":24,"column":16},"end":{"line":24,"column":null}},"5":{"start":{"line":25,"column":2},"end":{"line":34,"column":null}},"6":{"start":{"line":36,"column":2},"end":{"line":23,"column":19}},"7":{"start":{"line":38,"column":26},"end":{"line":38,"column":null}}},"fnMap":{"0":{"name":"(anonymous_0)","decl":{"start":{"line":1,"column":36},"end":{"line":1,"column":null}},"loc":{"start":{"line":1,"column":36},"end":{"line":1,"column":null}}},"1":{"name":"(anonymous_1)","decl":{"start":{"line":23,"column":19},"end":{"line":23,"column":20}},"loc":{"start":{"line":23,"column":48},"end":{"line":36,"column":2}}}},"branchMap":{"0":{"loc":{"start":{"line":1,"column":36},"end":{"line":1,"column":null}},"type":"if","locations":[{"start":{"line":1,"column":36},"end":{"line":1,"column":null}}]}},"s":{"0":3000,"1":375,"2":375,"3":375,"4":0,"5":0,"6":375,"7":750},"f":{"0":750,"1":0},"b":{"0":[375]}}
,"C:/Users/alexs/Desktop/studying/rsschool/React/rs-react-disney/disney-app/src/components/SearchPanel.tsx": {"path":"C:/Users/alexs/Desktop/studying/rsschool/React/rs-react-disney/disney-app/src/components/SearchPanel.tsx","statementMap":{"0":{"start":{"line":5,"column":24},"end":{"line":5,"column":null}},"1":{"start":{"line":20,"column":2},"end":{"line":5,"column":24}},"2":{"start":{"line":24,"column":20},"end":{"line":53,"column":2}},"3":{"start":{"line":24,"column":62},"end":{"line":24,"column":null}},"4":{"start":{"line":25,"column":20},"end":{"line":25,"column":null}},"5":{"start":{"line":26,"column":21},"end":{"line":26,"column":null}},"6":{"start":{"line":27,"column":19},"end":{"line":27,"column":null}},"7":{"start":{"line":28,"column":2},"end":{"line":30,"column":null}},"8":{"start":{"line":29,"column":4},"end":{"line":29,"column":null}},"9":{"start":{"line":32,"column":28},"end":{"line":34,"column":null}},"10":{"start":{"line":33,"column":4},"end":{"line":33,"column":null}},"11":{"start":{"line":36,"column":25},"end":{"line":41,"column":null}},"12":{"start":{"line":37,"column":4},"end":{"line":40,"column":null}},"13":{"start":{"line":38,"column":6},"end":{"line":38,"column":null}},"14":{"start":{"line":39,"column":6},"end":{"line":39,"column":null}},"15":{"start":{"line":42,"column":2},"end":{"line":51,"column":null}},"16":{"start":{"line":53,"column":2},"end":{"line":27,"column":34}},"17":{"start":{"line":24,"column":17},"end":{"line":27,"column":34}},"18":{"start":{"line":27,"column":33},"end":{"line":24,"column":17}},"19":{"start":{"line":54,"column":27},"end":{"line":54,"column":null}}},"fnMap":{"0":{"name":"(anonymous_1)","decl":{"start":{"line":24,"column":20},"end":{"line":24,"column":21}},"loc":{"start":{"line":24,"column":62},"end":{"line":53,"column":2}}},"1":{"name":"(anonymous_2)","decl":{"start":{"line":28,"column":12},"end":{"line":28,"column":18}},"loc":{"start":{"line":28,"column":18},"end":{"line":30,"column":5}}},"2":{"name":"(anonymous_3)","decl":{"start":{"line":32,"column":28},"end":{"line":32,"column":29}},"loc":{"start":{"line":32,"column":72},"end":{"line":34,"column":null}}},"3":{"name":"(anonymous_4)","decl":{"start":{"line":36,"column":25},"end":{"line":36,"column":26}},"loc":{"start":{"line":36,"column":71},"end":{"line":41,"column":null}}},"4":{"name":"(anonymous_5)","decl":{"start":{"line":24,"column":17},"end":{"line":24,"column":20}},"loc":{"start":{"line":24,"column":17},"end":{"line":27,"column":34}}}},"branchMap":{"0":{"loc":{"start":{"line":37,"column":4},"end":{"line":40,"column":null}},"type":"if","locations":[{"start":{"line":37,"column":4},"end":{"line":40,"column":null}}]}},"s":{"0":375,"1":375,"2":375,"3":1596,"4":1596,"5":1596,"6":1596,"7":1596,"8":634,"9":1596,"10":36,"11":1596,"12":40,"13":4,"14":4,"15":1596,"16":375,"17":300,"18":375,"19":750},"f":{"0":1596,"1":634,"2":36,"3":40,"4":300},"b":{"0":[4]}}
,"C:/Users/alexs/Desktop/studying/rsschool/React/rs-react-disney/disney-app/src/containers/AllCards.tsx": {"path":"C:/Users/alexs/Desktop/studying/rsschool/React/rs-react-disney/disney-app/src/containers/AllCards.tsx","statementMap":{"0":{"start":{"line":1,"column":36},"end":{"line":1,"column":null}},"1":{"start":{"line":6,"column":20},"end":{"line":6,"column":null}},"2":{"start":{"line":14,"column":2},"end":{"line":6,"column":20}},"3":{"start":{"line":20,"column":17},"end":{"line":30,"column":2}},"4":{"start":{"line":21,"column":16},"end":{"line":21,"column":null}},"5":{"start":{"line":23,"column":2},"end":{"line":28,"column":null}},"6":{"start":{"line":26,"column":8},"end":{"line":26,"column":null}},"7":{"start":{"line":26,"column":58},"end":{"line":26,"column":91}},"8":{"start":{"line":30,"column":2},"end":{"line":20,"column":17}},"9":{"start":{"line":31,"column":24},"end":{"line":31,"column":null}}},"fnMap":{"0":{"name":"(anonymous_0)","decl":{"start":{"line":1,"column":36},"end":{"line":1,"column":null}},"loc":{"start":{"line":1,"column":36},"end":{"line":1,"column":null}}},"1":{"name":"(anonymous_1)","decl":{"start":{"line":20,"column":17},"end":{"line":20,"column":18}},"loc":{"start":{"line":20,"column":44},"end":{"line":30,"column":2}}},"2":{"name":"(anonymous_2)","decl":{"start":{"line":25,"column":18},"end":{"line":25,"column":null}},"loc":{"start":{"line":26,"column":8},"end":{"line":26,"column":null}}},"3":{"name":"(anonymous_3)","decl":{"start":{"line":26,"column":52},"end":{"line":26,"column":58}},"loc":{"start":{"line":26,"column":58},"end":{"line":26,"column":91}}}},"branchMap":{"0":{"loc":{"start":{"line":1,"column":36},"end":{"line":1,"column":null}},"type":"if","locations":[{"start":{"line":1,"column":36},"end":{"line":1,"column":null}}]}},"s":{"0":3000,"1":375,"2":375,"3":375,"4":116,"5":116,"6":1160,"7":15,"8":375,"9":750},"f":{"0":750,"1":116,"2":1160,"3":15},"b":{"0":[375]}}
,"C:/Users/alexs/Desktop/studying/rsschool/React/rs-react-disney/disney-app/src/containers/AllNewCards.tsx": {"path":"C:/Users/alexs/Desktop/studying/rsschool/React/rs-react-disney/disney-app/src/containers/AllNewCards.tsx","statementMap":{"0":{"start":{"line":1,"column":36},"end":{"line":1,"column":null}},"1":{"start":{"line":5,"column":20},"end":{"line":5,"column":null}},"2":{"start":{"line":13,"column":2},"end":{"line":5,"column":20}},"3":{"start":{"line":18,"column":20},"end":{"line":27,"column":2}},"4":{"start":{"line":19,"column":16},"end":{"line":19,"column":null}},"5":{"start":{"line":20,"column":2},"end":{"line":25,"column":null}},"6":{"start":{"line":23,"column":8},"end":{"line":23,"column":null}},"7":{"start":{"line":27,"column":2},"end":{"line":18,"column":20}},"8":{"start":{"line":28,"column":27},"end":{"line":28,"column":null}}},"fnMap":{"0":{"name":"(anonymous_0)","decl":{"start":{"line":1,"column":36},"end":{"line":1,"column":null}},"loc":{"start":{"line":1,"column":36},"end":{"line":1,"column":null}}},"1":{"name":"(anonymous_1)","decl":{"start":{"line":18,"column":20},"end":{"line":18,"column":21}},"loc":{"start":{"line":18,"column":50},"end":{"line":27,"column":2}}},"2":{"name":"(anonymous_2)","decl":{"start":{"line":22,"column":18},"end":{"line":22,"column":null}},"loc":{"start":{"line":23,"column":8},"end":{"line":23,"column":null}}}},"branchMap":{"0":{"loc":{"start":{"line":1,"column":36},"end":{"line":1,"column":null}},"type":"if","locations":[{"start":{"line":1,"column":36},"end":{"line":1,"column":null}}]}},"s":{"0":3000,"1":375,"2":375,"3":375,"4":156,"5":156,"6":0,"7":375,"8":750},"f":{"0":750,"1":156,"2":0},"b":{"0":[375]}}
,"C:/Users/alexs/Desktop/studying/rsschool/React/rs-react-disney/disney-app/src/containers/Footer.tsx": {"path":"C:/Users/alexs/Desktop/studying/rsschool/React/rs-react-disney/disney-app/src/containers/Footer.tsx","statementMap":{"0":{"start":{"line":1,"column":36},"end":{"line":1,"column":null}},"1":{"start":{"line":3,"column":21},"end":{"line":3,"column":null}},"2":{"start":{"line":23,"column":2},"end":{"line":3,"column":21}},"3":{"start":{"line":25,"column":15},"end":{"line":37,"column":2}},"4":{"start":{"line":26,"column":2},"end":{"line":35,"column":null}},"5":{"start":{"line":37,"column":2},"end":{"line":25,"column":15}},"6":{"start":{"line":39,"column":22},"end":{"line":39,"column":null}}},"fnMap":{"0":{"name":"(anonymous_0)","decl":{"start":{"line":1,"column":36},"end":{"line":1,"column":null}},"loc":{"start":{"line":1,"column":36},"end":{"line":1,"column":null}}},"1":{"name":"(anonymous_1)","decl":{"start":{"line":25,"column":15},"end":{"line":25,"column":21}},"loc":{"start":{"line":25,"column":21},"end":{"line":37,"column":2}}}},"branchMap":{"0":{"loc":{"start":{"line":1,"column":36},"end":{"line":1,"column":null}},"type":"if","locations":[{"start":{"line":1,"column":36},"end":{"line":1,"column":null}}]}},"s":{"0":3000,"1":375,"2":375,"3":375,"4":750,"5":375,"6":750},"f":{"0":750,"1":750},"b":{"0":[375]}}
,"C:/Users/alexs/Desktop/studying/rsschool/React/rs-react-disney/disney-app/src/containers/Header.tsx": {"path":"C:/Users/alexs/Desktop/studying/rsschool/React/rs-react-disney/disney-app/src/containers/Header.tsx","statementMap":{"0":{"start":{"line":1,"column":36},"end":{"line":1,"column":null}},"1":{"start":{"line":4,"column":21},"end":{"line":4,"column":null}},"2":{"start":{"line":14,"column":2},"end":{"line":4,"column":21}},"3":{"start":{"line":16,"column":15},"end":{"line":26,"column":2}},"4":{"start":{"line":17,"column":2},"end":{"line":24,"column":null}},"5":{"start":{"line":26,"column":2},"end":{"line":16,"column":15}},"6":{"start":{"line":28,"column":22},"end":{"line":28,"column":null}}},"fnMap":{"0":{"name":"(anonymous_0)","decl":{"start":{"line":1,"column":36},"end":{"line":1,"column":null}},"loc":{"start":{"line":1,"column":36},"end":{"line":1,"column":null}}},"1":{"name":"(anonymous_1)","decl":{"start":{"line":16,"column":15},"end":{"line":16,"column":21}},"loc":{"start":{"line":16,"column":21},"end":{"line":26,"column":2}}}},"branchMap":{"0":{"loc":{"start":{"line":1,"column":36},"end":{"line":1,"column":null}},"type":"if","locations":[{"start":{"line":1,"column":36},"end":{"line":1,"column":null}}]}},"s":{"0":3000,"1":375,"2":375,"3":375,"4":750,"5":375,"6":750},"f":{"0":750,"1":750},"b":{"0":[375]}}
,"C:/Users/alexs/Desktop/studying/rsschool/React/rs-react-disney/disney-app/src/data/HPResponse.models.ts": {"path":"C:/Users/alexs/Desktop/studying/rsschool/React/rs-react-disney/disney-app/src/data/HPResponse.models.ts","statementMap":{},"fnMap":{},"branchMap":{},"s":{},"f":{},"b":{}}
,"C:/Users/alexs/Desktop/studying/rsschool/React/rs-react-disney/disney-app/src/pages/AboutPage.tsx": {"path":"C:/Users/alexs/Desktop/studying/rsschool/React/rs-react-disney/disney-app/src/pages/AboutPage.tsx","statementMap":{"0":{"start":{"line":1,"column":25},"end":{"line":1,"column":null}},"1":{"start":{"line":3,"column":18},"end":{"line":10,"column":2}},"2":{"start":{"line":4,"column":2},"end":{"line":8,"column":null}},"3":{"start":{"line":10,"column":2},"end":{"line":3,"column":18}},"4":{"start":{"line":12,"column":25},"end":{"line":12,"column":null}}},"fnMap":{"0":{"name":"(anonymous_0)","decl":{"start":{"line":1,"column":25},"end":{"line":1,"column":null}},"loc":{"start":{"line":1,"column":25},"end":{"line":1,"column":null}}},"1":{"name":"(anonymous_1)","decl":{"start":{"line":3,"column":18},"end":{"line":3,"column":24}},"loc":{"start":{"line":3,"column":24},"end":{"line":10,"column":2}}}},"branchMap":{"0":{"loc":{"start":{"line":1,"column":25},"end":{"line":1,"column":null}},"type":"if","locations":[{"start":{"line":1,"column":25},"end":{"line":1,"column":null}}]}},"s":{"0":2625,"1":375,"2":72,"3":375,"4":375},"f":{"0":375,"1":72},"b":{"0":[375]}}
,"C:/Users/alexs/Desktop/studying/rsschool/React/rs-react-disney/disney-app/src/pages/ErrorPage.tsx": {"path":"C:/Users/alexs/Desktop/studying/rsschool/React/rs-react-disney/disney-app/src/pages/ErrorPage.tsx","statementMap":{"0":{"start":{"line":1,"column":25},"end":{"line":1,"column":null}},"1":{"start":{"line":4,"column":18},"end":{"line":25,"column":2}},"2":{"start":{"line":5,"column":2},"end":{"line":23,"column":null}},"3":{"start":{"line":25,"column":2},"end":{"line":4,"column":18}},"4":{"start":{"line":27,"column":25},"end":{"line":27,"column":null}}},"fnMap":{"0":{"name":"(anonymous_0)","decl":{"start":{"line":1,"column":25},"end":{"line":1,"column":null}},"loc":{"start":{"line":1,"column":25},"end":{"line":1,"column":null}}},"1":{"name":"(anonymous_1)","decl":{"start":{"line":4,"column":18},"end":{"line":4,"column":24}},"loc":{"start":{"line":4,"column":24},"end":{"line":25,"column":2}}}},"branchMap":{"0":{"loc":{"start":{"line":1,"column":25},"end":{"line":1,"column":null}},"type":"if","locations":[{"start":{"line":1,"column":25},"end":{"line":1,"column":null}}]}},"s":{"0":2625,"1":375,"2":46,"3":375,"4":375},"f":{"0":375,"1":46},"b":{"0":[375]}}
,"C:/Users/alexs/Desktop/studying/rsschool/React/rs-react-disney/disney-app/src/pages/ErrorPageStyle.ts": {"path":"C:/Users/alexs/Desktop/studying/rsschool/React/rs-react-disney/disney-app/src/pages/ErrorPageStyle.ts","statementMap":{"0":{"start":{"line":3,"column":31},"end":{"line":3,"column":null}}},"fnMap":{},"branchMap":{},"s":{"0":375},"f":{},"b":{}}
,"C:/Users/alexs/Desktop/studying/rsschool/React/rs-react-disney/disney-app/src/pages/FormPage.tsx": {"path":"C:/Users/alexs/Desktop/studying/rsschool/React/rs-react-disney/disney-app/src/pages/FormPage.tsx","statementMap":{"0":{"start":{"line":11,"column":23},"end":{"line":11,"column":null}},"1":{"start":{"line":29,"column":2},"end":{"line":11,"column":23}},"2":{"start":{"line":31,"column":17},"end":{"line":52,"column":2}},"3":{"start":{"line":31,"column":23},"end":{"line":31,"column":null}},"4":{"start":{"line":32,"column":46},"end":{"line":32,"column":null}},"5":{"start":{"line":33,"column":19},"end":{"line":33,"column":null}},"6":{"start":{"line":34,"column":19},"end":{"line":34,"column":null}},"7":{"start":{"line":35,"column":23},"end":{"line":41,"column":null}},"8":{"start":{"line":36,"column":4},"end":{"line":36,"column":null}},"9":{"start":{"line":37,"column":4},"end":{"line":37,"column":null}},"10":{"start":{"line":38,"column":4},"end":{"line":40,"column":null}},"11":{"start":{"line":39,"column":6},"end":{"line":39,"column":null}},"12":{"start":{"line":42,"column":2},"end":{"line":50,"column":null}},"13":{"start":{"line":52,"column":2},"end":{"line":34,"column":34}},"14":{"start":{"line":31,"column":14},"end":{"line":34,"column":34}},"15":{"start":{"line":34,"column":33},"end":{"line":31,"column":14}},"16":{"start":{"line":54,"column":24},"end":{"line":54,"column":null}}},"fnMap":{"0":{"name":"(anonymous_1)","decl":{"start":{"line":31,"column":17},"end":{"line":31,"column":23}},"loc":{"start":{"line":31,"column":23},"end":{"line":52,"column":2}}},"1":{"name":"(anonymous_2)","decl":{"start":{"line":35,"column":23},"end":{"line":35,"column":24}},"loc":{"start":{"line":35,"column":42},"end":{"line":41,"column":null}}},"2":{"name":"(anonymous_3)","decl":{"start":{"line":38,"column":15},"end":{"line":38,"column":21}},"loc":{"start":{"line":38,"column":21},"end":{"line":40,"column":7}}},"3":{"name":"(anonymous_4)","decl":{"start":{"line":31,"column":14},"end":{"line":31,"column":17}},"loc":{"start":{"line":31,"column":14},"end":{"line":34,"column":34}}}},"branchMap":{"0":{"loc":{"start":{"line":47,"column":9},"end":{"line":47,"column":null}},"type":"binary-expr","locations":[{"start":{"line":47,"column":9},"end":{"line":47,"column":27}},{"start":{"line":47,"column":27},"end":{"line":47,"column":null}}]}},"s":{"0":375,"1":375,"2":375,"3":156,"4":156,"5":156,"6":156,"7":156,"8":0,"9":0,"10":0,"11":0,"12":156,"13":375,"14":78,"15":375,"16":750},"f":{"0":156,"1":0,"2":0,"3":78},"b":{"0":[156,0]}}
,"C:/Users/alexs/Desktop/studying/rsschool/React/rs-react-disney/disney-app/src/pages/HomePage.tsx": {"path":"C:/Users/alexs/Desktop/studying/rsschool/React/rs-react-disney/disney-app/src/pages/HomePage.tsx","statementMap":{"0":{"start":{"line":13,"column":27},"end":{"line":58,"column":2}},"1":{"start":{"line":13,"column":33},"end":{"line":13,"column":null}},"2":{"start":{"line":14,"column":36},"end":{"line":14,"column":null}},"3":{"start":{"line":15,"column":40},"end":{"line":15,"column":null}},"4":{"start":{"line":16,"column":20},"end":{"line":16,"column":null}},"5":{"start":{"line":17,"column":50},"end":{"line":17,"column":null}},"6":{"start":{"line":18,"column":38},"end":{"line":18,"column":null}},"7":{"start":{"line":20,"column":23},"end":{"line":23,"column":null}},"8":{"start":{"line":21,"column":19},"end":{"line":21,"column":null}},"9":{"start":{"line":22,"column":4},"end":{"line":22,"column":null}},"10":{"start":{"line":24,"column":28},"end":{"line":30,"column":null}},"11":{"start":{"line":25,"column":17},"end":{"line":25,"column":null}},"12":{"start":{"line":25,"column":40},"end":{"line":25,"column":54}},"13":{"start":{"line":26,"column":4},"end":{"line":26,"column":null}},"14":{"start":{"line":27,"column":4},"end":{"line":29,"column":null}},"15":{"start":{"line":28,"column":6},"end":{"line":28,"column":null}},"16":{"start":{"line":32,"column":27},"end":{"line":35,"column":null}},"17":{"start":{"line":33,"column":4},"end":{"line":33,"column":null}},"18":{"start":{"line":34,"column":4},"end":{"line":34,"column":null}},"19":{"start":{"line":37,"column":2},"end":{"line":56,"column":null}},"20":{"start":{"line":58,"column":2},"end":{"line":18,"column":55}},"21":{"start":{"line":13,"column":24},"end":{"line":18,"column":55}},"22":{"start":{"line":18,"column":54},"end":{"line":13,"column":24}},"23":{"start":{"line":59,"column":24},"end":{"line":59,"column":null}}},"fnMap":{"0":{"name":"(anonymous_1)","decl":{"start":{"line":13,"column":27},"end":{"line":13,"column":33}},"loc":{"start":{"line":13,"column":33},"end":{"line":58,"column":2}}},"1":{"name":"(anonymous_2)","decl":{"start":{"line":20,"column":23},"end":{"line":20,"column":35}},"loc":{"start":{"line":20,"column":35},"end":{"line":23,"column":null}}},"2":{"name":"(anonymous_3)","decl":{"start":{"line":24,"column":28},"end":{"line":24,"column":29}},"loc":{"start":{"line":24,"column":50},"end":{"line":30,"column":null}}},"3":{"name":"(anonymous_4)","decl":{"start":{"line":25,"column":31},"end":{"line":25,"column":40}},"loc":{"start":{"line":25,"column":40},"end":{"line":25,"column":54}}},"4":{"name":"(anonymous_5)","decl":{"start":{"line":32,"column":27},"end":{"line":32,"column":39}},"loc":{"start":{"line":32,"column":39},"end":{"line":35,"column":null}}},"5":{"name":"(anonymous_6)","decl":{"start":{"line":13,"column":24},"end":{"line":13,"column":27}},"loc":{"start":{"line":13,"column":24},"end":{"line":18,"column":55}}}},"branchMap":{"0":{"loc":{"start":{"line":27,"column":4},"end":{"line":29,"column":null}},"type":"if","locations":[{"start":{"line":27,"column":4},"end":{"line":29,"column":null}}]},"1":{"loc":{"start":{"line":42,"column":24},"end":{"line":42,"column":null}},"type":"cond-expr","locations":[{"start":{"line":42,"column":36},"end":{"line":42,"column":47}},{"start":{"line":42,"column":47},"end":{"line":42,"column":null}}]},"2":{"loc":{"start":{"line":48,"column":7},"end":{"line":53,"column":null}},"type":"cond-expr","locations":[{"start":{"line":49,"column":8},"end":{"line":49,"column":null}},{"start":{"line":50,"column":10},"end":{"line":53,"column":null}}]},"3":{"loc":{"start":{"line":50,"column":10},"end":{"line":53,"column":null}},"type":"cond-expr","locations":[{"start":{"line":51,"column":8},"end":{"line":51,"column":null}},{"start":{"line":53,"column":8},"end":{"line":53,"column":null}}]},"4":{"loc":{"start":{"line":50,"column":10},"end":{"line":50,"column":null}},"type":"binary-expr","locations":[{"start":{"line":50,"column":10},"end":{"line":50,"column":27}},{"start":{"line":50,"column":27},"end":{"line":50,"column":null}}]},"5":{"loc":{"start":{"line":53,"column":8},"end":{"line":53,"column":null}},"type":"binary-expr","locations":[{"start":{"line":53,"column":8},"end":{"line":53,"column":24}},{"start":{"line":53,"column":24},"end":{"line":53,"column":null}}]},"6":{"loc":{"start":{"line":55,"column":7},"end":{"line":55,"column":null}},"type":"binary-expr","locations":[{"start":{"line":55,"column":7},"end":{"line":55,"column":20}},{"start":{"line":55,"column":20},"end":{"line":55,"column":43}},{"start":{"line":55,"column":43},"end":{"line":55,"column":null}}]}},"s":{"0":375,"1":1596,"2":1596,"3":1596,"4":1596,"5":1596,"6":1596,"7":1596,"8":4,"9":4,"10":1596,"11":15,"12":150,"13":15,"14":15,"15":15,"16":1596,"17":0,"18":0,"19":1596,"20":375,"21":300,"22":375,"23":375},"f":{"0":1596,"1":4,"2":15,"3":150,"4":0,"5":300},"b":{"0":[15],"1":[30,1566],"2":[1286,310],"3":[194,116],"4":[310,116],"5":[116,116],"6":[1596,30,30]}}
,"C:/Users/alexs/Desktop/studying/rsschool/React/rs-react-disney/disney-app/src/redux/hooks.ts": {"path":"C:/Users/alexs/Desktop/studying/rsschool/React/rs-react-disney/disney-app/src/redux/hooks.ts","statementMap":{"0":{"start":{"line":4,"column":49},"end":{"line":4,"column":null}},"1":{"start":{"line":5,"column":63},"end":{"line":5,"column":null}}},"fnMap":{},"branchMap":{},"s":{"0":375,"1":375},"f":{},"b":{}}
,"C:/Users/alexs/Desktop/studying/rsschool/React/rs-react-disney/disney-app/src/redux/newItemsSlice.ts": {"path":"C:/Users/alexs/Desktop/studying/rsschool/React/rs-react-disney/disney-app/src/redux/newItemsSlice.ts","statementMap":{"0":{"start":{"line":9,"column":37},"end":{"line":11,"column":null}},"1":{"start":{"line":13,"column":29},"end":{"line":21,"column":null}},"2":{"start":{"line":18,"column":6},"end":{"line":18,"column":null}},"3":{"start":{"line":23,"column":31},"end":{"line":23,"column":null}},"4":{"start":{"line":25,"column":30},"end":{"line":25,"column":null}},"5":{"start":{"line":25,"column":52},"end":{"line":25,"column":null}}},"fnMap":{"0":{"name":"(anonymous_0)","decl":{"start":{"line":17,"column":17},"end":{"line":17,"column":18}},"loc":{"start":{"line":17,"column":61},"end":{"line":19,"column":null}}},"1":{"name":"(anonymous_1)","decl":{"start":{"line":25,"column":30},"end":{"line":25,"column":31}},"loc":{"start":{"line":25,"column":52},"end":{"line":25,"column":null}}}},"branchMap":{},"s":{"0":375,"1":375,"2":0,"3":375,"4":375,"5":182},"f":{"0":0,"1":182},"b":{}}
,"C:/Users/alexs/Desktop/studying/rsschool/React/rs-react-disney/disney-app/src/redux/searchStrSlice.ts": {"path":"C:/Users/alexs/Desktop/studying/rsschool/React/rs-react-disney/disney-app/src/redux/searchStrSlice.ts","statementMap":{"0":{"start":{"line":8,"column":38},"end":{"line":10,"column":null}},"1":{"start":{"line":12,"column":30},"end":{"line":20,"column":null}},"2":{"start":{"line":17,"column":6},"end":{"line":17,"column":null}},"3":{"start":{"line":22,"column":32},"end":{"line":22,"column":null}},"4":{"start":{"line":24,"column":31},"end":{"line":24,"column":null}},"5":{"start":{"line":24,"column":53},"end":{"line":24,"column":null}}},"fnMap":{"0":{"name":"(anonymous_0)","decl":{"start":{"line":16,"column":18},"end":{"line":16,"column":19}},"loc":{"start":{"line":16,"column":60},"end":{"line":18,"column":null}}},"1":{"name":"(anonymous_1)","decl":{"start":{"line":24,"column":31},"end":{"line":24,"column":32}},"loc":{"start":{"line":24,"column":53},"end":{"line":24,"column":null}}}},"branchMap":{},"s":{"0":375,"1":375,"2":36,"3":375,"4":375,"5":7632},"f":{"0":36,"1":7632},"b":{}}
,"C:/Users/alexs/Desktop/studying/rsschool/React/rs-react-disney/disney-app/src/redux/store.ts": {"path":"C:/Users/alexs/Desktop/studying/rsschool/React/rs-react-disney/disney-app/src/redux/store.ts","statementMap":{"0":{"start":{"line":6,"column":20},"end":{"line":10,"column":null}},"1":{"start":{"line":13,"column":2},"end":{"line":17,"column":null}},"2":{"start":{"line":16,"column":42},"end":{"line":16,"column":null}}},"fnMap":{"0":{"name":"setupStore","decl":{"start":{"line":12,"column":16},"end":{"line":12,"column":27}},"loc":{"start":{"line":12,"column":71},"end":{"line":18,"column":null}}},"1":{"name":"(anonymous_1)","decl":{"start":{"line":16,"column":16},"end":{"line":16,"column":17}},"loc":{"start":{"line":16,"column":42},"end":{"line":16,"column":null}}}},"branchMap":{},"s":{"0":375,"1":375,"2":375},"f":{"0":375,"1":375},"b":{}}
,"C:/Users/alexs/Desktop/studying/rsschool/React/rs-react-disney/disney-app/src/utils/animeApi.ts": {"path":"C:/Users/alexs/Desktop/studying/rsschool/React/rs-react-disney/disney-app/src/utils/animeApi.ts","statementMap":{"0":{"start":{"line":5,"column":24},"end":{"line":19,"column":null}},"1":{"start":{"line":8,"column":27},"end":{"line":18,"column":null}},"2":{"start":{"line":10,"column":29},"end":{"line":13,"column":null}},"3":{"start":{"line":15,"column":8},"end":{"line":15,"column":null}},"4":{"start":{"line":21,"column":36},"end":{"line":21,"column":null}}},"fnMap":{"0":{"name":"(anonymous_0)","decl":{"start":{"line":8,"column":13},"end":{"line":8,"column":14}},"loc":{"start":{"line":8,"column":27},"end":{"line":18,"column":null}}},"1":{"name":"(anonymous_1)","decl":{"start":{"line":10,"column":13},"end":{"line":10,"column":14}},"loc":{"start":{"line":10,"column":29},"end":{"line":13,"column":null}}},"2":{"name":"(anonymous_2)","decl":{"start":{"line":14,"column":25},"end":{"line":14,"column":32}},"loc":{"start":{"line":14,"column":65},"end":{"line":16,"column":null}}}},"branchMap":{"0":{"loc":{"start":{"line":12,"column":72},"end":{"line":12,"column":95}},"type":"binary-expr","locations":[{"start":{"line":12,"column":72},"end":{"line":12,"column":85}},{"start":{"line":12,"column":85},"end":{"line":12,"column":95}}]}},"s":{"0":375,"1":375,"2":303,"3":47,"4":375},"f":{"0":375,"1":303,"2":47},"b":{"0":[303,299]}}
,"C:/Users/alexs/Desktop/studying/rsschool/React/rs-react-disney/disney-app/src/utils/functions.ts": {"path":"C:/Users/alexs/Desktop/studying/rsschool/React/rs-react-disney/disney-app/src/utils/functions.ts","statementMap":{"0":{"start":{"line":2,"column":15},"end":{"line":2,"column":null}},"1":{"start":{"line":3,"column":12},"end":{"line":3,"column":null}},"2":{"start":{"line":4,"column":2},"end":{"line":7,"column":null}},"3":{"start":{"line":4,"column":15},"end":{"line":4,"column":18}},"4":{"start":{"line":5,"column":16},"end":{"line":5,"column":null}},"5":{"start":{"line":6,"column":4},"end":{"line":6,"column":null}},"6":{"start":{"line":8,"column":2},"end":{"line":8,"column":null}},"7":{"start":{"line":12,"column":2},"end":{"line":18,"column":null}},"8":{"start":{"line":13,"column":19},"end":{"line":13,"column":null}},"9":{"start":{"line":15,"column":4},"end":{"line":15,"column":null}},"10":{"start":{"line":16,"column":4},"end":{"line":16,"column":null}},"11":{"start":{"line":16,"column":26},"end":{"line":16,"column":null}},"12":{"start":{"line":17,"column":4},"end":{"line":17,"column":null}},"13":{"start":{"line":17,"column":32},"end":{"line":17,"column":null}}},"fnMap":{"0":{"name":"pass_gen","decl":{"start":{"line":1,"column":16},"end":{"line":1,"column":27}},"loc":{"start":{"line":1,"column":27},"end":{"line":9,"column":null}}},"1":{"name":"getBase64","decl":{"start":{"line":11,"column":16},"end":{"line":11,"column":26}},"loc":{"start":{"line":11,"column":38},"end":{"line":19,"column":null}}},"2":{"name":"(anonymous_2)","decl":{"start":{"line":12,"column":29},"end":{"line":12,"column":30}},"loc":{"start":{"line":12,"column":50},"end":{"line":18,"column":3}}},"3":{"name":"(anonymous_3)","decl":{"start":{"line":16,"column":20},"end":{"line":16,"column":26}},"loc":{"start":{"line":16,"column":26},"end":{"line":16,"column":null}}},"4":{"name":"(anonymous_4)","decl":{"start":{"line":17,"column":21},"end":{"line":17,"column":22}},"loc":{"start":{"line":17,"column":32},"end":{"line":17,"column":null}}}},"branchMap":{},"s":{"0":0,"1":0,"2":0,"3":0,"4":0,"5":0,"6":0,"7":0,"8":0,"9":0,"10":0,"11":0,"12":0,"13":0},"f":{"0":0,"1":0,"2":0,"3":0,"4":0},"b":{}}
,"C:/Users/alexs/Desktop/studying/rsschool/React/rs-react-disney/disney-app/src/utils/validation.ts": {"path":"C:/Users/alexs/Desktop/studying/rsschool/React/rs-react-disney/disney-app/src/utils/validation.ts","statementMap":{"0":{"start":{"line":1,"column":34},"end":{"line":6,"column":null}},"1":{"start":{"line":2,"column":2},"end":{"line":4,"column":null}},"2":{"start":{"line":8,"column":28},"end":{"line":11,"column":null}},"3":{"start":{"line":9,"column":8},"end":{"line":9,"column":null}},"4":{"start":{"line":10,"column":2},"end":{"line":10,"column":null}}},"fnMap":{"0":{"name":"(anonymous_0)","decl":{"start":{"line":1,"column":34},"end":{"line":1,"column":35}},"loc":{"start":{"line":1,"column":51},"end":{"line":6,"column":null}}},"1":{"name":"(anonymous_1)","decl":{"start":{"line":8,"column":28},"end":{"line":8,"column":29}},"loc":{"start":{"line":8,"column":47},"end":{"line":11,"column":null}}}},"branchMap":{"0":{"loc":{"start":{"line":3,"column":4},"end":{"line":4,"column":null}},"type":"binary-expr","locations":[{"start":{"line":3,"column":4},"end":{"line":3,"column":null}},{"start":{"line":4,"column":4},"end":{"line":4,"column":null}}]},"1":{"loc":{"start":{"line":10,"column":9},"end":{"line":10,"column":null}},"type":"binary-expr","locations":[{"start":{"line":10,"column":9},"end":{"line":10,"column":27}},{"start":{"line":10,"column":27},"end":{"line":10,"column":null}}]}},"s":{"0":375,"1":0,"2":375,"3":0,"4":0},"f":{"0":0,"1":0},"b":{"0":[0,0],"1":[0,0]}}
}
