TN:
SF:..\..\..\..\..\New folder (2)\rs-react-disney\disney-app\src\App.tsx
FN:1,(anonymous_0)
FN:19,(anonymous_1)
FNF:2
FNH:2
FNDA:12,(anonymous_0)
FNDA:12,(anonymous_1)
DA:1,48
DA:12,6
DA:17,6
DA:19,6
DA:20,12
DA:32,6
DA:34,12
LF:7
LH:7
BRDA:1,0,0,6
BRF:1
BRH:1
end_of_record
TN:
SF:..\..\..\..\..\New folder (2)\rs-react-disney\disney-app\src\entry-client.tsx
FNF:0
FNH:0
DA:9,6
DA:11,6
LF:2
LH:2
BRF:0
BRH:0
end_of_record
TN:
SF:..\..\..\..\..\New folder (2)\rs-react-disney\disney-app\src\components\formComponent.tsx
FN:7,(anonymous_1)
FN:25,(anonymous_2)
FN:41,(anonymous_3)
FN:7,(anonymous_4)
FNF:4
FNH:2
FNDA:2,(anonymous_1)
FNDA:0,(anonymous_2)
FNDA:0,(anonymous_3)
FNDA:1,(anonymous_4)
DA:7,6
DA:13,6
DA:25,2
DA:26,0
DA:27,0
DA:37,0
DA:39,2
DA:42,0
DA:43,0
DA:140,6
DA:142,6
LF:11
LH:6
BRDA:120,0,0,2
BRDA:120,0,1,0
BRDA:131,1,0,2
BRDA:131,1,1,0
BRF:4
BRH:2
end_of_record
TN:
SF:..\..\..\..\..\New folder (2)\rs-react-disney\disney-app\src\components\formComponentStyle.ts
FNF:0
FNH:0
DA:3,6
LF:1
LH:1
BRF:0
BRH:0
end_of_record
TN:
SF:..\..\..\..\..\New folder (2)\rs-react-disney\disney-app\src\components\loader.tsx
FN:1,(anonymous_0)
FN:71,(anonymous_1)
FNF:2
FNH:2
FNDA:12,(anonymous_0)
FNDA:20,(anonymous_1)
DA:1,48
DA:3,6
DA:70,6
DA:71,6
DA:72,20
DA:86,6
DA:88,12
LF:7
LH:7
BRDA:1,0,0,6
BRF:1
BRH:1
end_of_record
TN:
SF:..\..\..\..\..\New folder (2)\rs-react-disney\disney-app\src\components\modal.tsx
FN:1,(anonymous_0)
FN:61,(anonymous_1)
FN:62,(anonymous_2)
FNF:3
FNH:1
FNDA:12,(anonymous_0)
FNDA:0,(anonymous_1)
FNDA:0,(anonymous_2)
DA:1,48
DA:10,6
DA:60,6
DA:61,6
DA:62,0
DA:63,0
DA:65,0
DA:66,0
DA:67,0
DA:97,6
DA:99,12
LF:11
LH:6
BRDA:1,0,0,6
BRF:1
BRH:1
end_of_record
TN:
SF:..\..\..\..\..\New folder (2)\rs-react-disney\disney-app\src\components\navbar.tsx
FN:1,(anonymous_0)
FN:28,(anonymous_1)
FNF:2
FNH:2
FNDA:12,(anonymous_0)
FNDA:12,(anonymous_1)
DA:1,48
DA:4,6
DA:26,6
DA:28,6
DA:29,12
DA:44,6
DA:45,12
LF:7
LH:7
BRDA:1,0,0,6
BRF:1
BRH:1
end_of_record
TN:
SF:..\..\..\..\..\New folder (2)\rs-react-disney\disney-app\src\components\notification.tsx
FN:1,(anonymous_0)
FN:17,(anonymous_1)
FNF:2
FNH:1
FNDA:12,(anonymous_0)
FNDA:0,(anonymous_1)
DA:1,48
DA:3,6
DA:12,6
DA:17,6
DA:18,0
DA:19,6
DA:21,12
LF:7
LH:6
BRDA:1,0,0,6
BRF:1
BRH:1
end_of_record
TN:
SF:..\..\..\..\..\New folder (2)\rs-react-disney\disney-app\src\components\oneCard.tsx
FN:1,(anonymous_0)
FN:32,(anonymous_1)
FNF:2
FNH:1
FNDA:12,(anonymous_0)
FNDA:0,(anonymous_1)
DA:1,48
DA:5,6
DA:26,6
DA:32,6
DA:33,0
DA:34,0
DA:35,0
DA:51,6
DA:52,12
LF:9
LH:6
BRDA:1,0,0,6
BRDA:39,1,0,0
BRDA:39,1,1,0
BRF:3
BRH:1
end_of_record
TN:
SF:..\..\..\..\..\New folder (2)\rs-react-disney\disney-app\src\components\oneNewCard.tsx
FN:1,(anonymous_0)
FN:23,(anonymous_1)
FNF:2
FNH:1
FNDA:12,(anonymous_0)
FNDA:0,(anonymous_1)
DA:1,48
DA:4,6
DA:18,6
DA:23,6
DA:24,0
DA:25,0
DA:36,6
DA:38,12
LF:8
LH:6
BRDA:1,0,0,6
BRF:1
BRH:1
end_of_record
TN:
SF:..\..\..\..\..\New folder (2)\rs-react-disney\disney-app\src\components\searchPanel.tsx
FN:24,(anonymous_1)
FN:28,(anonymous_2)
FN:32,(anonymous_3)
FN:36,(anonymous_4)
FN:24,(anonymous_5)
FNF:5
FNH:3
FNDA:22,(anonymous_1)
FNDA:10,(anonymous_2)
FNDA:0,(anonymous_3)
FNDA:0,(anonymous_4)
FNDA:5,(anonymous_5)
DA:5,6
DA:20,6
DA:24,22
DA:25,22
DA:26,22
DA:27,22
DA:28,22
DA:29,10
DA:32,22
DA:33,0
DA:36,22
DA:37,0
DA:38,0
DA:39,0
DA:42,22
DA:53,6
DA:54,12
LF:17
LH:13
BRDA:37,0,0,0
BRF:1
BRH:0
end_of_record
TN:
SF:..\..\..\..\..\New folder (2)\rs-react-disney\disney-app\src\containers\AllCards.tsx
FN:1,(anonymous_0)
FN:20,(anonymous_1)
FN:25,(anonymous_2)
FN:26,(anonymous_3)
FNF:4
FNH:1
FNDA:12,(anonymous_0)
FNDA:0,(anonymous_1)
FNDA:0,(anonymous_2)
FNDA:0,(anonymous_3)
DA:1,48
DA:6,6
DA:14,6
DA:20,6
DA:21,0
DA:23,0
DA:26,0
DA:30,6
DA:31,12
LF:9
LH:6
BRDA:1,0,0,6
BRF:1
BRH:1
end_of_record
TN:
SF:..\..\..\..\..\New folder (2)\rs-react-disney\disney-app\src\containers\AllNewCards.tsx
FN:1,(anonymous_0)
FN:18,(anonymous_1)
FN:22,(anonymous_2)
FNF:3
FNH:2
FNDA:12,(anonymous_0)
FNDA:2,(anonymous_1)
FNDA:0,(anonymous_2)
DA:1,48
DA:5,6
DA:13,6
DA:18,6
DA:19,2
DA:20,2
DA:23,0
DA:27,6
DA:28,12
LF:9
LH:8
BRDA:1,0,0,6
BRF:1
BRH:1
end_of_record
TN:
SF:..\..\..\..\..\New folder (2)\rs-react-disney\disney-app\src\containers\Footer.tsx
FN:1,(anonymous_0)
FN:25,(anonymous_1)
FNF:2
FNH:2
FNDA:12,(anonymous_0)
FNDA:12,(anonymous_1)
DA:1,48
DA:3,6
DA:23,6
DA:25,6
DA:26,12
DA:37,6
DA:39,12
LF:7
LH:7
BRDA:1,0,0,6
BRF:1
BRH:1
end_of_record
TN:
SF:..\..\..\..\..\New folder (2)\rs-react-disney\disney-app\src\containers\Header.tsx
FN:1,(anonymous_0)
FN:16,(anonymous_1)
FNF:2
FNH:2
FNDA:12,(anonymous_0)
FNDA:12,(anonymous_1)
DA:1,48
DA:4,6
DA:14,6
DA:16,6
DA:17,12
DA:26,6
DA:28,12
LF:7
LH:7
BRDA:1,0,0,6
BRF:1
BRH:1
end_of_record
TN:
SF:..\..\..\..\..\New folder (2)\rs-react-disney\disney-app\src\pages\AboutPage.tsx
FN:1,(anonymous_0)
FN:3,(anonymous_1)
FNF:2
FNH:2
FNDA:6,(anonymous_0)
FNDA:2,(anonymous_1)
DA:1,42
DA:3,6
DA:4,2
DA:9,6
DA:11,6
LF:5
LH:5
BRDA:1,0,0,6
BRF:1
BRH:1
end_of_record
TN:
SF:..\..\..\..\..\New folder (2)\rs-react-disney\disney-app\src\pages\ErrorPage.tsx
FN:1,(anonymous_0)
FN:4,(anonymous_1)
FNF:2
FNH:2
FNDA:6,(anonymous_0)
FNDA:2,(anonymous_1)
DA:1,42
DA:4,6
DA:5,2
DA:25,6
DA:27,6
LF:5
LH:5
BRDA:1,0,0,6
BRF:1
BRH:1
end_of_record
TN:
SF:..\..\..\..\..\New folder (2)\rs-react-disney\disney-app\src\pages\ErrorPageStyle.ts
FNF:0
FNH:0
DA:3,6
LF:1
LH:1
BRF:0
BRH:0
end_of_record
TN:
SF:..\..\..\..\..\New folder (2)\rs-react-disney\disney-app\src\pages\FormPage.tsx
FN:31,(anonymous_1)
FN:35,(anonymous_2)
FN:38,(anonymous_3)
FN:31,(anonymous_4)
FNF:4
FNH:2
FNDA:2,(anonymous_1)
FNDA:0,(anonymous_2)
FNDA:0,(anonymous_3)
FNDA:1,(anonymous_4)
DA:11,6
DA:29,6
DA:31,6
DA:32,2
DA:33,2
DA:34,6
DA:35,2
DA:36,0
DA:37,0
DA:38,0
DA:39,0
DA:42,2
DA:52,6
DA:54,12
LF:14
LH:10
BRDA:47,0,0,2
BRDA:47,0,1,0
BRF:2
BRH:1
end_of_record
TN:
SF:..\..\..\..\..\New folder (2)\rs-react-disney\disney-app\src\pages\HomePage.tsx
FN:13,(anonymous_1)
FN:20,(anonymous_2)
FN:24,(anonymous_3)
FN:25,(anonymous_4)
FN:32,(anonymous_5)
FN:13,(anonymous_6)
FNF:6
FNH:2
FNDA:22,(anonymous_1)
FNDA:0,(anonymous_2)
FNDA:0,(anonymous_3)
FNDA:0,(anonymous_4)
FNDA:0,(anonymous_5)
FNDA:5,(anonymous_6)
DA:13,22
DA:14,22
DA:15,22
DA:16,22
DA:17,22
DA:18,22
DA:20,22
DA:21,0
DA:22,0
DA:24,22
DA:25,0
DA:26,0
DA:27,0
DA:28,0
DA:32,22
DA:33,0
DA:34,0
DA:37,22
DA:58,6
DA:59,6
LF:20
LH:12
BRDA:27,0,0,0
BRDA:42,1,0,0
BRDA:42,1,1,22
BRDA:48,2,0,20
BRDA:48,2,1,2
BRDA:50,3,0,2
BRDA:50,3,1,0
BRDA:50,4,0,2
BRDA:50,4,1,0
BRDA:53,5,0,0
BRDA:53,5,1,0
BRDA:55,6,0,22
BRDA:55,6,1,0
BRDA:55,6,2,0
BRF:14
BRH:6
end_of_record
TN:
SF:..\..\..\..\..\New folder (2)\rs-react-disney\disney-app\src\redux\hooks.ts
FNF:0
FNH:0
DA:4,6
DA:5,6
LF:2
LH:2
BRF:0
BRH:0
end_of_record
TN:
SF:..\..\..\..\..\New folder (2)\rs-react-disney\disney-app\src\redux\newItemsSlice.ts
FN:17,(anonymous_0)
FN:25,(anonymous_1)
FNF:2
FNH:1
FNDA:0,(anonymous_0)
FNDA:3,(anonymous_1)
DA:9,6
DA:13,6
DA:18,0
DA:23,6
DA:25,6
LF:5
LH:4
BRF:0
BRH:0
end_of_record
TN:
SF:..\..\..\..\..\New folder (2)\rs-react-disney\disney-app\src\redux\searchStrSlice.ts
FN:16,(anonymous_0)
FN:24,(anonymous_1)
FNF:2
FNH:1
FNDA:0,(anonymous_0)
FNDA:110,(anonymous_1)
DA:8,6
DA:12,6
DA:17,0
DA:22,6
DA:24,110
LF:5
LH:4
BRF:0
BRH:0
end_of_record
TN:
SF:..\..\..\..\..\New folder (2)\rs-react-disney\disney-app\src\redux\store.ts
FN:12,setupStore
FN:16,(anonymous_1)
FNF:2
FNH:2
FNDA:6,setupStore
FNDA:6,(anonymous_1)
DA:6,6
DA:13,6
DA:16,6
LF:3
LH:3
BRF:0
BRH:0
end_of_record
TN:
SF:..\..\..\..\..\New folder (2)\rs-react-disney\disney-app\src\utils\animeApi.ts
FN:8,(anonymous_0)
FN:10,(anonymous_1)
FN:14,(anonymous_2)
FNF:3
FNH:2
FNDA:6,(anonymous_0)
FNDA:5,(anonymous_1)
FNDA:0,(anonymous_2)
DA:5,6
DA:8,6
DA:10,5
DA:15,0
DA:21,6
LF:5
LH:4
BRDA:12,0,0,5
BRDA:12,0,1,5
BRF:2
BRH:2
end_of_record
TN:
SF:..\..\..\..\..\New folder (2)\rs-react-disney\disney-app\src\utils\functions.ts
FN:1,pass_gen
FN:11,getBase64
FN:12,(anonymous_2)
FN:16,(anonymous_3)
FN:17,(anonymous_4)
FNF:5
FNH:0
FNDA:0,pass_gen
FNDA:0,getBase64
FNDA:0,(anonymous_2)
FNDA:0,(anonymous_3)
FNDA:0,(anonymous_4)
DA:2,0
DA:3,0
DA:4,0
DA:5,0
DA:6,0
DA:8,0
DA:12,0
DA:13,0
DA:15,0
DA:16,0
DA:17,0
LF:11
LH:0
BRF:0
BRH:0
end_of_record
TN:
SF:..\..\..\..\..\New folder (2)\rs-react-disney\disney-app\src\utils\validation.ts
FN:1,(anonymous_0)
FN:8,(anonymous_1)
FNF:2
FNH:0
FNDA:0,(anonymous_0)
FNDA:0,(anonymous_1)
DA:1,6
DA:2,0
DA:8,6
DA:9,0
DA:10,0
LF:5
LH:2
BRDA:3,0,0,0
BRDA:3,0,1,0
BRDA:10,1,0,0
BRDA:10,1,1,0
BRF:4
BRH:0
end_of_record
TN:
SF:src\App.tsx
FN:1,(anonymous_0)
FN:19,(anonymous_1)
FNF:2
FNH:2
FNDA:750,(anonymous_0)
FNDA:750,(anonymous_1)
DA:1,3000
DA:12,375
DA:17,375
DA:19,375
DA:20,750
DA:32,375
DA:34,750
LF:7
LH:7
BRDA:1,0,0,375
BRF:1
BRH:1
end_of_record
TN:
SF:src\Router.tsx
FNF:0
FNH:0
LF:0
LH:0
BRF:0
BRH:0
end_of_record
TN:
SF:src\entry-client.tsx
FNF:0
FNH:0
DA:9,375
DA:11,375
LF:2
LH:2
BRF:0
BRH:0
end_of_record
TN:
SF:src\entry-server.tsx
FNF:0
FNH:0
LF:0
LH:0
BRF:0
BRH:0
end_of_record
TN:
SF:src\components\FormComponent.tsx
FN:8,(anonymous_1)
FN:26,(anonymous_2)
FN:41,(anonymous_3)
FN:8,(anonymous_4)
FNF:4
FNH:3
FNDA:258,(anonymous_1)
FNDA:0,(anonymous_2)
FNDA:51,(anonymous_3)
FNDA:78,(anonymous_4)
DA:8,375
DA:14,258
DA:26,258
DA:27,0
DA:28,0
DA:38,0
DA:40,258
DA:41,51
DA:136,54
DA:138,375
LF:10
LH:7
BRDA:116,0,0,258
BRDA:116,0,1,102
BRDA:127,1,0,258
BRDA:127,1,1,102
BRF:4
BRH:4
end_of_record
TN:
SF:src\components\FormComponentStyle.ts
FNF:0
FNH:0
DA:3,375
LF:1
LH:1
BRF:0
BRH:0
end_of_record
TN:
SF:src\components\Loader.tsx
FN:1,(anonymous_0)
FN:71,(anonymous_1)
FNF:2
FNH:2
FNDA:750,(anonymous_0)
FNDA:1286,(anonymous_1)
DA:1,3000
DA:3,375
DA:70,375
DA:71,375
DA:72,1286
DA:86,375
DA:88,750
LF:7
LH:7
BRDA:1,0,0,375
BRF:1
BRH:1
end_of_record
TN:
SF:src\components\Modal.tsx
FN:1,(anonymous_0)
FN:61,(anonymous_1)
FN:62,(anonymous_2)
FNF:3
FNH:2
FNDA:750,(anonymous_0)
FNDA:30,(anonymous_1)
FNDA:0,(anonymous_2)
DA:1,3000
DA:10,375
DA:60,375
DA:61,375
DA:62,30
DA:63,0
DA:65,30
DA:66,30
DA:67,30
DA:97,375
DA:99,750
LF:11
LH:10
BRDA:1,0,0,375
BRF:1
BRH:1
end_of_record
TN:
SF:src\components\Navbar.tsx
FN:1,(anonymous_0)
FN:28,(anonymous_1)
FNF:2
FNH:2
FNDA:750,(anonymous_0)
FNDA:750,(anonymous_1)
DA:1,3000
DA:4,375
DA:26,375
DA:28,375
DA:29,750
DA:44,375
DA:45,750
LF:7
LH:7
BRDA:1,0,0,375
BRF:1
BRH:1
end_of_record
TN:
SF:src\components\Notification.tsx
FN:1,(anonymous_0)
FN:17,(anonymous_1)
FNF:2
FNH:1
FNDA:750,(anonymous_0)
FNDA:0,(anonymous_1)
DA:1,3000
DA:3,375
DA:12,375
DA:17,375
DA:18,0
DA:19,375
DA:21,750
LF:7
LH:6
BRDA:1,0,0,375
BRF:1
BRH:1
end_of_record
TN:
SF:src\components\OneCard.tsx
FN:1,(anonymous_0)
FN:32,(anonymous_1)
FNF:2
FNH:2
FNDA:750,(anonymous_0)
FNDA:1160,(anonymous_1)
DA:1,3000
DA:5,375
DA:26,375
DA:32,375
DA:33,1160
DA:34,1160
DA:35,1160
DA:52,375
DA:53,750
LF:9
LH:9
BRDA:1,0,0,375
BRDA:39,1,0,1160
BRDA:39,1,1,0
BRF:3
BRH:2
end_of_record
TN:
SF:src\components\OneNewCard.tsx
FN:1,(anonymous_0)
FN:23,(anonymous_1)
FNF:2
FNH:1
FNDA:750,(anonymous_0)
FNDA:0,(anonymous_1)
DA:1,3000
DA:4,375
DA:18,375
DA:23,375
DA:24,0
DA:25,0
DA:36,375
DA:38,750
LF:8
LH:6
BRDA:1,0,0,375
BRF:1
BRH:1
end_of_record
TN:
SF:src\components\SearchPanel.tsx
FN:24,(anonymous_1)
FN:28,(anonymous_2)
FN:32,(anonymous_3)
FN:36,(anonymous_4)
FN:24,(anonymous_5)
FNF:5
FNH:5
FNDA:1596,(anonymous_1)
FNDA:634,(anonymous_2)
FNDA:36,(anonymous_3)
FNDA:40,(anonymous_4)
FNDA:300,(anonymous_5)
DA:5,375
DA:20,375
DA:24,1596
DA:25,1596
DA:26,1596
DA:27,1596
DA:28,1596
DA:29,634
DA:32,1596
DA:33,36
DA:36,1596
DA:37,40
DA:38,4
DA:39,4
DA:42,1596
DA:53,375
DA:54,750
LF:17
LH:17
BRDA:37,0,0,4
BRF:1
BRH:1
end_of_record
TN:
SF:src\containers\AllCards.tsx
FN:1,(anonymous_0)
FN:20,(anonymous_1)
FN:25,(anonymous_2)
FN:26,(anonymous_3)
FNF:4
FNH:4
FNDA:750,(anonymous_0)
FNDA:116,(anonymous_1)
FNDA:1160,(anonymous_2)
FNDA:15,(anonymous_3)
DA:1,3000
DA:6,375
DA:14,375
DA:20,375
DA:21,116
DA:23,116
DA:26,1160
DA:30,375
DA:31,750
LF:9
LH:9
BRDA:1,0,0,375
BRF:1
BRH:1
end_of_record
TN:
SF:src\containers\AllNewCards.tsx
FN:1,(anonymous_0)
FN:18,(anonymous_1)
FN:22,(anonymous_2)
FNF:3
FNH:2
FNDA:750,(anonymous_0)
FNDA:156,(anonymous_1)
FNDA:0,(anonymous_2)
DA:1,3000
DA:5,375
DA:13,375
DA:18,375
DA:19,156
DA:20,156
DA:23,0
DA:27,375
DA:28,750
LF:9
LH:8
BRDA:1,0,0,375
BRF:1
BRH:1
end_of_record
TN:
SF:src\containers\Footer.tsx
FN:1,(anonymous_0)
FN:25,(anonymous_1)
FNF:2
FNH:2
FNDA:750,(anonymous_0)
FNDA:750,(anonymous_1)
DA:1,3000
DA:3,375
DA:23,375
DA:25,375
DA:26,750
DA:37,375
DA:39,750
LF:7
LH:7
BRDA:1,0,0,375
BRF:1
BRH:1
end_of_record
TN:
SF:src\containers\Header.tsx
FN:1,(anonymous_0)
FN:16,(anonymous_1)
FNF:2
FNH:2
FNDA:750,(anonymous_0)
FNDA:750,(anonymous_1)
DA:1,3000
DA:4,375
DA:14,375
DA:16,375
DA:17,750
DA:26,375
DA:28,750
LF:7
LH:7
BRDA:1,0,0,375
BRF:1
BRH:1
end_of_record
TN:
SF:src\data\HPResponse.models.ts
FNF:0
FNH:0
LF:0
LH:0
BRF:0
BRH:0
end_of_record
TN:
SF:src\pages\AboutPage.tsx
FN:1,(anonymous_0)
FN:3,(anonymous_1)
FNF:2
FNH:2
FNDA:375,(anonymous_0)
FNDA:72,(anonymous_1)
DA:1,2625
DA:3,375
DA:4,72
DA:10,375
DA:12,375
LF:5
LH:5
BRDA:1,0,0,375
BRF:1
BRH:1
end_of_record
TN:
SF:src\pages\ErrorPage.tsx
FN:1,(anonymous_0)
FN:4,(anonymous_1)
FNF:2
FNH:2
FNDA:375,(anonymous_0)
FNDA:46,(anonymous_1)
DA:1,2625
DA:4,375
DA:5,46
DA:25,375
DA:27,375
LF:5
LH:5
BRDA:1,0,0,375
BRF:1
BRH:1
end_of_record
TN:
SF:src\pages\ErrorPageStyle.ts
FNF:0
FNH:0
DA:3,375
LF:1
LH:1
BRF:0
BRH:0
end_of_record
TN:
SF:src\pages\FormPage.tsx
FN:31,(anonymous_1)
FN:35,(anonymous_2)
FN:38,(anonymous_3)
FN:31,(anonymous_4)
FNF:4
FNH:2
FNDA:156,(anonymous_1)
FNDA:0,(anonymous_2)
FNDA:0,(anonymous_3)
FNDA:78,(anonymous_4)
DA:11,375
DA:29,375
DA:31,375
DA:32,156
DA:33,156
DA:34,375
DA:35,156
DA:36,0
DA:37,0
DA:38,0
DA:39,0
DA:42,156
DA:52,375
DA:54,750
LF:14
LH:10
BRDA:47,0,0,156
BRDA:47,0,1,0
BRF:2
BRH:1
end_of_record
TN:
SF:src\pages\HomePage.tsx
FN:13,(anonymous_1)
FN:20,(anonymous_2)
FN:24,(anonymous_3)
FN:25,(anonymous_4)
FN:32,(anonymous_5)
FN:13,(anonymous_6)
FNF:6
FNH:5
FNDA:1596,(anonymous_1)
FNDA:4,(anonymous_2)
FNDA:15,(anonymous_3)
FNDA:150,(anonymous_4)
FNDA:0,(anonymous_5)
FNDA:300,(anonymous_6)
DA:13,1596
DA:14,1596
DA:15,1596
DA:16,1596
DA:17,1596
DA:18,1596
DA:20,1596
DA:21,4
DA:22,4
DA:24,1596
DA:25,150
DA:26,15
DA:27,15
DA:28,15
DA:32,1596
DA:33,0
DA:34,0
DA:37,1596
DA:58,375
DA:59,375
LF:20
LH:18
BRDA:27,0,0,15
BRDA:42,1,0,30
BRDA:42,1,1,1566
BRDA:48,2,0,1286
BRDA:48,2,1,310
BRDA:50,3,0,194
BRDA:50,3,1,116
BRDA:50,4,0,310
BRDA:50,4,1,116
BRDA:53,5,0,116
BRDA:53,5,1,116
BRDA:55,6,0,1596
BRDA:55,6,1,30
BRDA:55,6,2,30
BRF:14
BRH:14
end_of_record
TN:
SF:src\redux\hooks.ts
FNF:0
FNH:0
DA:4,375
DA:5,375
LF:2
LH:2
BRF:0
BRH:0
end_of_record
TN:
SF:src\redux\newItemsSlice.ts
FN:17,(anonymous_0)
FN:25,(anonymous_1)
FNF:2
FNH:1
FNDA:0,(anonymous_0)
FNDA:182,(anonymous_1)
DA:9,375
DA:13,375
DA:18,0
DA:23,375
DA:25,375
LF:5
LH:4
BRF:0
BRH:0
end_of_record
TN:
SF:src\redux\searchStrSlice.ts
FN:16,(anonymous_0)
FN:24,(anonymous_1)
FNF:2
FNH:2
FNDA:36,(anonymous_0)
FNDA:7632,(anonymous_1)
DA:8,375
DA:12,375
DA:17,36
DA:22,375
DA:24,7632
LF:5
LH:5
BRF:0
BRH:0
end_of_record
TN:
SF:src\redux\store.ts
FN:12,setupStore
FN:16,(anonymous_1)
FNF:2
FNH:2
FNDA:375,setupStore
FNDA:375,(anonymous_1)
DA:6,375
DA:13,375
DA:16,375
LF:3
LH:3
BRF:0
BRH:0
end_of_record
TN:
SF:src\utils\animeApi.ts
FN:8,(anonymous_0)
FN:10,(anonymous_1)
FN:14,(anonymous_2)
FNF:3
FNH:3
FNDA:375,(anonymous_0)
FNDA:303,(anonymous_1)
FNDA:47,(anonymous_2)
DA:5,375
DA:8,375
DA:10,303
DA:15,47
DA:21,375
LF:5
LH:5
BRDA:12,0,0,303
BRDA:12,0,1,299
BRF:2
BRH:2
end_of_record
TN:
SF:src\utils\functions.ts
FN:1,pass_gen
FN:11,getBase64
FN:12,(anonymous_2)
FN:16,(anonymous_3)
FN:17,(anonymous_4)
FNF:5
FNH:0
FNDA:0,pass_gen
FNDA:0,getBase64
FNDA:0,(anonymous_2)
FNDA:0,(anonymous_3)
FNDA:0,(anonymous_4)
DA:2,0
DA:3,0
DA:4,0
DA:5,0
DA:6,0
DA:8,0
DA:12,0
DA:13,0
DA:15,0
DA:16,0
DA:17,0
LF:11
LH:0
BRF:0
BRH:0
end_of_record
TN:
SF:src\utils\validation.ts
FN:1,(anonymous_0)
FN:8,(anonymous_1)
FNF:2
FNH:0
FNDA:0,(anonymous_0)
FNDA:0,(anonymous_1)
DA:1,375
DA:2,0
DA:8,375
DA:9,0
DA:10,0
LF:5
LH:2
BRDA:3,0,0,0
BRDA:3,0,1,0
BRDA:10,1,0,0
BRDA:10,1,1,0
BRF:4
BRH:0
end_of_record
