TN:
SF:src\App.tsx
FN:1,(anonymous_0)
FN:19,(anonymous_1)
FNF:2
FNH:2
FNDA:176,(anonymous_0)
FNDA:176,(anonymous_1)
DA:1,704
DA:12,88
DA:17,88
DA:19,88
DA:20,176
DA:32,88
DA:34,176
LF:7
LH:7
BRDA:1,0,0,88
BRF:1
BRH:1
end_of_record
TN:
SF:src\Router.tsx
FNF:0
FNH:0
LF:0
LH:0
BRF:0
BRH:0
end_of_record
TN:
SF:src\entry-client.tsx
FNF:0
FNH:0
DA:9,88
DA:11,88
LF:2
LH:2
BRF:0
BRH:0
end_of_record
TN:
SF:src\entry-server.tsx
FNF:0
FNH:0
LF:0
LH:0
BRF:0
BRH:0
end_of_record
TN:
SF:src\components\FormComponent.tsx
FN:8,(anonymous_1)
FN:26,(anonymous_2)
FN:41,(anonymous_3)
FN:8,(anonymous_4)
FNF:4
FNH:2
FNDA:8,(anonymous_1)
FNDA:0,(anonymous_2)
FNDA:0,(anonymous_3)
FNDA:4,(anonymous_4)
DA:8,88
DA:14,8
DA:26,8
DA:27,0
DA:28,0
DA:38,0
DA:40,8
DA:41,0
DA:136,3
DA:138,88
LF:10
LH:6
BRDA:116,0,0,8
BRDA:116,0,1,0
BRDA:127,1,0,8
BRDA:127,1,1,0
BRF:4
BRH:2
end_of_record
TN:
SF:src\components\FormComponentStyle.ts
FNF:0
FNH:0
DA:3,88
LF:1
LH:1
BRF:0
BRH:0
end_of_record
TN:
SF:src\components\Loader.tsx
FN:1,(anonymous_0)
FN:71,(anonymous_1)
FNF:2
FNH:2
FNDA:176,(anonymous_0)
FNDA:434,(anonymous_1)
DA:1,704
DA:3,88
DA:70,88
DA:71,88
DA:72,434
DA:86,88
DA:88,176
LF:7
LH:7
BRDA:1,0,0,88
BRF:1
BRH:1
end_of_record
TN:
SF:src\components\Modal.tsx
FN:1,(anonymous_0)
FN:61,(anonymous_1)
FN:62,(anonymous_2)
FNF:3
FNH:1
FNDA:176,(anonymous_0)
FNDA:0,(anonymous_1)
FNDA:0,(anonymous_2)
DA:1,704
DA:10,88
DA:60,88
DA:61,88
DA:62,0
DA:63,0
DA:65,0
DA:66,0
DA:67,0
DA:97,88
DA:99,176
LF:11
LH:6
BRDA:1,0,0,88
BRF:1
BRH:1
end_of_record
TN:
SF:src\components\Navbar.tsx
FN:1,(anonymous_0)
FN:28,(anonymous_1)
FNF:2
FNH:2
FNDA:176,(anonymous_0)
FNDA:176,(anonymous_1)
DA:1,704
DA:4,88
DA:26,88
DA:28,88
DA:29,176
DA:44,88
DA:45,176
LF:7
LH:7
BRDA:1,0,0,88
BRF:1
BRH:1
end_of_record
TN:
SF:src\components\Notification.tsx
FN:1,(anonymous_0)
FN:17,(anonymous_1)
FNF:2
FNH:1
FNDA:176,(anonymous_0)
FNDA:0,(anonymous_1)
DA:1,704
DA:3,88
DA:12,88
DA:17,88
DA:18,0
DA:19,88
DA:21,176
LF:7
LH:6
BRDA:1,0,0,88
BRF:1
BRH:1
end_of_record
TN:
SF:src\components\OneCard.tsx
FN:1,(anonymous_0)
FN:32,(anonymous_1)
FNF:2
FNH:2
FNDA:176,(anonymous_0)
FNDA:180,(anonymous_1)
DA:1,704
DA:5,88
DA:26,88
DA:32,88
DA:33,180
DA:34,180
DA:35,180
DA:52,88
DA:53,176
LF:9
LH:9
BRDA:1,0,0,88
BRDA:39,1,0,180
BRDA:39,1,1,0
BRF:3
BRH:2
end_of_record
TN:
SF:src\components\OneNewCard.tsx
FN:1,(anonymous_0)
FN:23,(anonymous_1)
FNF:2
FNH:1
FNDA:176,(anonymous_0)
FNDA:0,(anonymous_1)
DA:1,704
DA:4,88
DA:18,88
DA:23,88
DA:24,0
DA:25,0
DA:36,88
DA:38,176
LF:8
LH:6
BRDA:1,0,0,88
BRF:1
BRH:1
end_of_record
TN:
SF:src\components\SearchPanel.tsx
FN:24,(anonymous_1)
FN:28,(anonymous_2)
FN:32,(anonymous_3)
FN:36,(anonymous_4)
FN:24,(anonymous_5)
FNF:5
FNH:5
FNDA:466,(anonymous_1)
FNDA:208,(anonymous_2)
FNDA:36,(anonymous_3)
FNDA:40,(anonymous_4)
FNDA:87,(anonymous_5)
DA:5,88
DA:20,88
DA:24,466
DA:25,466
DA:26,466
DA:27,466
DA:28,466
DA:29,208
DA:32,466
DA:33,36
DA:36,466
DA:37,40
DA:38,4
DA:39,4
DA:42,466
DA:53,88
DA:54,176
LF:17
LH:17
BRDA:37,0,0,4
BRF:1
BRH:1
end_of_record
TN:
SF:src\containers\AllCards.tsx
FN:1,(anonymous_0)
FN:20,(anonymous_1)
FN:25,(anonymous_2)
FN:26,(anonymous_3)
FNF:4
FNH:3
FNDA:176,(anonymous_0)
FNDA:18,(anonymous_1)
FNDA:180,(anonymous_2)
FNDA:0,(anonymous_3)
DA:1,704
DA:6,88
DA:14,88
DA:20,88
DA:21,18
DA:23,18
DA:26,180
DA:30,88
DA:31,176
LF:9
LH:9
BRDA:1,0,0,88
BRF:1
BRH:1
end_of_record
TN:
SF:src\containers\AllNewCards.tsx
FN:1,(anonymous_0)
FN:18,(anonymous_1)
FN:22,(anonymous_2)
FNF:3
FNH:2
FNDA:176,(anonymous_0)
FNDA:8,(anonymous_1)
FNDA:0,(anonymous_2)
DA:1,704
DA:5,88
DA:13,88
DA:18,88
DA:19,8
DA:20,8
DA:23,0
DA:27,88
DA:28,176
LF:9
LH:8
BRDA:1,0,0,88
BRF:1
BRH:1
end_of_record
TN:
SF:src\containers\Footer.tsx
FN:1,(anonymous_0)
FN:25,(anonymous_1)
FNF:2
FNH:2
FNDA:176,(anonymous_0)
FNDA:176,(anonymous_1)
DA:1,704
DA:3,88
DA:23,88
DA:25,88
DA:26,176
DA:37,88
DA:39,176
LF:7
LH:7
BRDA:1,0,0,88
BRF:1
BRH:1
end_of_record
TN:
SF:src\containers\Header.tsx
FN:1,(anonymous_0)
FN:16,(anonymous_1)
FNF:2
FNH:2
FNDA:176,(anonymous_0)
FNDA:176,(anonymous_1)
DA:1,704
DA:4,88
DA:14,88
DA:16,88
DA:17,176
DA:26,88
DA:28,176
LF:7
LH:7
BRDA:1,0,0,88
BRF:1
BRH:1
end_of_record
TN:
SF:src\data\HPResponse.models.ts
FNF:0
FNH:0
LF:0
LH:0
BRF:0
BRH:0
end_of_record
TN:
SF:src\pages\AboutPage.tsx
FN:1,(anonymous_0)
FN:3,(anonymous_1)
FNF:2
FNH:2
FNDA:88,(anonymous_0)
FNDA:28,(anonymous_1)
DA:1,616
DA:3,88
DA:4,28
DA:10,88
DA:12,88
LF:5
LH:5
BRDA:1,0,0,88
BRF:1
BRH:1
end_of_record
TN:
SF:src\pages\ErrorPage.tsx
FN:1,(anonymous_0)
FN:4,(anonymous_1)
FNF:2
FNH:2
FNDA:88,(anonymous_0)
FNDA:2,(anonymous_1)
DA:1,616
DA:4,88
DA:5,2
DA:25,88
DA:27,88
LF:5
LH:5
BRDA:1,0,0,88
BRF:1
BRH:1
end_of_record
TN:
SF:src\pages\ErrorPageStyle.ts
FNF:0
FNH:0
DA:3,88
LF:1
LH:1
BRF:0
BRH:0
end_of_record
TN:
SF:src\pages\FormPage.tsx
FN:31,(anonymous_1)
FN:35,(anonymous_2)
FN:38,(anonymous_3)
FN:31,(anonymous_4)
FNF:4
FNH:2
FNDA:8,(anonymous_1)
FNDA:0,(anonymous_2)
FNDA:0,(anonymous_3)
FNDA:4,(anonymous_4)
DA:11,88
DA:29,88
DA:31,88
DA:32,8
DA:33,8
DA:34,88
DA:35,8
DA:36,0
DA:37,0
DA:38,0
DA:39,0
DA:42,8
DA:52,88
DA:54,176
LF:14
LH:10
BRDA:47,0,0,8
BRDA:47,0,1,0
BRF:2
BRH:1
end_of_record
TN:
SF:src\pages\HomePage.tsx
FN:13,(anonymous_1)
FN:20,(anonymous_2)
FN:24,(anonymous_3)
FN:25,(anonymous_4)
FN:32,(anonymous_5)
FN:13,(anonymous_6)
FNF:6
FNH:3
FNDA:466,(anonymous_1)
FNDA:4,(anonymous_2)
FNDA:0,(anonymous_3)
FNDA:0,(anonymous_4)
FNDA:0,(anonymous_5)
FNDA:87,(anonymous_6)
DA:13,466
DA:14,466
DA:15,466
DA:16,466
DA:17,466
DA:18,466
DA:20,466
DA:21,4
DA:22,4
DA:24,466
DA:25,0
DA:26,0
DA:27,0
DA:28,0
DA:32,466
DA:33,0
DA:34,0
DA:37,466
DA:58,88
DA:59,88
LF:20
LH:14
BRDA:27,0,0,0
BRDA:42,1,0,0
BRDA:42,1,1,466
BRDA:48,2,0,434
BRDA:48,2,1,32
BRDA:50,3,0,14
BRDA:50,3,1,18
BRDA:50,4,0,32
BRDA:50,4,1,18
BRDA:53,5,0,18
BRDA:53,5,1,18
BRDA:55,6,0,466
BRDA:55,6,1,0
BRDA:55,6,2,0
BRF:14
BRH:10
end_of_record
TN:
SF:src\redux\hooks.ts
FNF:0
FNH:0
DA:4,88
DA:5,88
LF:2
LH:2
BRF:0
BRH:0
end_of_record
TN:
SF:src\redux\newItemsSlice.ts
FN:17,(anonymous_0)
FN:25,(anonymous_1)
FNF:2
FNH:1
FNDA:0,(anonymous_0)
FNDA:12,(anonymous_1)
DA:9,88
DA:13,88
DA:18,0
DA:23,88
DA:25,88
LF:5
LH:4
BRF:0
BRH:0
end_of_record
TN:
SF:src\redux\searchStrSlice.ts
FN:16,(anonymous_0)
FN:24,(anonymous_1)
FNF:2
FNH:2
FNDA:36,(anonymous_0)
FNDA:2012,(anonymous_1)
DA:8,88
DA:12,88
DA:17,36
DA:22,88
DA:24,2012
LF:5
LH:5
BRF:0
BRH:0
end_of_record
TN:
SF:src\redux\store.ts
FN:12,setupStore
FN:16,(anonymous_1)
FNF:2
FNH:2
FNDA:88,setupStore
FNDA:88,(anonymous_1)
DA:6,88
DA:13,88
DA:16,88
LF:3
LH:3
BRF:0
BRH:0
end_of_record
TN:
SF:src\utils\animeApi.ts
FN:8,(anonymous_0)
FN:10,(anonymous_1)
FN:14,(anonymous_2)
FNF:3
FNH:3
FNDA:88,(anonymous_0)
FNDA:90,(anonymous_1)
FNDA:13,(anonymous_2)
DA:5,88
DA:8,88
DA:10,90
DA:15,13
DA:21,88
LF:5
LH:5
BRDA:12,0,0,90
BRDA:12,0,1,86
BRF:2
BRH:2
end_of_record
TN:
SF:src\utils\functions.ts
FN:1,pass_gen
FN:11,getBase64
FN:12,(anonymous_2)
FN:16,(anonymous_3)
FN:17,(anonymous_4)
FNF:5
FNH:0
FNDA:0,pass_gen
FNDA:0,getBase64
FNDA:0,(anonymous_2)
FNDA:0,(anonymous_3)
FNDA:0,(anonymous_4)
DA:2,0
DA:3,0
DA:4,0
DA:5,0
DA:6,0
DA:8,0
DA:12,0
DA:13,0
DA:15,0
DA:16,0
DA:17,0
LF:11
LH:0
BRF:0
BRH:0
end_of_record
TN:
SF:src\utils\validation.ts
FN:1,(anonymous_0)
FN:8,(anonymous_1)
FNF:2
FNH:0
FNDA:0,(anonymous_0)
FNDA:0,(anonymous_1)
DA:1,88
DA:2,0
DA:8,88
DA:9,0
DA:10,0
LF:5
LH:2
BRDA:3,0,0,0
BRDA:3,0,1,0
BRDA:10,1,0,0
BRDA:10,1,1,0
BRF:4
BRH:0
end_of_record
